============================================================
  Generated by:           Genus(TM) Synthesis Solution 19.12-s121_1
  Generated on:           Mar 12 2023  11:53:17 pm
  Module:                 ExampleRocketSystem
  Operating conditions:   ss0p75v125c 
  Interconnect mode:      spatial
  Area mode:              physical library
============================================================


Path 1: MET (572 ps) Setup Check with Pin fbus/coupler_from_port_named_slave_port_axi4/axi4frag/_T_257_reg_8_/CLK->D
          Group: INPUTS
     Startpoint: (F) l2_frontend_bus_axi4_0_aw_bits_size[2]
          Clock: (R) clock
       Endpoint: (R) fbus/coupler_from_port_named_slave_port_axi4/axi4frag/_T_257_reg_8_/D
          Clock: (R) clock

                     Capture       Launch     
        Clock Edge:+    3500            0     
        Drv Adjust:+       0            0     
       Src Latency:+     900          900     
       Net Latency:+       0 (I)        0 (I) 
           Arrival:=    4400          900     
                                              
             Setup:-      44                  
       Uncertainty:-     160                  
     Required Time:=    4196                  
      Launch Clock:-     900                  
       Input Delay:-       2                  
         Data Path:-    2723                  
             Slack:=     572                  

Exceptions/Constraints:
  input_delay              2              in_del_261_1 

#----------------------------------------------------------------------------------------------------------------------
# Delay Arrival Trans Fanout Load    Cell                                   Timing Point                               
#  (ps)   (ps)   (ps)        (fF)                                                                                      
#----------------------------------------------------------------------------------------------------------------------
      0     902     0      2  8.4  (arrival)   l2_frontend_bus_axi4_0_aw_bits_size[2]                                  
     88     990    59      7 10.8  AO22X1_RVT  fbus/coupler_from_port_named_slave_port_axi4/axi4frag/Queue_1/g1920/Y   
     60    1050    59     16 19.1  INVX2_RVT   fbus/coupler_from_port_named_slave_port_axi4/axi4frag/fplcgopbuf_st62/Y 
     59    1109    66     19 21.0  INVX2_RVT   fbus/coupler_from_port_named_slave_port_axi4/axi4frag/fplcgopbuf_st61/Y 
     95    1204    41      3  3.2  OR2X1_LVT   fbus/coupler_from_port_named_slave_port_axi4/axi4frag/g12249/Y          
     70    1274    30      3  4.7  OR2X1_RVT   fbus/coupler_from_port_named_slave_port_axi4/axi4frag/g12142/Y          
     93    1367    39      2  1.9  OR3X1_LVT   fbus/coupler_from_port_named_slave_port_axi4/axi4frag/g12091/Y          
     69    1436    36      3  2.6  OR2X1_LVT   fbus/coupler_from_port_named_slave_port_axi4/axi4frag/g12083/Y          
     68    1505    35      2  2.2  OR2X1_LVT   fbus/coupler_from_port_named_slave_port_axi4/axi4frag/g12054/Y          
     44    1549    44      7  7.5  INVX1_RVT   fbus/coupler_from_port_named_slave_port_axi4/axi4frag/g10626/Y          
    129    1678    45      1  0.7  AO222X1_RVT fbus/coupler_from_port_named_slave_port_axi4/axi42tl/g14023/Y           
     58    1735    36      2  2.6  AO21X1_RVT  fbus/coupler_from_port_named_slave_port_axi4/axi42tl/g13999/Y           
     18    1754    24      1  0.7  INVX1_LVT   fbus/coupler_from_port_named_slave_port_axi4/axi42tl/g13980/Y           
     72    1826    37      3  3.2  OA21X1_RVT  fbus/coupler_from_port_named_slave_port_axi4/axi42tl/g13870/Y           
     31    1857    26      1  0.7  INVX1_LVT   fbus/coupler_from_port_named_slave_port_axi4/axi42tl/g13860/Y           
     64    1920    28      1  0.8  OA21X1_RVT  fbus/coupler_from_port_named_slave_port_axi4/axi42tl/g13835/Y           
     34    1955    37      1  1.0  NAND2X0_RVT fbus/coupler_from_port_named_slave_port_axi4/axi42tl/g13819/Y           
     88    2042    49      4  9.0  OR3X1_LVT   fbus/coupler_from_port_named_slave_port_axi4/axi42tl/g13810/Y           
     83    2125    40      2  1.8  OR3X1_LVT   fbus/coupler_from_port_named_slave_port_axi4/axi42tl/g13796/Y           
     25    2151    25      1  0.9  INVX1_RVT   fbus/coupler_from_port_named_slave_port_axi4/axi42tl/g13795/Y           
     68    2219    32      2  1.7  OA21X1_RVT  fbus/coupler_from_port_named_slave_port_axi4/axi42tl/g13786/Y           
    132    2351    86     27 23.2  OA21X2_RVT  fbus/coupler_from_port_named_slave_port_axi4/axi42tl/g13773/Y           
    119    2470    58      6 22.9  AO22X1_RVT  fbus/coupler_from_port_named_slave_port_axi4/axi42tl/g13751/Y           
     91    2561    26      2  2.2  AOI21X1_RVT fbus/coupler_from_port_named_slave_port_axi4/fixer/g7505/Y              
     78    2639    42      2  2.4  OR3X1_LVT   fbus/coupler_from_port_named_slave_port_axi4/fixer/g7500/Y              
    104    2742    62      7 22.0  HADDX1_LVT  fbus/coupler_from_port_named_slave_port_axi4/fixer/g1/C1                
    102    2845    44      3  4.3  HADDX1_LVT  fbus/coupler_from_port_named_slave_port_axi4/axi42tl/g1/C1              
     35    2880    30      1  1.0  INVX1_LVT   fbus/coupler_from_port_named_slave_port_axi4/axi4frag/g16713/Y          
     67    2946    43      3  3.3  OR2X1_LVT   fbus/coupler_from_port_named_slave_port_axi4/axi4frag/g16672/Y          
     71    3017    44      3  2.9  OR2X1_LVT   fbus/coupler_from_port_named_slave_port_axi4/axi4frag/g16625/Y          
     66    3083    35      3  2.8  OR2X1_RVT   fbus/coupler_from_port_named_slave_port_axi4/axi4frag/g16507/Y          
     67    3150    42      3  2.8  OR2X1_LVT   fbus/coupler_from_port_named_slave_port_axi4/axi4frag/g16397/Y          
     71    3222    45      3  3.7  OR2X1_LVT   fbus/coupler_from_port_named_slave_port_axi4/axi4frag/g16344/Y          
     85    3306    29      2  1.7  NOR2X0_LVT  fbus/coupler_from_port_named_slave_port_axi4/axi4frag/g16334/Y          
     33    3340    30      2  1.6  INVX1_LVT   fbus/coupler_from_port_named_slave_port_axi4/axi4frag/g16326/Y          
     67    3407    45      3  3.0  OR2X1_LVT   fbus/coupler_from_port_named_slave_port_axi4/axi4frag/g16325/Y          
     87    3494    32      2  2.2  NOR2X0_LVT  fbus/coupler_from_port_named_slave_port_axi4/axi4frag/g16316/Y          
     81    3575    35      1  0.8  MUX21X1_RVT fbus/coupler_from_port_named_slave_port_axi4/axi4frag/g16306/Y          
     49    3624    22      1  0.8  AND2X1_RVT  fbus/coupler_from_port_named_slave_port_axi4/axi4frag/g16303/Y          
      0    3624     -      1    -  DFFX1_RVT   fbus/coupler_from_port_named_slave_port_axi4/axi4frag/_T_257_reg_8_/D   
#----------------------------------------------------------------------------------------------------------------------

(#) : Net either has Non-default Routes or has been promoted to higher metal layers.

