============================================================
  Generated by:           Genus(TM) Synthesis Solution 19.12-s121_1
  Generated on:           Mar 12 2023  11:56:23 pm
  Module:                 ExampleRocketSystem
  Operating conditions:   ss0p75v125c 
  Interconnect mode:      spatial
  Area mode:              physical library
============================================================


Path 1: MET (1629 ps) Late External Delay Assertion at pin mem_axi4_0_b_ready
          Group: OUTPUTS
     Startpoint: (R) sbus/coupler_to_port_named_mmio_port_axi4/axi4deint/Queue/value_1_reg_0_/CLK
          Clock: (R) clock
       Endpoint: (R) mem_axi4_0_b_ready
          Clock: (R) clock

                     Capture       Launch     
        Clock Edge:+    3500            0     
       Src Latency:+     900          900     
       Net Latency:+       0 (I)        0 (I) 
           Arrival:=    4400          900     
                                              
      Output Delay:-       2                  
       Uncertainty:-     160                  
     Required Time:=    4238                  
      Launch Clock:-     900                  
         Data Path:-    1709                  
             Slack:=    1629                  

Exceptions/Constraints:
  output_delay              2              ou_del_593_1 

#----------------------------------------------------------------------------------------------------------------------------
# Delay Arrival Trans Fanout  Load    Cell                                     Timing Point                                  
#  (ps)   (ps)   (ps)         (fF)                                                                                           
#----------------------------------------------------------------------------------------------------------------------------
      -     900   130  25082     -  (arrival)   sbus/coupler_to_port_named_mmio_port_axi4/axi4deint/Queue/value_1_reg_0_/CLK 
    248    1148    72      6   6.1  SDFFX1_LVT  sbus/coupler_to_port_named_mmio_port_axi4/axi4deint/Queue/value_1_reg_0_/Q   
     70    1218    33      2   2.0  OR2X1_RVT   sbus/coupler_to_port_named_mmio_port_axi4/axi4deint/Queue/g9824/Y            
    142    1360    80     51 128.9  NOR2X4_RVT  sbus/coupler_to_port_named_mmio_port_axi4/axi4deint/Queue/g9769/Y            
     58    1418    50      1  25.9  INVX0_RVT   sbus/coupler_to_port_named_mmio_port_axi4/axi4deint/Queue/plcgopbuf_st9937/Y 
     80    1498    85     29  74.3  INVX2_LVT   sbus/coupler_to_port_named_mmio_port_axi4/axi4deint/Queue/plcgopbuf_st9951/Y 
    130    1628    32      1   1.1  AO221X1_RVT sbus/coupler_to_port_named_mmio_port_axi4/axi4deint/Queue/g9440/Y            
     69    1696    33      1   1.7  OR3X1_LVT   sbus/coupler_to_port_named_mmio_port_axi4/axi4deint/Queue/g9361/Y            
     98    1794    32      1  15.6  AO221X1_RVT sbus/coupler_to_port_named_mmio_port_axi4/axi4deint/g8660/Y                  
     97    1891    46      2   5.0  MUX21X1_RVT sbus/coupler_to_port_named_mmio_port_axi4/tl2axi4/g3616/Y                    
     39    1929    35      3   2.2  INVX1_RVT   sbus/system_bus_xbar/g25415/Y                                                
     76    2005    46      2   2.5  OR3X1_LVT   sbus/system_bus_xbar/g24989/Y                                                
     76    2081    41      2   2.3  OR3X1_LVT   sbus/system_bus_xbar/g20423/Y                                                
     51    2132    58      2   2.0  NAND2X0_RVT sbus/system_bus_xbar/g25217/Y                                                
     29    2161    31      1   0.8  INVX1_RVT   sbus/system_bus_xbar/g25216/Y                                                
     82    2243    35      1   0.9  MUX21X1_RVT sbus/system_bus_xbar/g25214/Y                                                
     34    2277    43      1   1.2  NAND2X0_RVT sbus/system_bus_xbar/g25213/Y                                                
    105    2382    37      5   8.7  OAI22X1_RVT sbus/system_bus_xbar/g25438/Y                                                
     45    2428    50      2   2.3  NAND2X0_LVT bh/g14254/Y                                                                  
    108    2535   129      6  32.2  NAND2X0_LVT bh/g21093/Y                                                                  
     68    2603    33      2  16.1  AND2X1_RVT  mbus/coupler_to_memory_controller_named_axi4/tl2axi4/g1548/Y                 
      6    2609     -      -     -  (port)      mem_axi4_0_b_ready                                                           
#----------------------------------------------------------------------------------------------------------------------------

