============================================================
  Generated by:           Genus(TM) Synthesis Solution 19.12-s121_1
  Generated on:           Mar 12 2023  11:51:10 pm
  Module:                 ExampleRocketSystem
  Technology libraries:   saed32lvt_ss0p75v125c 1.0000000
                          saed32lvt_ss0p95v125c 1.0000000
                          saed32io_wb_ss0p95v125c_2p25v 
                          saed32sram_ss0p95v125c 1.0000000
                          saed32pll_ss0p95v125c_2p25v 
                          saed32rvt_ss0p95v125c 1.0000000
                          physical_cells 
  Operating conditions:   ss0p75v125c 
  Interconnect mode:      spatial
  Area mode:              physical library
============================================================

Timing
--------

Clock Period 
-------------
clock 3500.0 


  Cost    Critical         Violating 
 Group   Path Slack  TNS     Paths   
-------------------------------------
clock           3.3   0.0          0 
default    No paths   0.0            
INPUTS        571.6   0.0          0 
OUTPUTS      1574.6   0.0          0 
-------------------------------------
Total                 0.0          0 

Instance Count
--------------
Leaf Instance Count             111783 
Physical Instance count              0 
Sequential Instance Count        25916 
Combinational Instance Count     85867 
Hierarchical Instance Count        470 

Area
----
Cell Area                          1415473.610
Physical Cell Area                 0.000
Total Cell Area (Cell+Physical)    1415473.610
Net Area                           222591.658
Total Area (Cell+Physical+Net)     1638065.268

Floorplan Utilization              26.14%
Max Fanout                         25082 (clock)
Min Fanout                         0 (bh_auto_in_c_bits_param_2_)
Average Fanout                     3.1
Terms to net ratio                 4.3462
Terms to instance ratio            4.5543
Runtime                            4801.759788 seconds
Elapsed Runtime                    3842 seconds
Genus peak memory usage            3836.97 
Innovus peak memory usage          no_value 
Hostname                           auto.ece.pdx.edu

Physical Data
-------------
Total Net Length                   3974851.04 um
Average Net Length                 34.00 um
