============================================================
  Generated by:           Genus(TM) Synthesis Solution 19.12-s121_1
  Generated on:           Mar 12 2023  05:43:43 pm
  Module:                 ExampleRocketSystem
  Operating conditions:   ss0p75v125c 
  Interconnect mode:      spatial
  Area mode:              physical library
============================================================

-------------------------------------------------------------------------------
Sequential clock pins without clock waveform

The following sequential clock pins have no clock waveform driving them.  No    
timing constraints will be derived for paths leading to or from these pins.     

pin:ExampleRocketSystem/debug_1/dmOuter/AsyncQueueSource/AsyncValidSync/source_valid/sync_0/reg_0/q_reg/CLK
pin:ExampleRocketSystem/debug_1/dmOuter/AsyncQueueSource/AsyncValidSync/source_valid/sync_1/reg_0/q_reg/CLK
pin:ExampleRocketSystem/debug_1/dmOuter/AsyncQueueSource/AsyncValidSync/source_valid/sync_2/reg_0/q_reg/CLK
pin:ExampleRocketSystem/debug_1/dmOuter/AsyncQueueSource/AsyncValidSync/source_valid/sync_3/reg_0/q_reg/CLK
pin:ExampleRocketSystem/debug_1/dmOuter/AsyncQueueSource/AsyncValidSync_1/sink_extend/sync_0/reg_0/q_reg/CLK
pin:ExampleRocketSystem/debug_1/dmOuter/AsyncQueueSource/AsyncValidSync_2/sink_valid/sync_0/reg_0/q_reg/CLK
pin:ExampleRocketSystem/debug_1/dmOuter/AsyncQueueSource/AsyncValidSync_2/sink_valid/sync_1/reg_0/q_reg/CLK
pin:ExampleRocketSystem/debug_1/dmOuter/AsyncQueueSource/AsyncValidSync_2/sink_valid/sync_2/reg_0/q_reg/CLK
pin:ExampleRocketSystem/debug_1/dmOuter/AsyncQueueSource/mem_0_ackhavereset_reg/CLK
pin:ExampleRocketSystem/debug_1/dmOuter/AsyncQueueSource/mem_0_hartsel_reg_0_/CLK
pin:ExampleRocketSystem/debug_1/dmOuter/AsyncQueueSource/mem_0_hartsel_reg_1_/CLK
pin:ExampleRocketSystem/debug_1/dmOuter/AsyncQueueSource/mem_0_hartsel_reg_2_/CLK
pin:ExampleRocketSystem/debug_1/dmOuter/AsyncQueueSource/mem_0_hartsel_reg_3_/CLK
pin:ExampleRocketSystem/debug_1/dmOuter/AsyncQueueSource/mem_0_hartsel_reg_4_/CLK
pin:ExampleRocketSystem/debug_1/dmOuter/AsyncQueueSource/mem_0_hartsel_reg_5_/CLK
pin:ExampleRocketSystem/debug_1/dmOuter/AsyncQueueSource/mem_0_hartsel_reg_6_/CLK
pin:ExampleRocketSystem/debug_1/dmOuter/AsyncQueueSource/mem_0_hartsel_reg_7_/CLK
pin:ExampleRocketSystem/debug_1/dmOuter/AsyncQueueSource/mem_0_hartsel_reg_8_/CLK
pin:ExampleRocketSystem/debug_1/dmOuter/AsyncQueueSource/mem_0_hartsel_reg_9_/CLK
pin:ExampleRocketSystem/debug_1/dmOuter/AsyncQueueSource/mem_0_resumereq_reg/CLK
pin:ExampleRocketSystem/debug_1/dmOuter/AsyncQueueSource/ready_reg/reg_0/q_reg/CLK
pin:ExampleRocketSystem/debug_1/dmOuter/AsyncQueueSource/ridx_gray/sync_0/reg_0/q_reg/CLK
pin:ExampleRocketSystem/debug_1/dmOuter/AsyncQueueSource/ridx_gray/sync_1/reg_0/q_reg/CLK
pin:ExampleRocketSystem/debug_1/dmOuter/AsyncQueueSource/ridx_gray/sync_2/reg_0/q_reg/CLK
pin:ExampleRocketSystem/debug_1/dmOuter/AsyncQueueSource/widx_bin/reg_0/q_reg/CLK
pin:ExampleRocketSystem/debug_1/dmOuter/AsyncQueueSource/widx_gray/reg_0/q_reg/CLK
pin:ExampleRocketSystem/debug_1/dmOuter/asource/AsyncQueueSink/AsyncValidSync/source_valid/sync_0/reg_0/q_reg/CLK
pin:ExampleRocketSystem/debug_1/dmOuter/asource/AsyncQueueSink/AsyncValidSync/source_valid/sync_1/reg_0/q_reg/CLK
pin:ExampleRocketSystem/debug_1/dmOuter/asource/AsyncQueueSink/AsyncValidSync/source_valid/sync_2/reg_0/q_reg/CLK
pin:ExampleRocketSystem/debug_1/dmOuter/asource/AsyncQueueSink/AsyncValidSync/source_valid/sync_3/reg_0/q_reg/CLK
pin:ExampleRocketSystem/debug_1/dmOuter/asource/AsyncQueueSink/AsyncValidSync_1/sink_extend/sync_0/reg_0/q_reg/CLK
pin:ExampleRocketSystem/debug_1/dmOuter/asource/AsyncQueueSink/AsyncValidSync_2/sink_valid/sync_0/reg_0/q_reg/CLK
pin:ExampleRocketSystem/debug_1/dmOuter/asource/AsyncQueueSink/AsyncValidSync_2/sink_valid/sync_1/reg_0/q_reg/CLK
pin:ExampleRocketSystem/debug_1/dmOuter/asource/AsyncQueueSink/AsyncValidSync_2/sink_valid/sync_2/reg_0/q_reg/CLK
pin:ExampleRocketSystem/debug_1/dmOuter/asource/AsyncQueueSink/deq_bits_reg/sync_0_reg_0_/CLK
pin:ExampleRocketSystem/debug_1/dmOuter/asource/AsyncQueueSink/deq_bits_reg/sync_0_reg_10_/CLK
pin:ExampleRocketSystem/debug_1/dmOuter/asource/AsyncQueueSink/deq_bits_reg/sync_0_reg_11_/CLK
pin:ExampleRocketSystem/debug_1/dmOuter/asource/AsyncQueueSink/deq_bits_reg/sync_0_reg_12_/CLK
pin:ExampleRocketSystem/debug_1/dmOuter/asource/AsyncQueueSink/deq_bits_reg/sync_0_reg_13_/CLK
pin:ExampleRocketSystem/debug_1/dmOuter/asource/AsyncQueueSink/deq_bits_reg/sync_0_reg_14_/CLK
pin:ExampleRocketSystem/debug_1/dmOuter/asource/AsyncQueueSink/deq_bits_reg/sync_0_reg_15_/CLK
pin:ExampleRocketSystem/debug_1/dmOuter/asource/AsyncQueueSink/deq_bits_reg/sync_0_reg_16_/CLK
pin:ExampleRocketSystem/debug_1/dmOuter/asource/AsyncQueueSink/deq_bits_reg/sync_0_reg_17_/CLK
pin:ExampleRocketSystem/debug_1/dmOuter/asource/AsyncQueueSink/deq_bits_reg/sync_0_reg_18_/CLK
pin:ExampleRocketSystem/debug_1/dmOuter/asource/AsyncQueueSink/deq_bits_reg/sync_0_reg_19_/CLK
pin:ExampleRocketSystem/debug_1/dmOuter/asource/AsyncQueueSink/deq_bits_reg/sync_0_reg_1_/CLK
pin:ExampleRocketSystem/debug_1/dmOuter/asource/AsyncQueueSink/deq_bits_reg/sync_0_reg_20_/CLK
pin:ExampleRocketSystem/debug_1/dmOuter/asource/AsyncQueueSink/deq_bits_reg/sync_0_reg_21_/CLK
pin:ExampleRocketSystem/debug_1/dmOuter/asource/AsyncQueueSink/deq_bits_reg/sync_0_reg_22_/CLK
pin:ExampleRocketSystem/debug_1/dmOuter/asource/AsyncQueueSink/deq_bits_reg/sync_0_reg_23_/CLK
pin:ExampleRocketSystem/debug_1/dmOuter/asource/AsyncQueueSink/deq_bits_reg/sync_0_reg_24_/CLK
pin:ExampleRocketSystem/debug_1/dmOuter/asource/AsyncQueueSink/deq_bits_reg/sync_0_reg_25_/CLK
pin:ExampleRocketSystem/debug_1/dmOuter/asource/AsyncQueueSink/deq_bits_reg/sync_0_reg_26_/CLK
pin:ExampleRocketSystem/debug_1/dmOuter/asource/AsyncQueueSink/deq_bits_reg/sync_0_reg_27_/CLK
pin:ExampleRocketSystem/debug_1/dmOuter/asource/AsyncQueueSink/deq_bits_reg/sync_0_reg_28_/CLK
pin:ExampleRocketSystem/debug_1/dmOuter/asource/AsyncQueueSink/deq_bits_reg/sync_0_reg_29_/CLK
pin:ExampleRocketSystem/debug_1/dmOuter/asource/AsyncQueueSink/deq_bits_reg/sync_0_reg_2_/CLK
pin:ExampleRocketSystem/debug_1/dmOuter/asource/AsyncQueueSink/deq_bits_reg/sync_0_reg_30_/CLK
pin:ExampleRocketSystem/debug_1/dmOuter/asource/AsyncQueueSink/deq_bits_reg/sync_0_reg_31_/CLK
pin:ExampleRocketSystem/debug_1/dmOuter/asource/AsyncQueueSink/deq_bits_reg/sync_0_reg_32_/CLK
pin:ExampleRocketSystem/debug_1/dmOuter/asource/AsyncQueueSink/deq_bits_reg/sync_0_reg_33_/CLK
pin:ExampleRocketSystem/debug_1/dmOuter/asource/AsyncQueueSink/deq_bits_reg/sync_0_reg_3_/CLK
pin:ExampleRocketSystem/debug_1/dmOuter/asource/AsyncQueueSink/deq_bits_reg/sync_0_reg_4_/CLK
pin:ExampleRocketSystem/debug_1/dmOuter/asource/AsyncQueueSink/deq_bits_reg/sync_0_reg_5_/CLK
pin:ExampleRocketSystem/debug_1/dmOuter/asource/AsyncQueueSink/deq_bits_reg/sync_0_reg_6_/CLK
pin:ExampleRocketSystem/debug_1/dmOuter/asource/AsyncQueueSink/deq_bits_reg/sync_0_reg_7_/CLK
pin:ExampleRocketSystem/debug_1/dmOuter/asource/AsyncQueueSink/deq_bits_reg/sync_0_reg_8_/CLK
pin:ExampleRocketSystem/debug_1/dmOuter/asource/AsyncQueueSink/deq_bits_reg/sync_0_reg_9_/CLK
pin:ExampleRocketSystem/debug_1/dmOuter/asource/AsyncQueueSink/ridx_bin/reg_0/q_reg/CLK
pin:ExampleRocketSystem/debug_1/dmOuter/asource/AsyncQueueSink/ridx_gray/reg_0/q_reg/CLK
pin:ExampleRocketSystem/debug_1/dmOuter/asource/AsyncQueueSink/valid_reg/reg_0/q_reg/CLK
pin:ExampleRocketSystem/debug_1/dmOuter/asource/AsyncQueueSink/widx_gray/sync_0/reg_0/q_reg/CLK
pin:ExampleRocketSystem/debug_1/dmOuter/asource/AsyncQueueSink/widx_gray/sync_1/reg_0/q_reg/CLK
pin:ExampleRocketSystem/debug_1/dmOuter/asource/AsyncQueueSink/widx_gray/sync_2/reg_0/q_reg/CLK
pin:ExampleRocketSystem/debug_1/dmOuter/asource/AsyncQueueSource/AsyncValidSync/source_valid/sync_0/reg_0/q_reg/CLK
pin:ExampleRocketSystem/debug_1/dmOuter/asource/AsyncQueueSource/AsyncValidSync/source_valid/sync_1/reg_0/q_reg/CLK
pin:ExampleRocketSystem/debug_1/dmOuter/asource/AsyncQueueSource/AsyncValidSync/source_valid/sync_2/reg_0/q_reg/CLK
pin:ExampleRocketSystem/debug_1/dmOuter/asource/AsyncQueueSource/AsyncValidSync/source_valid/sync_3/reg_0/q_reg/CLK
pin:ExampleRocketSystem/debug_1/dmOuter/asource/AsyncQueueSource/AsyncValidSync_1/sink_extend/sync_0/reg_0/q_reg/CLK
pin:ExampleRocketSystem/debug_1/dmOuter/asource/AsyncQueueSource/AsyncValidSync_2/sink_valid/sync_0/reg_0/q_reg/CLK
pin:ExampleRocketSystem/debug_1/dmOuter/asource/AsyncQueueSource/AsyncValidSync_2/sink_valid/sync_1/reg_0/q_reg/CLK
pin:ExampleRocketSystem/debug_1/dmOuter/asource/AsyncQueueSource/AsyncValidSync_2/sink_valid/sync_2/reg_0/q_reg/CLK
pin:ExampleRocketSystem/debug_1/dmOuter/asource/AsyncQueueSource/mem_0_address_reg_2_/CLK
pin:ExampleRocketSystem/debug_1/dmOuter/asource/AsyncQueueSource/mem_0_address_reg_3_/CLK
pin:ExampleRocketSystem/debug_1/dmOuter/asource/AsyncQueueSource/mem_0_address_reg_4_/CLK
pin:ExampleRocketSystem/debug_1/dmOuter/asource/AsyncQueueSource/mem_0_address_reg_5_/CLK
pin:ExampleRocketSystem/debug_1/dmOuter/asource/AsyncQueueSource/mem_0_address_reg_6_/CLK
pin:ExampleRocketSystem/debug_1/dmOuter/asource/AsyncQueueSource/mem_0_address_reg_7_/CLK
pin:ExampleRocketSystem/debug_1/dmOuter/asource/AsyncQueueSource/mem_0_address_reg_8_/CLK
pin:ExampleRocketSystem/debug_1/dmOuter/asource/AsyncQueueSource/mem_0_data_reg_0_/CLK
pin:ExampleRocketSystem/debug_1/dmOuter/asource/AsyncQueueSource/mem_0_data_reg_10_/CLK
pin:ExampleRocketSystem/debug_1/dmOuter/asource/AsyncQueueSource/mem_0_data_reg_11_/CLK
pin:ExampleRocketSystem/debug_1/dmOuter/asource/AsyncQueueSource/mem_0_data_reg_12_/CLK
pin:ExampleRocketSystem/debug_1/dmOuter/asource/AsyncQueueSource/mem_0_data_reg_13_/CLK
pin:ExampleRocketSystem/debug_1/dmOuter/asource/AsyncQueueSource/mem_0_data_reg_14_/CLK
pin:ExampleRocketSystem/debug_1/dmOuter/asource/AsyncQueueSource/mem_0_data_reg_15_/CLK
pin:ExampleRocketSystem/debug_1/dmOuter/asource/AsyncQueueSource/mem_0_data_reg_16_/CLK
pin:ExampleRocketSystem/debug_1/dmOuter/asource/AsyncQueueSource/mem_0_data_reg_17_/CLK
pin:ExampleRocketSystem/debug_1/dmOuter/asource/AsyncQueueSource/mem_0_data_reg_18_/CLK
pin:ExampleRocketSystem/debug_1/dmOuter/asource/AsyncQueueSource/mem_0_data_reg_19_/CLK
pin:ExampleRocketSystem/debug_1/dmOuter/asource/AsyncQueueSource/mem_0_data_reg_1_/CLK
pin:ExampleRocketSystem/debug_1/dmOuter/asource/AsyncQueueSource/mem_0_data_reg_20_/CLK
pin:ExampleRocketSystem/debug_1/dmOuter/asource/AsyncQueueSource/mem_0_data_reg_21_/CLK
pin:ExampleRocketSystem/debug_1/dmOuter/asource/AsyncQueueSource/mem_0_data_reg_22_/CLK
pin:ExampleRocketSystem/debug_1/dmOuter/asource/AsyncQueueSource/mem_0_data_reg_23_/CLK
pin:ExampleRocketSystem/debug_1/dmOuter/asource/AsyncQueueSource/mem_0_data_reg_24_/CLK
pin:ExampleRocketSystem/debug_1/dmOuter/asource/AsyncQueueSource/mem_0_data_reg_25_/CLK
pin:ExampleRocketSystem/debug_1/dmOuter/asource/AsyncQueueSource/mem_0_data_reg_26_/CLK
pin:ExampleRocketSystem/debug_1/dmOuter/asource/AsyncQueueSource/mem_0_data_reg_27_/CLK
pin:ExampleRocketSystem/debug_1/dmOuter/asource/AsyncQueueSource/mem_0_data_reg_28_/CLK
pin:ExampleRocketSystem/debug_1/dmOuter/asource/AsyncQueueSource/mem_0_data_reg_29_/CLK
pin:ExampleRocketSystem/debug_1/dmOuter/asource/AsyncQueueSource/mem_0_data_reg_2_/CLK
pin:ExampleRocketSystem/debug_1/dmOuter/asource/AsyncQueueSource/mem_0_data_reg_30_/CLK
pin:ExampleRocketSystem/debug_1/dmOuter/asource/AsyncQueueSource/mem_0_data_reg_31_/CLK
pin:ExampleRocketSystem/debug_1/dmOuter/asource/AsyncQueueSource/mem_0_data_reg_3_/CLK
pin:ExampleRocketSystem/debug_1/dmOuter/asource/AsyncQueueSource/mem_0_data_reg_4_/CLK
pin:ExampleRocketSystem/debug_1/dmOuter/asource/AsyncQueueSource/mem_0_data_reg_5_/CLK
pin:ExampleRocketSystem/debug_1/dmOuter/asource/AsyncQueueSource/mem_0_data_reg_6_/CLK
pin:ExampleRocketSystem/debug_1/dmOuter/asource/AsyncQueueSource/mem_0_data_reg_7_/CLK
pin:ExampleRocketSystem/debug_1/dmOuter/asource/AsyncQueueSource/mem_0_data_reg_8_/CLK
pin:ExampleRocketSystem/debug_1/dmOuter/asource/AsyncQueueSource/mem_0_data_reg_9_/CLK
pin:ExampleRocketSystem/debug_1/dmOuter/asource/AsyncQueueSource/mem_0_mask_reg_0_/CLK
pin:ExampleRocketSystem/debug_1/dmOuter/asource/AsyncQueueSource/mem_0_opcode_reg_0_/CLK
pin:ExampleRocketSystem/debug_1/dmOuter/asource/AsyncQueueSource/mem_0_opcode_reg_2_/CLK
pin:ExampleRocketSystem/debug_1/dmOuter/asource/AsyncQueueSource/ready_reg/reg_0/q_reg/CLK
pin:ExampleRocketSystem/debug_1/dmOuter/asource/AsyncQueueSource/ridx_gray/sync_0/reg_0/q_reg/CLK
pin:ExampleRocketSystem/debug_1/dmOuter/asource/AsyncQueueSource/ridx_gray/sync_1/reg_0/q_reg/CLK
pin:ExampleRocketSystem/debug_1/dmOuter/asource/AsyncQueueSource/ridx_gray/sync_2/reg_0/q_reg/CLK
pin:ExampleRocketSystem/debug_1/dmOuter/asource/AsyncQueueSource/widx_bin/reg_0/q_reg/CLK
pin:ExampleRocketSystem/debug_1/dmOuter/asource/AsyncQueueSource/widx_gray/reg_0/q_reg/CLK
pin:ExampleRocketSystem/debug_1/dmOuter/dmOuter/DMCONTROL/reg_0/q_reg/CLK
pin:ExampleRocketSystem/debug_1/dmOuter/dmOuter/DMCONTROL/reg_1/q_reg/CLK
pin:ExampleRocketSystem/debug_1/dmOuter/dmOuter/DMCONTROL/reg_10/q_reg/CLK
pin:ExampleRocketSystem/debug_1/dmOuter/dmOuter/DMCONTROL/reg_11/q_reg/CLK
pin:ExampleRocketSystem/debug_1/dmOuter/dmOuter/DMCONTROL/reg_12/q_reg/CLK
pin:ExampleRocketSystem/debug_1/dmOuter/dmOuter/DMCONTROL/reg_13/q_reg/CLK
pin:ExampleRocketSystem/debug_1/dmOuter/dmOuter/DMCONTROL/reg_14/q_reg/CLK
pin:ExampleRocketSystem/debug_1/dmOuter/dmOuter/DMCONTROL/reg_15/q_reg/CLK
pin:ExampleRocketSystem/debug_1/dmOuter/dmOuter/DMCONTROL/reg_16/q_reg/CLK
pin:ExampleRocketSystem/debug_1/dmOuter/dmOuter/DMCONTROL/reg_17/q_reg/CLK
pin:ExampleRocketSystem/debug_1/dmOuter/dmOuter/DMCONTROL/reg_18/q_reg/CLK
pin:ExampleRocketSystem/debug_1/dmOuter/dmOuter/DMCONTROL/reg_19/q_reg/CLK
pin:ExampleRocketSystem/debug_1/dmOuter/dmOuter/DMCONTROL/reg_2/q_reg/CLK
pin:ExampleRocketSystem/debug_1/dmOuter/dmOuter/DMCONTROL/reg_20/q_reg/CLK
pin:ExampleRocketSystem/debug_1/dmOuter/dmOuter/DMCONTROL/reg_21/q_reg/CLK
pin:ExampleRocketSystem/debug_1/dmOuter/dmOuter/DMCONTROL/reg_22/q_reg/CLK
pin:ExampleRocketSystem/debug_1/dmOuter/dmOuter/DMCONTROL/reg_23/q_reg/CLK
pin:ExampleRocketSystem/debug_1/dmOuter/dmOuter/DMCONTROL/reg_24/q_reg/CLK
pin:ExampleRocketSystem/debug_1/dmOuter/dmOuter/DMCONTROL/reg_25/q_reg/CLK
pin:ExampleRocketSystem/debug_1/dmOuter/dmOuter/DMCONTROL/reg_26/q_reg/CLK
pin:ExampleRocketSystem/debug_1/dmOuter/dmOuter/DMCONTROL/reg_27/q_reg/CLK
pin:ExampleRocketSystem/debug_1/dmOuter/dmOuter/DMCONTROL/reg_28/q_reg/CLK
pin:ExampleRocketSystem/debug_1/dmOuter/dmOuter/DMCONTROL/reg_29/q_reg/CLK
pin:ExampleRocketSystem/debug_1/dmOuter/dmOuter/DMCONTROL/reg_3/q_reg/CLK
pin:ExampleRocketSystem/debug_1/dmOuter/dmOuter/DMCONTROL/reg_30/q_reg/CLK
pin:ExampleRocketSystem/debug_1/dmOuter/dmOuter/DMCONTROL/reg_31/q_reg/CLK
pin:ExampleRocketSystem/debug_1/dmOuter/dmOuter/DMCONTROL/reg_4/q_reg/CLK
pin:ExampleRocketSystem/debug_1/dmOuter/dmOuter/DMCONTROL/reg_5/q_reg/CLK
pin:ExampleRocketSystem/debug_1/dmOuter/dmOuter/DMCONTROL/reg_6/q_reg/CLK
pin:ExampleRocketSystem/debug_1/dmOuter/dmOuter/DMCONTROL/reg_7/q_reg/CLK
pin:ExampleRocketSystem/debug_1/dmOuter/dmOuter/DMCONTROL/reg_8/q_reg/CLK
pin:ExampleRocketSystem/debug_1/dmOuter/dmOuter/DMCONTROL/reg_9/q_reg/CLK
pin:ExampleRocketSystem/debug_1/dmOuter/dmOuter/debugInterrupts/reg_0/q_reg/CLK
pin:ExampleRocketSystem/debug_1/dmOuter/dmiXbar/_T_195_reg_0_/CLK
-------------------------------------------------------------------------------

-------------------------------------------------------------------------------
Nets with multiple drivers

The following nets have multiple drivers and at least one of the drivers is     
non-tristate:                                                                   

hnet:ExampleRocketSystem/tile/dcache/tag_array_RW0_rdata_0_0_
hnet:ExampleRocketSystem/tile/dcache/tag_array_RW0_rdata_0_10_
hnet:ExampleRocketSystem/tile/dcache/tag_array_RW0_rdata_0_11_
hnet:ExampleRocketSystem/tile/dcache/tag_array_RW0_rdata_0_12_
hnet:ExampleRocketSystem/tile/dcache/tag_array_RW0_rdata_0_13_
hnet:ExampleRocketSystem/tile/dcache/tag_array_RW0_rdata_0_14_
hnet:ExampleRocketSystem/tile/dcache/tag_array_RW0_rdata_0_15_
hnet:ExampleRocketSystem/tile/dcache/tag_array_RW0_rdata_0_16_
hnet:ExampleRocketSystem/tile/dcache/tag_array_RW0_rdata_0_17_
hnet:ExampleRocketSystem/tile/dcache/tag_array_RW0_rdata_0_18_
hnet:ExampleRocketSystem/tile/dcache/tag_array_RW0_rdata_0_19_
hnet:ExampleRocketSystem/tile/dcache/tag_array_RW0_rdata_0_1_
hnet:ExampleRocketSystem/tile/dcache/tag_array_RW0_rdata_0_20_
hnet:ExampleRocketSystem/tile/dcache/tag_array_RW0_rdata_0_21_
hnet:ExampleRocketSystem/tile/dcache/tag_array_RW0_rdata_0_2_
hnet:ExampleRocketSystem/tile/dcache/tag_array_RW0_rdata_0_3_
hnet:ExampleRocketSystem/tile/dcache/tag_array_RW0_rdata_0_4_
hnet:ExampleRocketSystem/tile/dcache/tag_array_RW0_rdata_0_5_
hnet:ExampleRocketSystem/tile/dcache/tag_array_RW0_rdata_0_6_
hnet:ExampleRocketSystem/tile/dcache/tag_array_RW0_rdata_0_7_
hnet:ExampleRocketSystem/tile/dcache/tag_array_RW0_rdata_0_8_
hnet:ExampleRocketSystem/tile/dcache/tag_array_RW0_rdata_0_9_
hnet:ExampleRocketSystem/tile/dcache/tag_array_RW0_rdata_1_0_
hnet:ExampleRocketSystem/tile/dcache/tag_array_RW0_rdata_1_10_
hnet:ExampleRocketSystem/tile/dcache/tag_array_RW0_rdata_1_11_
hnet:ExampleRocketSystem/tile/dcache/tag_array_RW0_rdata_1_12_
hnet:ExampleRocketSystem/tile/dcache/tag_array_RW0_rdata_1_13_
hnet:ExampleRocketSystem/tile/dcache/tag_array_RW0_rdata_1_14_
hnet:ExampleRocketSystem/tile/dcache/tag_array_RW0_rdata_1_15_
hnet:ExampleRocketSystem/tile/dcache/tag_array_RW0_rdata_1_16_
hnet:ExampleRocketSystem/tile/dcache/tag_array_RW0_rdata_1_17_
hnet:ExampleRocketSystem/tile/dcache/tag_array_RW0_rdata_1_18_
hnet:ExampleRocketSystem/tile/dcache/tag_array_RW0_rdata_1_19_
hnet:ExampleRocketSystem/tile/dcache/tag_array_RW0_rdata_1_1_
hnet:ExampleRocketSystem/tile/dcache/tag_array_RW0_rdata_1_20_
hnet:ExampleRocketSystem/tile/dcache/tag_array_RW0_rdata_1_21_
hnet:ExampleRocketSystem/tile/dcache/tag_array_RW0_rdata_1_2_
hnet:ExampleRocketSystem/tile/dcache/tag_array_RW0_rdata_1_3_
hnet:ExampleRocketSystem/tile/dcache/tag_array_RW0_rdata_1_4_
hnet:ExampleRocketSystem/tile/dcache/tag_array_RW0_rdata_1_5_
hnet:ExampleRocketSystem/tile/dcache/tag_array_RW0_rdata_1_6_
hnet:ExampleRocketSystem/tile/dcache/tag_array_RW0_rdata_1_7_
hnet:ExampleRocketSystem/tile/dcache/tag_array_RW0_rdata_1_8_
hnet:ExampleRocketSystem/tile/dcache/tag_array_RW0_rdata_1_9_
hnet:ExampleRocketSystem/tile/dcache/tag_array_RW0_rdata_2_0_
hnet:ExampleRocketSystem/tile/dcache/tag_array_RW0_rdata_2_10_
hnet:ExampleRocketSystem/tile/dcache/tag_array_RW0_rdata_2_11_
hnet:ExampleRocketSystem/tile/dcache/tag_array_RW0_rdata_2_12_
hnet:ExampleRocketSystem/tile/dcache/tag_array_RW0_rdata_2_13_
hnet:ExampleRocketSystem/tile/dcache/tag_array_RW0_rdata_2_14_
hnet:ExampleRocketSystem/tile/dcache/tag_array_RW0_rdata_2_15_
hnet:ExampleRocketSystem/tile/dcache/tag_array_RW0_rdata_2_16_
hnet:ExampleRocketSystem/tile/dcache/tag_array_RW0_rdata_2_17_
hnet:ExampleRocketSystem/tile/dcache/tag_array_RW0_rdata_2_18_
hnet:ExampleRocketSystem/tile/dcache/tag_array_RW0_rdata_2_19_
hnet:ExampleRocketSystem/tile/dcache/tag_array_RW0_rdata_2_1_
hnet:ExampleRocketSystem/tile/dcache/tag_array_RW0_rdata_2_20_
hnet:ExampleRocketSystem/tile/dcache/tag_array_RW0_rdata_2_21_
hnet:ExampleRocketSystem/tile/dcache/tag_array_RW0_rdata_2_2_
hnet:ExampleRocketSystem/tile/dcache/tag_array_RW0_rdata_2_3_
hnet:ExampleRocketSystem/tile/dcache/tag_array_RW0_rdata_2_4_
hnet:ExampleRocketSystem/tile/dcache/tag_array_RW0_rdata_2_5_
hnet:ExampleRocketSystem/tile/dcache/tag_array_RW0_rdata_2_6_
hnet:ExampleRocketSystem/tile/dcache/tag_array_RW0_rdata_2_7_
hnet:ExampleRocketSystem/tile/dcache/tag_array_RW0_rdata_2_8_
hnet:ExampleRocketSystem/tile/dcache/tag_array_RW0_rdata_2_9_
hnet:ExampleRocketSystem/tile/dcache/tag_array_RW0_rdata_3_0_
hnet:ExampleRocketSystem/tile/dcache/tag_array_RW0_rdata_3_10_
hnet:ExampleRocketSystem/tile/dcache/tag_array_RW0_rdata_3_11_
hnet:ExampleRocketSystem/tile/dcache/tag_array_RW0_rdata_3_12_
hnet:ExampleRocketSystem/tile/dcache/tag_array_RW0_rdata_3_13_
hnet:ExampleRocketSystem/tile/dcache/tag_array_RW0_rdata_3_14_
hnet:ExampleRocketSystem/tile/dcache/tag_array_RW0_rdata_3_15_
hnet:ExampleRocketSystem/tile/dcache/tag_array_RW0_rdata_3_16_
hnet:ExampleRocketSystem/tile/dcache/tag_array_RW0_rdata_3_17_
hnet:ExampleRocketSystem/tile/dcache/tag_array_RW0_rdata_3_18_
hnet:ExampleRocketSystem/tile/dcache/tag_array_RW0_rdata_3_19_
hnet:ExampleRocketSystem/tile/dcache/tag_array_RW0_rdata_3_1_
hnet:ExampleRocketSystem/tile/dcache/tag_array_RW0_rdata_3_20_
hnet:ExampleRocketSystem/tile/dcache/tag_array_RW0_rdata_3_21_
hnet:ExampleRocketSystem/tile/dcache/tag_array_RW0_rdata_3_2_
hnet:ExampleRocketSystem/tile/dcache/tag_array_RW0_rdata_3_3_
hnet:ExampleRocketSystem/tile/dcache/tag_array_RW0_rdata_3_4_
hnet:ExampleRocketSystem/tile/dcache/tag_array_RW0_rdata_3_5_
hnet:ExampleRocketSystem/tile/dcache/tag_array_RW0_rdata_3_6_
hnet:ExampleRocketSystem/tile/dcache/tag_array_RW0_rdata_3_7_
hnet:ExampleRocketSystem/tile/dcache/tag_array_RW0_rdata_3_8_
hnet:ExampleRocketSystem/tile/dcache/tag_array_RW0_rdata_3_9_
-------------------------------------------------------------------------------

-------------------------------------------------------------------------------
Inputs without external driver/transition

The following primary inputs have no external driver or input transition set.   
As a result the transition on the ports will be assumed as zero. The            
'external_driver' attribute is used to add and external driver or the           
'fixed_slew' attribute to add an external transition.                           

port:ExampleRocketSystem/debug_clockeddmi_dmiClock
port:ExampleRocketSystem/debug_clockeddmi_dmiReset
port:ExampleRocketSystem/debug_clockeddmi_dmi_req_bits_addr[0]
port:ExampleRocketSystem/debug_clockeddmi_dmi_req_bits_addr[1]
port:ExampleRocketSystem/debug_clockeddmi_dmi_req_bits_addr[2]
port:ExampleRocketSystem/debug_clockeddmi_dmi_req_bits_addr[3]
port:ExampleRocketSystem/debug_clockeddmi_dmi_req_bits_addr[4]
port:ExampleRocketSystem/debug_clockeddmi_dmi_req_bits_addr[5]
port:ExampleRocketSystem/debug_clockeddmi_dmi_req_bits_addr[6]
port:ExampleRocketSystem/debug_clockeddmi_dmi_req_bits_data[0]
port:ExampleRocketSystem/debug_clockeddmi_dmi_req_bits_data[10]
port:ExampleRocketSystem/debug_clockeddmi_dmi_req_bits_data[11]
port:ExampleRocketSystem/debug_clockeddmi_dmi_req_bits_data[12]
port:ExampleRocketSystem/debug_clockeddmi_dmi_req_bits_data[13]
port:ExampleRocketSystem/debug_clockeddmi_dmi_req_bits_data[14]
port:ExampleRocketSystem/debug_clockeddmi_dmi_req_bits_data[15]
port:ExampleRocketSystem/debug_clockeddmi_dmi_req_bits_data[16]
port:ExampleRocketSystem/debug_clockeddmi_dmi_req_bits_data[17]
port:ExampleRocketSystem/debug_clockeddmi_dmi_req_bits_data[18]
port:ExampleRocketSystem/debug_clockeddmi_dmi_req_bits_data[19]
port:ExampleRocketSystem/debug_clockeddmi_dmi_req_bits_data[1]
port:ExampleRocketSystem/debug_clockeddmi_dmi_req_bits_data[20]
port:ExampleRocketSystem/debug_clockeddmi_dmi_req_bits_data[21]
port:ExampleRocketSystem/debug_clockeddmi_dmi_req_bits_data[22]
port:ExampleRocketSystem/debug_clockeddmi_dmi_req_bits_data[23]
port:ExampleRocketSystem/debug_clockeddmi_dmi_req_bits_data[24]
port:ExampleRocketSystem/debug_clockeddmi_dmi_req_bits_data[25]
port:ExampleRocketSystem/debug_clockeddmi_dmi_req_bits_data[26]
port:ExampleRocketSystem/debug_clockeddmi_dmi_req_bits_data[27]
port:ExampleRocketSystem/debug_clockeddmi_dmi_req_bits_data[28]
port:ExampleRocketSystem/debug_clockeddmi_dmi_req_bits_data[29]
port:ExampleRocketSystem/debug_clockeddmi_dmi_req_bits_data[2]
port:ExampleRocketSystem/debug_clockeddmi_dmi_req_bits_data[30]
port:ExampleRocketSystem/debug_clockeddmi_dmi_req_bits_data[31]
port:ExampleRocketSystem/debug_clockeddmi_dmi_req_bits_data[3]
port:ExampleRocketSystem/debug_clockeddmi_dmi_req_bits_data[4]
port:ExampleRocketSystem/debug_clockeddmi_dmi_req_bits_data[5]
port:ExampleRocketSystem/debug_clockeddmi_dmi_req_bits_data[6]
port:ExampleRocketSystem/debug_clockeddmi_dmi_req_bits_data[7]
port:ExampleRocketSystem/debug_clockeddmi_dmi_req_bits_data[8]
port:ExampleRocketSystem/debug_clockeddmi_dmi_req_bits_data[9]
port:ExampleRocketSystem/debug_clockeddmi_dmi_req_bits_op[0]
port:ExampleRocketSystem/debug_clockeddmi_dmi_req_bits_op[1]
port:ExampleRocketSystem/debug_clockeddmi_dmi_req_valid
port:ExampleRocketSystem/debug_clockeddmi_dmi_resp_ready
port:ExampleRocketSystem/interrupts[0]
port:ExampleRocketSystem/interrupts[1]
port:ExampleRocketSystem/l2_frontend_bus_axi4_0_ar_bits_addr[0]
port:ExampleRocketSystem/l2_frontend_bus_axi4_0_ar_bits_addr[10]
port:ExampleRocketSystem/l2_frontend_bus_axi4_0_ar_bits_addr[11]
port:ExampleRocketSystem/l2_frontend_bus_axi4_0_ar_bits_addr[12]
port:ExampleRocketSystem/l2_frontend_bus_axi4_0_ar_bits_addr[13]
port:ExampleRocketSystem/l2_frontend_bus_axi4_0_ar_bits_addr[14]
port:ExampleRocketSystem/l2_frontend_bus_axi4_0_ar_bits_addr[15]
port:ExampleRocketSystem/l2_frontend_bus_axi4_0_ar_bits_addr[16]
port:ExampleRocketSystem/l2_frontend_bus_axi4_0_ar_bits_addr[17]
port:ExampleRocketSystem/l2_frontend_bus_axi4_0_ar_bits_addr[18]
port:ExampleRocketSystem/l2_frontend_bus_axi4_0_ar_bits_addr[19]
port:ExampleRocketSystem/l2_frontend_bus_axi4_0_ar_bits_addr[1]
port:ExampleRocketSystem/l2_frontend_bus_axi4_0_ar_bits_addr[20]
port:ExampleRocketSystem/l2_frontend_bus_axi4_0_ar_bits_addr[21]
port:ExampleRocketSystem/l2_frontend_bus_axi4_0_ar_bits_addr[22]
port:ExampleRocketSystem/l2_frontend_bus_axi4_0_ar_bits_addr[23]
port:ExampleRocketSystem/l2_frontend_bus_axi4_0_ar_bits_addr[24]
port:ExampleRocketSystem/l2_frontend_bus_axi4_0_ar_bits_addr[25]
port:ExampleRocketSystem/l2_frontend_bus_axi4_0_ar_bits_addr[26]
port:ExampleRocketSystem/l2_frontend_bus_axi4_0_ar_bits_addr[27]
port:ExampleRocketSystem/l2_frontend_bus_axi4_0_ar_bits_addr[28]
port:ExampleRocketSystem/l2_frontend_bus_axi4_0_ar_bits_addr[29]
port:ExampleRocketSystem/l2_frontend_bus_axi4_0_ar_bits_addr[2]
port:ExampleRocketSystem/l2_frontend_bus_axi4_0_ar_bits_addr[30]
port:ExampleRocketSystem/l2_frontend_bus_axi4_0_ar_bits_addr[31]
port:ExampleRocketSystem/l2_frontend_bus_axi4_0_ar_bits_addr[3]
port:ExampleRocketSystem/l2_frontend_bus_axi4_0_ar_bits_addr[4]
port:ExampleRocketSystem/l2_frontend_bus_axi4_0_ar_bits_addr[5]
port:ExampleRocketSystem/l2_frontend_bus_axi4_0_ar_bits_addr[6]
port:ExampleRocketSystem/l2_frontend_bus_axi4_0_ar_bits_addr[7]
port:ExampleRocketSystem/l2_frontend_bus_axi4_0_ar_bits_addr[8]
port:ExampleRocketSystem/l2_frontend_bus_axi4_0_ar_bits_addr[9]
port:ExampleRocketSystem/l2_frontend_bus_axi4_0_ar_bits_burst[0]
port:ExampleRocketSystem/l2_frontend_bus_axi4_0_ar_bits_burst[1]
port:ExampleRocketSystem/l2_frontend_bus_axi4_0_ar_bits_cache[0]
port:ExampleRocketSystem/l2_frontend_bus_axi4_0_ar_bits_cache[1]
port:ExampleRocketSystem/l2_frontend_bus_axi4_0_ar_bits_cache[2]
port:ExampleRocketSystem/l2_frontend_bus_axi4_0_ar_bits_cache[3]
port:ExampleRocketSystem/l2_frontend_bus_axi4_0_ar_bits_id[0]
port:ExampleRocketSystem/l2_frontend_bus_axi4_0_ar_bits_id[1]
port:ExampleRocketSystem/l2_frontend_bus_axi4_0_ar_bits_id[2]
port:ExampleRocketSystem/l2_frontend_bus_axi4_0_ar_bits_id[3]
port:ExampleRocketSystem/l2_frontend_bus_axi4_0_ar_bits_id[4]
port:ExampleRocketSystem/l2_frontend_bus_axi4_0_ar_bits_id[5]
port:ExampleRocketSystem/l2_frontend_bus_axi4_0_ar_bits_id[6]
port:ExampleRocketSystem/l2_frontend_bus_axi4_0_ar_bits_id[7]
port:ExampleRocketSystem/l2_frontend_bus_axi4_0_ar_bits_len[0]
port:ExampleRocketSystem/l2_frontend_bus_axi4_0_ar_bits_len[1]
port:ExampleRocketSystem/l2_frontend_bus_axi4_0_ar_bits_len[2]
port:ExampleRocketSystem/l2_frontend_bus_axi4_0_ar_bits_len[3]
port:ExampleRocketSystem/l2_frontend_bus_axi4_0_ar_bits_len[4]
port:ExampleRocketSystem/l2_frontend_bus_axi4_0_ar_bits_len[5]
port:ExampleRocketSystem/l2_frontend_bus_axi4_0_ar_bits_len[6]
port:ExampleRocketSystem/l2_frontend_bus_axi4_0_ar_bits_len[7]
port:ExampleRocketSystem/l2_frontend_bus_axi4_0_ar_bits_lock
port:ExampleRocketSystem/l2_frontend_bus_axi4_0_ar_bits_prot[0]
port:ExampleRocketSystem/l2_frontend_bus_axi4_0_ar_bits_prot[1]
port:ExampleRocketSystem/l2_frontend_bus_axi4_0_ar_bits_prot[2]
port:ExampleRocketSystem/l2_frontend_bus_axi4_0_ar_bits_qos[0]
port:ExampleRocketSystem/l2_frontend_bus_axi4_0_ar_bits_qos[1]
port:ExampleRocketSystem/l2_frontend_bus_axi4_0_ar_bits_qos[2]
port:ExampleRocketSystem/l2_frontend_bus_axi4_0_ar_bits_qos[3]
port:ExampleRocketSystem/l2_frontend_bus_axi4_0_ar_bits_size[0]
port:ExampleRocketSystem/l2_frontend_bus_axi4_0_ar_bits_size[1]
port:ExampleRocketSystem/l2_frontend_bus_axi4_0_ar_bits_size[2]
port:ExampleRocketSystem/l2_frontend_bus_axi4_0_ar_valid
port:ExampleRocketSystem/l2_frontend_bus_axi4_0_aw_bits_addr[0]
port:ExampleRocketSystem/l2_frontend_bus_axi4_0_aw_bits_addr[10]
port:ExampleRocketSystem/l2_frontend_bus_axi4_0_aw_bits_addr[11]
port:ExampleRocketSystem/l2_frontend_bus_axi4_0_aw_bits_addr[12]
port:ExampleRocketSystem/l2_frontend_bus_axi4_0_aw_bits_addr[13]
port:ExampleRocketSystem/l2_frontend_bus_axi4_0_aw_bits_addr[14]
port:ExampleRocketSystem/l2_frontend_bus_axi4_0_aw_bits_addr[15]
port:ExampleRocketSystem/l2_frontend_bus_axi4_0_aw_bits_addr[16]
port:ExampleRocketSystem/l2_frontend_bus_axi4_0_aw_bits_addr[17]
port:ExampleRocketSystem/l2_frontend_bus_axi4_0_aw_bits_addr[18]
port:ExampleRocketSystem/l2_frontend_bus_axi4_0_aw_bits_addr[19]
port:ExampleRocketSystem/l2_frontend_bus_axi4_0_aw_bits_addr[1]
port:ExampleRocketSystem/l2_frontend_bus_axi4_0_aw_bits_addr[20]
port:ExampleRocketSystem/l2_frontend_bus_axi4_0_aw_bits_addr[21]
port:ExampleRocketSystem/l2_frontend_bus_axi4_0_aw_bits_addr[22]
port:ExampleRocketSystem/l2_frontend_bus_axi4_0_aw_bits_addr[23]
port:ExampleRocketSystem/l2_frontend_bus_axi4_0_aw_bits_addr[24]
port:ExampleRocketSystem/l2_frontend_bus_axi4_0_aw_bits_addr[25]
port:ExampleRocketSystem/l2_frontend_bus_axi4_0_aw_bits_addr[26]
port:ExampleRocketSystem/l2_frontend_bus_axi4_0_aw_bits_addr[27]
port:ExampleRocketSystem/l2_frontend_bus_axi4_0_aw_bits_addr[28]
port:ExampleRocketSystem/l2_frontend_bus_axi4_0_aw_bits_addr[29]
port:ExampleRocketSystem/l2_frontend_bus_axi4_0_aw_bits_addr[2]
port:ExampleRocketSystem/l2_frontend_bus_axi4_0_aw_bits_addr[30]
port:ExampleRocketSystem/l2_frontend_bus_axi4_0_aw_bits_addr[31]
port:ExampleRocketSystem/l2_frontend_bus_axi4_0_aw_bits_addr[3]
port:ExampleRocketSystem/l2_frontend_bus_axi4_0_aw_bits_addr[4]
port:ExampleRocketSystem/l2_frontend_bus_axi4_0_aw_bits_addr[5]
port:ExampleRocketSystem/l2_frontend_bus_axi4_0_aw_bits_addr[6]
port:ExampleRocketSystem/l2_frontend_bus_axi4_0_aw_bits_addr[7]
port:ExampleRocketSystem/l2_frontend_bus_axi4_0_aw_bits_addr[8]
port:ExampleRocketSystem/l2_frontend_bus_axi4_0_aw_bits_addr[9]
port:ExampleRocketSystem/l2_frontend_bus_axi4_0_aw_bits_burst[0]
port:ExampleRocketSystem/l2_frontend_bus_axi4_0_aw_bits_burst[1]
port:ExampleRocketSystem/l2_frontend_bus_axi4_0_aw_bits_cache[0]
port:ExampleRocketSystem/l2_frontend_bus_axi4_0_aw_bits_cache[1]
port:ExampleRocketSystem/l2_frontend_bus_axi4_0_aw_bits_cache[2]
port:ExampleRocketSystem/l2_frontend_bus_axi4_0_aw_bits_cache[3]
port:ExampleRocketSystem/l2_frontend_bus_axi4_0_aw_bits_id[0]
port:ExampleRocketSystem/l2_frontend_bus_axi4_0_aw_bits_id[1]
port:ExampleRocketSystem/l2_frontend_bus_axi4_0_aw_bits_id[2]
port:ExampleRocketSystem/l2_frontend_bus_axi4_0_aw_bits_id[3]
port:ExampleRocketSystem/l2_frontend_bus_axi4_0_aw_bits_id[4]
port:ExampleRocketSystem/l2_frontend_bus_axi4_0_aw_bits_id[5]
port:ExampleRocketSystem/l2_frontend_bus_axi4_0_aw_bits_id[6]
port:ExampleRocketSystem/l2_frontend_bus_axi4_0_aw_bits_id[7]
port:ExampleRocketSystem/l2_frontend_bus_axi4_0_aw_bits_len[0]
port:ExampleRocketSystem/l2_frontend_bus_axi4_0_aw_bits_len[1]
port:ExampleRocketSystem/l2_frontend_bus_axi4_0_aw_bits_len[2]
port:ExampleRocketSystem/l2_frontend_bus_axi4_0_aw_bits_len[3]
port:ExampleRocketSystem/l2_frontend_bus_axi4_0_aw_bits_len[4]
port:ExampleRocketSystem/l2_frontend_bus_axi4_0_aw_bits_len[5]
port:ExampleRocketSystem/l2_frontend_bus_axi4_0_aw_bits_len[6]
port:ExampleRocketSystem/l2_frontend_bus_axi4_0_aw_bits_len[7]
port:ExampleRocketSystem/l2_frontend_bus_axi4_0_aw_bits_lock
port:ExampleRocketSystem/l2_frontend_bus_axi4_0_aw_bits_prot[0]
port:ExampleRocketSystem/l2_frontend_bus_axi4_0_aw_bits_prot[1]
port:ExampleRocketSystem/l2_frontend_bus_axi4_0_aw_bits_prot[2]
port:ExampleRocketSystem/l2_frontend_bus_axi4_0_aw_bits_qos[0]
port:ExampleRocketSystem/l2_frontend_bus_axi4_0_aw_bits_qos[1]
port:ExampleRocketSystem/l2_frontend_bus_axi4_0_aw_bits_qos[2]
port:ExampleRocketSystem/l2_frontend_bus_axi4_0_aw_bits_qos[3]
port:ExampleRocketSystem/l2_frontend_bus_axi4_0_aw_bits_size[0]
port:ExampleRocketSystem/l2_frontend_bus_axi4_0_aw_bits_size[1]
port:ExampleRocketSystem/l2_frontend_bus_axi4_0_aw_bits_size[2]
port:ExampleRocketSystem/l2_frontend_bus_axi4_0_aw_valid
port:ExampleRocketSystem/l2_frontend_bus_axi4_0_b_ready
port:ExampleRocketSystem/l2_frontend_bus_axi4_0_r_ready
port:ExampleRocketSystem/l2_frontend_bus_axi4_0_w_bits_data[0]
port:ExampleRocketSystem/l2_frontend_bus_axi4_0_w_bits_data[10]
port:ExampleRocketSystem/l2_frontend_bus_axi4_0_w_bits_data[11]
port:ExampleRocketSystem/l2_frontend_bus_axi4_0_w_bits_data[12]
port:ExampleRocketSystem/l2_frontend_bus_axi4_0_w_bits_data[13]
port:ExampleRocketSystem/l2_frontend_bus_axi4_0_w_bits_data[14]
port:ExampleRocketSystem/l2_frontend_bus_axi4_0_w_bits_data[15]
port:ExampleRocketSystem/l2_frontend_bus_axi4_0_w_bits_data[16]
port:ExampleRocketSystem/l2_frontend_bus_axi4_0_w_bits_data[17]
port:ExampleRocketSystem/l2_frontend_bus_axi4_0_w_bits_data[18]
port:ExampleRocketSystem/l2_frontend_bus_axi4_0_w_bits_data[19]
port:ExampleRocketSystem/l2_frontend_bus_axi4_0_w_bits_data[1]
port:ExampleRocketSystem/l2_frontend_bus_axi4_0_w_bits_data[20]
port:ExampleRocketSystem/l2_frontend_bus_axi4_0_w_bits_data[21]
port:ExampleRocketSystem/l2_frontend_bus_axi4_0_w_bits_data[22]
port:ExampleRocketSystem/l2_frontend_bus_axi4_0_w_bits_data[23]
port:ExampleRocketSystem/l2_frontend_bus_axi4_0_w_bits_data[24]
port:ExampleRocketSystem/l2_frontend_bus_axi4_0_w_bits_data[25]
port:ExampleRocketSystem/l2_frontend_bus_axi4_0_w_bits_data[26]
port:ExampleRocketSystem/l2_frontend_bus_axi4_0_w_bits_data[27]
port:ExampleRocketSystem/l2_frontend_bus_axi4_0_w_bits_data[28]
port:ExampleRocketSystem/l2_frontend_bus_axi4_0_w_bits_data[29]
port:ExampleRocketSystem/l2_frontend_bus_axi4_0_w_bits_data[2]
port:ExampleRocketSystem/l2_frontend_bus_axi4_0_w_bits_data[30]
port:ExampleRocketSystem/l2_frontend_bus_axi4_0_w_bits_data[31]
port:ExampleRocketSystem/l2_frontend_bus_axi4_0_w_bits_data[32]
port:ExampleRocketSystem/l2_frontend_bus_axi4_0_w_bits_data[33]
port:ExampleRocketSystem/l2_frontend_bus_axi4_0_w_bits_data[34]
port:ExampleRocketSystem/l2_frontend_bus_axi4_0_w_bits_data[35]
port:ExampleRocketSystem/l2_frontend_bus_axi4_0_w_bits_data[36]
port:ExampleRocketSystem/l2_frontend_bus_axi4_0_w_bits_data[37]
port:ExampleRocketSystem/l2_frontend_bus_axi4_0_w_bits_data[38]
port:ExampleRocketSystem/l2_frontend_bus_axi4_0_w_bits_data[39]
port:ExampleRocketSystem/l2_frontend_bus_axi4_0_w_bits_data[3]
port:ExampleRocketSystem/l2_frontend_bus_axi4_0_w_bits_data[40]
port:ExampleRocketSystem/l2_frontend_bus_axi4_0_w_bits_data[41]
port:ExampleRocketSystem/l2_frontend_bus_axi4_0_w_bits_data[42]
port:ExampleRocketSystem/l2_frontend_bus_axi4_0_w_bits_data[43]
port:ExampleRocketSystem/l2_frontend_bus_axi4_0_w_bits_data[44]
port:ExampleRocketSystem/l2_frontend_bus_axi4_0_w_bits_data[45]
port:ExampleRocketSystem/l2_frontend_bus_axi4_0_w_bits_data[46]
port:ExampleRocketSystem/l2_frontend_bus_axi4_0_w_bits_data[47]
port:ExampleRocketSystem/l2_frontend_bus_axi4_0_w_bits_data[48]
port:ExampleRocketSystem/l2_frontend_bus_axi4_0_w_bits_data[49]
port:ExampleRocketSystem/l2_frontend_bus_axi4_0_w_bits_data[4]
port:ExampleRocketSystem/l2_frontend_bus_axi4_0_w_bits_data[50]
port:ExampleRocketSystem/l2_frontend_bus_axi4_0_w_bits_data[51]
port:ExampleRocketSystem/l2_frontend_bus_axi4_0_w_bits_data[52]
port:ExampleRocketSystem/l2_frontend_bus_axi4_0_w_bits_data[53]
port:ExampleRocketSystem/l2_frontend_bus_axi4_0_w_bits_data[54]
port:ExampleRocketSystem/l2_frontend_bus_axi4_0_w_bits_data[55]
port:ExampleRocketSystem/l2_frontend_bus_axi4_0_w_bits_data[56]
port:ExampleRocketSystem/l2_frontend_bus_axi4_0_w_bits_data[57]
port:ExampleRocketSystem/l2_frontend_bus_axi4_0_w_bits_data[58]
port:ExampleRocketSystem/l2_frontend_bus_axi4_0_w_bits_data[59]
port:ExampleRocketSystem/l2_frontend_bus_axi4_0_w_bits_data[5]
port:ExampleRocketSystem/l2_frontend_bus_axi4_0_w_bits_data[60]
port:ExampleRocketSystem/l2_frontend_bus_axi4_0_w_bits_data[61]
port:ExampleRocketSystem/l2_frontend_bus_axi4_0_w_bits_data[62]
port:ExampleRocketSystem/l2_frontend_bus_axi4_0_w_bits_data[63]
port:ExampleRocketSystem/l2_frontend_bus_axi4_0_w_bits_data[6]
port:ExampleRocketSystem/l2_frontend_bus_axi4_0_w_bits_data[7]
port:ExampleRocketSystem/l2_frontend_bus_axi4_0_w_bits_data[8]
port:ExampleRocketSystem/l2_frontend_bus_axi4_0_w_bits_data[9]
port:ExampleRocketSystem/l2_frontend_bus_axi4_0_w_bits_last
port:ExampleRocketSystem/l2_frontend_bus_axi4_0_w_bits_strb[0]
port:ExampleRocketSystem/l2_frontend_bus_axi4_0_w_bits_strb[1]
port:ExampleRocketSystem/l2_frontend_bus_axi4_0_w_bits_strb[2]
port:ExampleRocketSystem/l2_frontend_bus_axi4_0_w_bits_strb[3]
port:ExampleRocketSystem/l2_frontend_bus_axi4_0_w_bits_strb[4]
port:ExampleRocketSystem/l2_frontend_bus_axi4_0_w_bits_strb[5]
port:ExampleRocketSystem/l2_frontend_bus_axi4_0_w_bits_strb[6]
port:ExampleRocketSystem/l2_frontend_bus_axi4_0_w_bits_strb[7]
port:ExampleRocketSystem/l2_frontend_bus_axi4_0_w_valid
port:ExampleRocketSystem/mem_axi4_0_ar_ready
port:ExampleRocketSystem/mem_axi4_0_aw_ready
port:ExampleRocketSystem/mem_axi4_0_b_bits_id[0]
port:ExampleRocketSystem/mem_axi4_0_b_bits_id[1]
port:ExampleRocketSystem/mem_axi4_0_b_bits_id[2]
port:ExampleRocketSystem/mem_axi4_0_b_bits_id[3]
port:ExampleRocketSystem/mem_axi4_0_b_bits_resp[0]
port:ExampleRocketSystem/mem_axi4_0_b_bits_resp[1]
port:ExampleRocketSystem/mem_axi4_0_b_valid
port:ExampleRocketSystem/mem_axi4_0_r_bits_data[0]
port:ExampleRocketSystem/mem_axi4_0_r_bits_data[10]
port:ExampleRocketSystem/mem_axi4_0_r_bits_data[11]
port:ExampleRocketSystem/mem_axi4_0_r_bits_data[12]
port:ExampleRocketSystem/mem_axi4_0_r_bits_data[13]
port:ExampleRocketSystem/mem_axi4_0_r_bits_data[14]
port:ExampleRocketSystem/mem_axi4_0_r_bits_data[15]
port:ExampleRocketSystem/mem_axi4_0_r_bits_data[16]
port:ExampleRocketSystem/mem_axi4_0_r_bits_data[17]
port:ExampleRocketSystem/mem_axi4_0_r_bits_data[18]
port:ExampleRocketSystem/mem_axi4_0_r_bits_data[19]
port:ExampleRocketSystem/mem_axi4_0_r_bits_data[1]
port:ExampleRocketSystem/mem_axi4_0_r_bits_data[20]
port:ExampleRocketSystem/mem_axi4_0_r_bits_data[21]
port:ExampleRocketSystem/mem_axi4_0_r_bits_data[22]
port:ExampleRocketSystem/mem_axi4_0_r_bits_data[23]
port:ExampleRocketSystem/mem_axi4_0_r_bits_data[24]
port:ExampleRocketSystem/mem_axi4_0_r_bits_data[25]
port:ExampleRocketSystem/mem_axi4_0_r_bits_data[26]
port:ExampleRocketSystem/mem_axi4_0_r_bits_data[27]
port:ExampleRocketSystem/mem_axi4_0_r_bits_data[28]
port:ExampleRocketSystem/mem_axi4_0_r_bits_data[29]
port:ExampleRocketSystem/mem_axi4_0_r_bits_data[2]
port:ExampleRocketSystem/mem_axi4_0_r_bits_data[30]
port:ExampleRocketSystem/mem_axi4_0_r_bits_data[31]
port:ExampleRocketSystem/mem_axi4_0_r_bits_data[32]
port:ExampleRocketSystem/mem_axi4_0_r_bits_data[33]
port:ExampleRocketSystem/mem_axi4_0_r_bits_data[34]
port:ExampleRocketSystem/mem_axi4_0_r_bits_data[35]
port:ExampleRocketSystem/mem_axi4_0_r_bits_data[36]
port:ExampleRocketSystem/mem_axi4_0_r_bits_data[37]
port:ExampleRocketSystem/mem_axi4_0_r_bits_data[38]
port:ExampleRocketSystem/mem_axi4_0_r_bits_data[39]
port:ExampleRocketSystem/mem_axi4_0_r_bits_data[3]
port:ExampleRocketSystem/mem_axi4_0_r_bits_data[40]
port:ExampleRocketSystem/mem_axi4_0_r_bits_data[41]
port:ExampleRocketSystem/mem_axi4_0_r_bits_data[42]
port:ExampleRocketSystem/mem_axi4_0_r_bits_data[43]
port:ExampleRocketSystem/mem_axi4_0_r_bits_data[44]
port:ExampleRocketSystem/mem_axi4_0_r_bits_data[45]
port:ExampleRocketSystem/mem_axi4_0_r_bits_data[46]
port:ExampleRocketSystem/mem_axi4_0_r_bits_data[47]
port:ExampleRocketSystem/mem_axi4_0_r_bits_data[48]
port:ExampleRocketSystem/mem_axi4_0_r_bits_data[49]
port:ExampleRocketSystem/mem_axi4_0_r_bits_data[4]
port:ExampleRocketSystem/mem_axi4_0_r_bits_data[50]
port:ExampleRocketSystem/mem_axi4_0_r_bits_data[51]
port:ExampleRocketSystem/mem_axi4_0_r_bits_data[52]
port:ExampleRocketSystem/mem_axi4_0_r_bits_data[53]
port:ExampleRocketSystem/mem_axi4_0_r_bits_data[54]
port:ExampleRocketSystem/mem_axi4_0_r_bits_data[55]
port:ExampleRocketSystem/mem_axi4_0_r_bits_data[56]
port:ExampleRocketSystem/mem_axi4_0_r_bits_data[57]
port:ExampleRocketSystem/mem_axi4_0_r_bits_data[58]
port:ExampleRocketSystem/mem_axi4_0_r_bits_data[59]
port:ExampleRocketSystem/mem_axi4_0_r_bits_data[5]
port:ExampleRocketSystem/mem_axi4_0_r_bits_data[60]
port:ExampleRocketSystem/mem_axi4_0_r_bits_data[61]
port:ExampleRocketSystem/mem_axi4_0_r_bits_data[62]
port:ExampleRocketSystem/mem_axi4_0_r_bits_data[63]
port:ExampleRocketSystem/mem_axi4_0_r_bits_data[6]
port:ExampleRocketSystem/mem_axi4_0_r_bits_data[7]
port:ExampleRocketSystem/mem_axi4_0_r_bits_data[8]
port:ExampleRocketSystem/mem_axi4_0_r_bits_data[9]
port:ExampleRocketSystem/mem_axi4_0_r_bits_id[0]
port:ExampleRocketSystem/mem_axi4_0_r_bits_id[1]
port:ExampleRocketSystem/mem_axi4_0_r_bits_id[2]
port:ExampleRocketSystem/mem_axi4_0_r_bits_id[3]
port:ExampleRocketSystem/mem_axi4_0_r_bits_last
port:ExampleRocketSystem/mem_axi4_0_r_bits_resp[0]
port:ExampleRocketSystem/mem_axi4_0_r_bits_resp[1]
port:ExampleRocketSystem/mem_axi4_0_r_valid
port:ExampleRocketSystem/mem_axi4_0_w_ready
port:ExampleRocketSystem/mmio_axi4_0_ar_ready
port:ExampleRocketSystem/mmio_axi4_0_aw_ready
port:ExampleRocketSystem/mmio_axi4_0_b_bits_id[0]
port:ExampleRocketSystem/mmio_axi4_0_b_bits_id[1]
port:ExampleRocketSystem/mmio_axi4_0_b_bits_id[2]
port:ExampleRocketSystem/mmio_axi4_0_b_bits_id[3]
port:ExampleRocketSystem/mmio_axi4_0_b_bits_resp[0]
port:ExampleRocketSystem/mmio_axi4_0_b_bits_resp[1]
port:ExampleRocketSystem/mmio_axi4_0_b_valid
port:ExampleRocketSystem/mmio_axi4_0_r_bits_data[0]
port:ExampleRocketSystem/mmio_axi4_0_r_bits_data[10]
port:ExampleRocketSystem/mmio_axi4_0_r_bits_data[11]
port:ExampleRocketSystem/mmio_axi4_0_r_bits_data[12]
port:ExampleRocketSystem/mmio_axi4_0_r_bits_data[13]
port:ExampleRocketSystem/mmio_axi4_0_r_bits_data[14]
port:ExampleRocketSystem/mmio_axi4_0_r_bits_data[15]
port:ExampleRocketSystem/mmio_axi4_0_r_bits_data[16]
port:ExampleRocketSystem/mmio_axi4_0_r_bits_data[17]
port:ExampleRocketSystem/mmio_axi4_0_r_bits_data[18]
port:ExampleRocketSystem/mmio_axi4_0_r_bits_data[19]
port:ExampleRocketSystem/mmio_axi4_0_r_bits_data[1]
port:ExampleRocketSystem/mmio_axi4_0_r_bits_data[20]
port:ExampleRocketSystem/mmio_axi4_0_r_bits_data[21]
port:ExampleRocketSystem/mmio_axi4_0_r_bits_data[22]
port:ExampleRocketSystem/mmio_axi4_0_r_bits_data[23]
port:ExampleRocketSystem/mmio_axi4_0_r_bits_data[24]
port:ExampleRocketSystem/mmio_axi4_0_r_bits_data[25]
port:ExampleRocketSystem/mmio_axi4_0_r_bits_data[26]
port:ExampleRocketSystem/mmio_axi4_0_r_bits_data[27]
port:ExampleRocketSystem/mmio_axi4_0_r_bits_data[28]
port:ExampleRocketSystem/mmio_axi4_0_r_bits_data[29]
port:ExampleRocketSystem/mmio_axi4_0_r_bits_data[2]
port:ExampleRocketSystem/mmio_axi4_0_r_bits_data[30]
port:ExampleRocketSystem/mmio_axi4_0_r_bits_data[31]
port:ExampleRocketSystem/mmio_axi4_0_r_bits_data[32]
port:ExampleRocketSystem/mmio_axi4_0_r_bits_data[33]
port:ExampleRocketSystem/mmio_axi4_0_r_bits_data[34]
port:ExampleRocketSystem/mmio_axi4_0_r_bits_data[35]
port:ExampleRocketSystem/mmio_axi4_0_r_bits_data[36]
port:ExampleRocketSystem/mmio_axi4_0_r_bits_data[37]
port:ExampleRocketSystem/mmio_axi4_0_r_bits_data[38]
port:ExampleRocketSystem/mmio_axi4_0_r_bits_data[39]
port:ExampleRocketSystem/mmio_axi4_0_r_bits_data[3]
port:ExampleRocketSystem/mmio_axi4_0_r_bits_data[40]
port:ExampleRocketSystem/mmio_axi4_0_r_bits_data[41]
port:ExampleRocketSystem/mmio_axi4_0_r_bits_data[42]
port:ExampleRocketSystem/mmio_axi4_0_r_bits_data[43]
port:ExampleRocketSystem/mmio_axi4_0_r_bits_data[44]
port:ExampleRocketSystem/mmio_axi4_0_r_bits_data[45]
port:ExampleRocketSystem/mmio_axi4_0_r_bits_data[46]
port:ExampleRocketSystem/mmio_axi4_0_r_bits_data[47]
port:ExampleRocketSystem/mmio_axi4_0_r_bits_data[48]
port:ExampleRocketSystem/mmio_axi4_0_r_bits_data[49]
port:ExampleRocketSystem/mmio_axi4_0_r_bits_data[4]
port:ExampleRocketSystem/mmio_axi4_0_r_bits_data[50]
port:ExampleRocketSystem/mmio_axi4_0_r_bits_data[51]
port:ExampleRocketSystem/mmio_axi4_0_r_bits_data[52]
port:ExampleRocketSystem/mmio_axi4_0_r_bits_data[53]
port:ExampleRocketSystem/mmio_axi4_0_r_bits_data[54]
port:ExampleRocketSystem/mmio_axi4_0_r_bits_data[55]
port:ExampleRocketSystem/mmio_axi4_0_r_bits_data[56]
port:ExampleRocketSystem/mmio_axi4_0_r_bits_data[57]
port:ExampleRocketSystem/mmio_axi4_0_r_bits_data[58]
port:ExampleRocketSystem/mmio_axi4_0_r_bits_data[59]
port:ExampleRocketSystem/mmio_axi4_0_r_bits_data[5]
port:ExampleRocketSystem/mmio_axi4_0_r_bits_data[60]
port:ExampleRocketSystem/mmio_axi4_0_r_bits_data[61]
port:ExampleRocketSystem/mmio_axi4_0_r_bits_data[62]
port:ExampleRocketSystem/mmio_axi4_0_r_bits_data[63]
port:ExampleRocketSystem/mmio_axi4_0_r_bits_data[6]
port:ExampleRocketSystem/mmio_axi4_0_r_bits_data[7]
port:ExampleRocketSystem/mmio_axi4_0_r_bits_data[8]
port:ExampleRocketSystem/mmio_axi4_0_r_bits_data[9]
port:ExampleRocketSystem/mmio_axi4_0_r_bits_id[0]
port:ExampleRocketSystem/mmio_axi4_0_r_bits_id[1]
port:ExampleRocketSystem/mmio_axi4_0_r_bits_id[2]
port:ExampleRocketSystem/mmio_axi4_0_r_bits_id[3]
port:ExampleRocketSystem/mmio_axi4_0_r_bits_last
port:ExampleRocketSystem/mmio_axi4_0_r_bits_resp[0]
port:ExampleRocketSystem/mmio_axi4_0_r_bits_resp[1]
port:ExampleRocketSystem/mmio_axi4_0_r_valid
port:ExampleRocketSystem/mmio_axi4_0_w_ready
port:ExampleRocketSystem/reset
-------------------------------------------------------------------------------


Lint summary
 Unconnected/logic driven clocks                                  0
 Sequential data pins driven by a clock signal                    0
 Sequential clock pins without clock waveform                   164
 Sequential clock pins with multiple clock waveforms              0
 Generated clocks without clock waveform                          0
 Generated clocks with incompatible options                       0
 Generated clocks with multi-master clock                         0
 Paths constrained with different clocks                          0
 Loop-breaking cells for combinational feedback                   0
 Nets with multiple drivers                                      88
 Timing exceptions with no effect                                 0
 Suspicious multi_cycle exceptions                                0
 Pins/ports with conflicting case constants                       0
 Inputs without clocked external delays                           0
 Outputs without clocked external delays                          0
 Inputs without external driver/transition                      420
 Outputs without external load                                    0
 Exceptions with invalid timing start-/endpoints                  0

                                                  Total:        672

