 
****************************************
Report : constraint
        -all_violators
Design : ExampleRocketSystem
Version: Q-2019.12-SP3
Date   : Wed Mar  1 23:48:07 2023
****************************************


   max_transition

                             Required        Actual
   Net                      Transition     Transition        Slack
   -----------------------------------------------------------------
   tile/dcache/n3454            0.09           0.14          -0.06  (VIOLATED)
       PIN :   tile/dcache/s2_data_reg_31_/Q
                                0.09           0.14          -0.06  (VIOLATED)
   tile/fpuOpt/dfma/fma/mulAddRecFNToRaw_postMul_io_mulAddResult[104]
                                0.09           0.14          -0.05  (VIOLATED)
       PIN :   tile/fpuOpt/dfma/fma/u_T_5_reg_104_/Q
                                0.09           0.14          -0.05  (VIOLATED)
   tile/fpuOpt/ifpu_io_out_bits_data[22]
                                0.09           0.14          -0.05  (VIOLATED)
       PIN :   tile/fpuOpt/ifpu/u_T_429_data_reg_22_/Q
                                0.09           0.14          -0.05  (VIOLATED)
   tile/frontend/tlb_io_req_bits_vaddr[39]
                                0.09           0.13          -0.05  (VIOLATED)
       PIN :   tile/frontend/s1_pc_reg_39_/Q
                                0.09           0.13          -0.05  (VIOLATED)
   tile/fpuOpt/dfma/fma/mulAddRecFNToRaw_postMul_io_mulAddResult[101]
                                0.09           0.11          -0.03  (VIOLATED)
       PIN :   tile/fpuOpt/dfma/fma/u_T_5_reg_101_/Q
                                0.09           0.11          -0.03  (VIOLATED)
   tile/core_io_ptw_pmp_5_addr[7]
                                0.09           0.11          -0.02  (VIOLATED)
       PIN :   tile/core/csr/reg_pmp_5_addr_reg_7_/Q
                                0.09           0.11          -0.02  (VIOLATED)
   tile/fpuOpt/ifpu_io_out_bits_data[56]
                                0.09           0.11          -0.02  (VIOLATED)
       PIN :   tile/fpuOpt/ifpu/u_T_429_data_reg_56_/Q
                                0.09           0.11          -0.02  (VIOLATED)
   tile/fpuOpt/dfma/fma/mulAddRecFNToRaw_postMul_io_mulAddResult[100]
                                0.09           0.10          -0.01  (VIOLATED)
       PIN :   tile/fpuOpt/dfma/fma/u_T_5_reg_100_/Q
                                0.09           0.10          -0.01  (VIOLATED)
   tile/fpuOpt/dfma/fma/mulAddRecFNToRaw_postMul_io_mulAddResult[103]
                                0.09           0.10          -0.01  (VIOLATED)
       PIN :   tile/fpuOpt/dfma/fma/u_T_5_reg_103_/Q
                                0.09           0.10          -0.01  (VIOLATED)
   tile/fpuOpt/dfma/fma/mulAddRecFNToRaw_postMul_io_mulAddResult[99]
                                0.09           0.09          -0.01  (VIOLATED)
       PIN :   tile/fpuOpt/dfma/fma/u_T_5_reg_99_/Q
                                0.09           0.09          -0.01  (VIOLATED)
   tile/ptw_io_requestor_0_resp_bits_homogeneous
                                0.09           0.09          -0.01  (VIOLATED)
       PIN :   tile/ptw/U977/Y
                                0.09           0.09          -0.01  (VIOLATED)
   tile/core_io_ptw_pmp_0_addr[4]
                                0.09           0.09          -0.01  (VIOLATED)
       PIN :   tile/core/csr/reg_pmp_0_addr_reg_4_/Q
                                0.09           0.09          -0.01  (VIOLATED)
   tile/core_io_ptw_pmp_7_addr[2]
                                0.09           0.09          -0.01  (VIOLATED)
       PIN :   tile/core/csr/reg_pmp_7_addr_reg_2_/Q
                                0.09           0.09          -0.01  (VIOLATED)
   tile/fpuOpt/fpmu/n_T_6[58]
                                0.09           0.09          -0.01  (VIOLATED)
       PIN :   tile/fpuOpt/fpmu/inPipe_bits_in1_reg_58_/Q
                                0.09           0.09          -0.01  (VIOLATED)
   tile/dcache/n3460            0.09           0.09           0.00  (VIOLATED: increase significant digits)
   tile/core/n_T_613[29]        0.09           0.09           0.00  (VIOLATED: increase significant digits)
   tile/dcache/n3450            0.09           0.09           0.00  (VIOLATED: increase significant digits)
   tile/fpuOpt/fpmu/n_T_6[56]
                                0.09           0.09           0.00  (VIOLATED: increase significant digits)
   tile/dcache/n3455            0.09           0.09           0.00  (VIOLATED: increase significant digits)
   tile/buffer/Queue_3/n_T_opcode__T_18_addr
                                0.09           0.09           0.00  (VIOLATED: increase significant digits)
   tile/dcache/n_T_688[19]      0.09           0.09           0.00  (VIOLATED: increase significant digits)
   tile/fpuOpt/fpiu/n_T_64_1_
                                0.09           0.09           0.00  (VIOLATED: increase significant digits)
   tile/core/div/n_T_56[1]      0.09           0.09           0.00  (VIOLATED: increase significant digits)
   tile/core/n_T_903[48]        0.09           0.09           0.00  (VIOLATED: increase significant digits)
   tile/core_io_ptw_pmp_4_addr[2]
                                0.09           0.09           0.00  (VIOLATED: increase significant digits)
   tile/dcache/n213             0.09           0.09           0.00  (VIOLATED: increase significant digits)
   tile/core_io_ptw_pmp_1_addr[4]
                                0.09           0.09           0.00  (VIOLATED: increase significant digits)
   tile/core/csr/n_T_451[0]     0.09           0.09           0.00  (VIOLATED: increase significant digits)
   tile/fpuOpt/dfma/fma_io_a[11]
                                0.09           0.09           0.00  (VIOLATED: increase significant digits)
   tile/core/n_T_903[44]        0.09           0.09           0.00  (VIOLATED: increase significant digits)
   tile/core_io_ptw_pmp_1_addr[2]
                                0.09           0.09           0.00  (VIOLATED: increase significant digits)
   tile/fpuOpt/ifpu/n_T_404[26]
                                0.09           0.09           0.00  (VIOLATED: increase significant digits)
   tile/dcache/n3458            0.09           0.09           0.00  (VIOLATED: increase significant digits)
   tile/fpuOpt/divSqrt_1/divSqrtRecFNToRaw_io_rawOut_sig[32]
                                0.09           0.09           0.00  (VIOLATED: increase significant digits)
   tile/fpuOpt/regfile[1135]
                                0.09           0.09           0.00  (VIOLATED: increase significant digits)
   tile/fpuOpt/dfma/fma/mulAddRecFNToRaw_postMul_io_fromPreMul_highAlignedSigC[26]
                                0.09           0.09           0.00  (VIOLATED: increase significant digits)
   tile/dcache/n3449            0.09           0.09           0.00  (VIOLATED: increase significant digits)
   tile/fpuOpt/dfma/fma/mulAddRecFNToRaw_postMul_io_fromPreMul_highAlignedSigC[8]
                                0.09           0.09           0.00  (VIOLATED: increase significant digits)
   tile/fpuOpt/regfile[859]     0.09           0.09           0.00  (VIOLATED: increase significant digits)
   tile/fpuOpt/regfile[1107]
                                0.09           0.09           0.00  (VIOLATED: increase significant digits)
   tile/fpuOpt/regfile[799]     0.09           0.09           0.00  (VIOLATED: increase significant digits)
   plic/Queue_io_deq_bits_data[1]
                                0.09           0.09           0.00  (VIOLATED: increase significant digits)
   tile/fpuOpt/divSqrt/divSqrtRecFNToRaw_io_rawOut_sig[5]
                                0.09           0.09           0.00  (VIOLATED: increase significant digits)
   bh/TLBroadcastTracker_3_io_out_a_bits_address[7]
                                0.09           0.09           0.00  (VIOLATED: increase significant digits)
   tile/fpuOpt/regfile[417]     0.09           0.09           0.00  (VIOLATED: increase significant digits)
   tile/fpuOpt/regfile[858]     0.09           0.09           0.00  (VIOLATED: increase significant digits)
   tile/fpuOpt/regfile[1571]
                                0.09           0.09           0.00  (VIOLATED: increase significant digits)
   tile/fpuOpt/regfile[611]     0.09           0.09           0.00  (VIOLATED: increase significant digits)
   tile/fpuOpt/regfile[1836]
                                0.09           0.09           0.00  (VIOLATED: increase significant digits)
   tile/fpuOpt/regfile[1379]
                                0.09           0.09           0.00  (VIOLATED: increase significant digits)
   tile/fpuOpt/regfile[288]     0.09           0.09           0.00  (VIOLATED: increase significant digits)
   tile/fpuOpt/regfile[606]     0.09           0.09           0.00  (VIOLATED: increase significant digits)
   tile/fpuOpt/regfile[503]     0.09           0.09           0.00  (VIOLATED: increase significant digits)
   tile/fpuOpt/regfile[757]     0.09           0.09           0.00  (VIOLATED: increase significant digits)
   tile/fpuOpt/regfile[1530]
                                0.09           0.09           0.00  (VIOLATED: increase significant digits)
   tile/fpuOpt/regfile[490]     0.09           0.09           0.00  (VIOLATED: increase significant digits)
   tile/fpuOpt/regfile[1144]
                                0.09           0.09           0.00  (VIOLATED: increase significant digits)
   tile/fpuOpt/regfile[145]     0.09           0.09           0.00  (VIOLATED: increase significant digits)
   tile/fpuOpt/dfma/fma/roundRawFNToRecFN_io_in_sExp[0]
                                0.09           0.09           0.00  (VIOLATED: increase significant digits)
   tile/fpuOpt/regfile[527]     0.09           0.09           0.00  (VIOLATED: increase significant digits)
   tile/fpuOpt/dfma/fma_io_a[21]
                                0.09           0.09           0.00  (VIOLATED: increase significant digits)
   tile/fpuOpt/regfile[522]     0.09           0.09           0.00  (VIOLATED: increase significant digits)
   tile/core_io_ptw_pmp_3_addr[5]
                                0.09           0.09           0.00  (VIOLATED: increase significant digits)
   tile/core_io_ptw_pmp_2_addr[4]
                                0.09           0.09           0.00  (VIOLATED: increase significant digits)
   tile/fpuOpt/regfile[93]      0.09           0.09           0.00  (VIOLATED: increase significant digits)
   tile/fpuOpt/regfile[1049]
                                0.09           0.09           0.00  (VIOLATED: increase significant digits)
   tile/fpuOpt/sfma/fma/roundRawFNToRecFN_io_in_sig[5]
                                0.09           0.09           0.00  (VIOLATED: increase significant digits)
   tile/fpuOpt/regfile[274]     0.09           0.09           0.00  (VIOLATED: increase significant digits)
   tile/fpuOpt/regfile[937]     0.09           0.09           0.00  (VIOLATED: increase significant digits)
   tile/core/n_T_903[39]        0.09           0.09           0.00  (VIOLATED: increase significant digits)
   tile/fpuOpt/regfile[577]     0.09           0.09           0.00  (VIOLATED: increase significant digits)
   tile/fpuOpt/regfile[1124]
                                0.09           0.09           0.00  (VIOLATED: increase significant digits)
   tile/core/n_T_427[485]       0.09           0.09           0.00  (VIOLATED: increase significant digits)
   tile/fpuOpt/regfile[1631]
                                0.09           0.09           0.00  (VIOLATED: increase significant digits)
   tile/fpuOpt/regfile[983]     0.09           0.09           0.00  (VIOLATED: increase significant digits)
   tile/fpuOpt/fpmu/n_T_6[29]
                                0.09           0.09           0.00  (VIOLATED: increase significant digits)
   tile/fpuOpt/regfile[957]     0.09           0.09           0.00  (VIOLATED: increase significant digits)
   tile/fpuOpt/regfile[1318]
                                0.09           0.09           0.00  (VIOLATED: increase significant digits)
   tile/fpuOpt/regfile__T_412_addr[0]
                                0.09           0.09           0.00  (VIOLATED: increase significant digits)
   tile/dcache/n_T_1187[0]      0.09           0.09           0.00  (VIOLATED: increase significant digits)
   tile/fpuOpt/regfile[1191]
                                0.09           0.09           0.00  (VIOLATED: increase significant digits)
   tile/fpuOpt/regfile[458]     0.09           0.09           0.00  (VIOLATED: increase significant digits)
   tile/fpuOpt/regfile[1001]
                                0.09           0.09           0.00  (VIOLATED: increase significant digits)
   bh/TLBroadcastTracker_io_out_a_bits_address[22]
                                0.09           0.09           0.00  (VIOLATED: increase significant digits)
   tile/frontend/btb_io_resp_bits_bht_history[2]
                                0.09           0.09           0.00  (VIOLATED: increase significant digits)
   tile/fpuOpt/regfile[1963]
                                0.09           0.09           0.00  (VIOLATED: increase significant digits)
   tile/fpuOpt/regfile[147]     0.09           0.09           0.00  (VIOLATED: increase significant digits)
   tile/fpuOpt/regfile[1848]
                                0.09           0.09           0.00  (VIOLATED: increase significant digits)
   tile/fpuOpt/regfile[600]     0.09           0.09           0.00  (VIOLATED: increase significant digits)
   tile/core/csr/n_T_91[1]      0.09           0.09           0.00  (VIOLATED: increase significant digits)
   tile/frontend/btb/r_btb_updatePipe_bits_prediction_entry[0]
                                0.09           0.09           0.00  (VIOLATED: increase significant digits)
   tile/fpuOpt/regfile[1728]
                                0.09           0.09           0.00  (VIOLATED: increase significant digits)
   tile/fpuOpt/regfile[732]     0.09           0.09           0.00  (VIOLATED: increase significant digits)
   tile/fpuOpt/regfile[744]     0.09           0.09           0.00  (VIOLATED: increase significant digits)
   tile/dcache/n3451            0.09           0.09           0.00  (VIOLATED: increase significant digits)
   sbus/coupler_to_port_named_mmio_port_axi4/axi4yank/Queue_8/n_T__T_10_addr[2]
                                0.09           0.09           0.00  (VIOLATED: increase significant digits)
   tile/fpuOpt/regfile[1182]
                                0.09           0.09           0.00  (VIOLATED: increase significant digits)
   tile/core/csr/reg_mtvec[9]
                                0.09           0.09           0.00  (VIOLATED: increase significant digits)
   tile/fpuOpt/regfile[1376]
                                0.09           0.09           0.00  (VIOLATED: increase significant digits)
   tile/fpuOpt/regfile[1971]
                                0.09           0.09           0.00  (VIOLATED: increase significant digits)
   tile/fpuOpt/regfile[855]     0.09           0.09           0.00  (VIOLATED: increase significant digits)
   tile/fpuOpt/regfile[597]     0.09           0.09           0.00  (VIOLATED: increase significant digits)
   tile/fpuOpt/regfile[1996]
                                0.09           0.09           0.00  (VIOLATED: increase significant digits)
   tile/fpuOpt/regfile[1667]
                                0.09           0.09           0.00  (VIOLATED: increase significant digits)
   tile/fpuOpt/regfile[1516]
                                0.09           0.09           0.00  (VIOLATED: increase significant digits)
   tile/core/n_T_427[675]       0.09           0.09           0.00  (VIOLATED: increase significant digits)
   tile/fpuOpt/regfile[487]     0.09           0.09           0.00  (VIOLATED: increase significant digits)
   tile/fpuOpt/regfile[1050]
                                0.09           0.09           0.00  (VIOLATED: increase significant digits)
   tile/fpuOpt/regfile[694]     0.09           0.09           0.00  (VIOLATED: increase significant digits)
   tile/fpuOpt/regfile[1807]
                                0.09           0.09           0.00  (VIOLATED: increase significant digits)
   tile/core_io_ptw_pmp_4_addr[19]
                                0.09           0.09           0.00  (VIOLATED: increase significant digits)
   tile/fpuOpt/regfile[1846]
                                0.09           0.09           0.00  (VIOLATED: increase significant digits)
   tile/core/n_T_903[45]        0.09           0.09           0.00  (VIOLATED: increase significant digits)
   tile/fpuOpt/regfile[891]     0.09           0.09           0.00  (VIOLATED: increase significant digits)
   tile/fpuOpt/regfile[264]     0.09           0.09           0.00  (VIOLATED: increase significant digits)
   tile/core/n_T_427[134]       0.09           0.09           0.00  (VIOLATED: increase significant digits)
   tile/fpuOpt/regfile[709]     0.09           0.09           0.00  (VIOLATED: increase significant digits)
   tile/core/n_T_1167[22]       0.09           0.09           0.00  (VIOLATED: increase significant digits)
   tile/fpuOpt/regfile[1372]
                                0.09           0.09           0.00  (VIOLATED: increase significant digits)
   tile/fpuOpt/regfile[2019]
                                0.09           0.09           0.00  (VIOLATED: increase significant digits)
   tile/fpuOpt/regfile[7]       0.09           0.09           0.00  (VIOLATED: increase significant digits)
   tile/fpuOpt/regfile[372]     0.09           0.09           0.00  (VIOLATED: increase significant digits)
   tile/fpuOpt/regfile[1834]
                                0.09           0.09           0.00  (VIOLATED: increase significant digits)
   tile/fpuOpt/regfile[1655]
                                0.09           0.09           0.00  (VIOLATED: increase significant digits)
   tile/fpuOpt/regfile[1505]
                                0.09           0.09           0.00  (VIOLATED: increase significant digits)
   tile/fpuOpt/dfma/fma/mulAddRecFNToRaw_postMul_io_fromPreMul_highAlignedSigC[30]
                                0.09           0.09           0.00  (VIOLATED: increase significant digits)
   tile/fpuOpt/dfma/fma_io_c[32]
                                0.09           0.09           0.00  (VIOLATED: increase significant digits)
   tile/fpuOpt/fpmu/n_T_6[57]
                                0.09           0.09           0.00  (VIOLATED: increase significant digits)
   tile/fpuOpt/regfile[32]      0.09           0.09           0.00  (VIOLATED: increase significant digits)
   tile/fpuOpt/regfile[1122]
                                0.09           0.09           0.00  (VIOLATED: increase significant digits)
   tile/fpuOpt/sfma/fma/roundRawFNToRecFN_io_in_sig[13]
                                0.09           0.09           0.00  (VIOLATED: increase significant digits)
   tile/fpuOpt/dfma/fma/roundRawFNToRecFN_io_in_sig[14]
                                0.09           0.09           0.00  (VIOLATED: increase significant digits)
   tile/fpuOpt/regfile[1436]
                                0.09           0.09           0.00  (VIOLATED: increase significant digits)
   tile/fpuOpt/regfile[292]     0.09           0.09           0.00  (VIOLATED: increase significant digits)
   tile/frontend/icache/n2114
                                0.09           0.09           0.00  (VIOLATED: increase significant digits)
   debug_1/dmInner/dmInner/n_T_694[8]
                                0.09           0.09           0.00  (VIOLATED: increase significant digits)
   cbus/atomics/n_T_246[0]      0.09           0.09           0.00  (VIOLATED: increase significant digits)
   tile/ptw_io_requestor_0_pmp_6_cfg_w
                                0.09           0.09           0.00  (VIOLATED: increase significant digits)
   tile/fpuOpt/fpmu/inPipe_bits_in2[38]
                                0.09           0.09           0.00  (VIOLATED: increase significant digits)
   tile/ptw/vpn_idxs_0[5]       0.09           0.09           0.00  (VIOLATED: increase significant digits)
   cbus/atomics/n_T_168[1]      0.09           0.09           0.00  (VIOLATED: increase significant digits)
   tile/fpuOpt/regfile[734]     0.09           0.09           0.00  (VIOLATED: increase significant digits)
   tile/fpuOpt/regfile[936]     0.09           0.09           0.00  (VIOLATED: increase significant digits)
   tile/core/csr/n_T_91[36]     0.09           0.09           0.00  (VIOLATED: increase significant digits)
   tile/fpuOpt/regfile[290]     0.09           0.09           0.00  (VIOLATED: increase significant digits)
   tile/fpuOpt/dfma/fma/roundRawFNToRecFN_io_in_sig[17]
                                0.09           0.09           0.00  (VIOLATED: increase significant digits)
   debug_1/dmInner/dmInner/n_T_1501[14]
                                0.09           0.09           0.00  (VIOLATED: increase significant digits)
   tile/ptw/vpn_idxs_2[6]       0.09           0.09           0.00  (VIOLATED: increase significant digits)
   tile/fpuOpt/regfile[833]     0.09           0.09           0.00  (VIOLATED: increase significant digits)
   tile/fpuOpt/regfile[201]     0.09           0.09           0.00  (VIOLATED: increase significant digits)
   tile/core/div/n_T_56[19]     0.09           0.09           0.00  (VIOLATED: increase significant digits)
   tile/fpuOpt/regfile[409]     0.09           0.09           0.00  (VIOLATED: increase significant digits)
   tile/fpuOpt/regfile[870]     0.09           0.09           0.00  (VIOLATED: increase significant digits)
   tile/frontend/icache/s2_dout_0[19]
                                0.09           0.09           0.00  (VIOLATED: increase significant digits)
   tile/fpuOpt/regfile[991]     0.09           0.09           0.00  (VIOLATED: increase significant digits)
   tile/fpuOpt/regfile[977]     0.09           0.09           0.00  (VIOLATED: increase significant digits)
   tile/fpuOpt/divSqrt_1/divSqrtRecFNToRaw_io_rawOut_sig[13]
                                0.09           0.09           0.00  (VIOLATED: increase significant digits)
   tile/fpuOpt/regfile[2041]
                                0.09           0.09           0.00  (VIOLATED: increase significant digits)
   tile/fpuOpt/divSqrt_1/divSqrtRecFNToRaw_io_rawOut_sig[20]
                                0.09           0.09           0.00  (VIOLATED: increase significant digits)
   tile/fpuOpt/dfma/fma/roundRawFNToRecFN_io_in_sig[10]
                                0.09           0.09           0.00  (VIOLATED: increase significant digits)
   tile/fpuOpt/dfma/fma/roundRawFNToRecFN_io_in_sig[34]
                                0.09           0.09           0.00  (VIOLATED: increase significant digits)
   tile/core/n10512             0.09           0.09           0.00  (VIOLATED: increase significant digits)
   tile/core/n_T_427[807]       0.09           0.09           0.00  (VIOLATED: increase significant digits)
   tile/core/div/n_T_42[34]     0.09           0.09           0.00  (VIOLATED: increase significant digits)
   fbus/coupler_from_port_named_slave_port_axi4/axi4frag/Queue/n_T_1
                                0.09           0.09           0.00  (VIOLATED: increase significant digits)
   debug_1/dmInner/dmInner/n_T_815[11]
                                0.09           0.09           0.00  (VIOLATED: increase significant digits)
   tile/core/n_T_427[457]       0.09           0.09           0.00  (VIOLATED: increase significant digits)
   tile/core/n_T_427[281]       0.09           0.09           0.00  (VIOLATED: increase significant digits)
   tile/fpuOpt/regfile[24]      0.09           0.09           0.00  (VIOLATED: increase significant digits)
   debug_1/dmInner/dmInner/n_T_2325[1]
                                0.09           0.09           0.00  (VIOLATED: increase significant digits)
   tile/fpuOpt/regfile[109]     0.09           0.09           0.00  (VIOLATED: increase significant digits)
   tile/fpuOpt/sfma/fma/roundRawFNToRecFN_io_in_sig[19]
                                0.09           0.09           0.00  (VIOLATED: increase significant digits)
   tile/fpuOpt/regfile[1352]
                                0.09           0.09           0.00  (VIOLATED: increase significant digits)
   tile/fpuOpt/regfile[1189]
                                0.09           0.09           0.00  (VIOLATED: increase significant digits)
   tile/fpuOpt/regfile[349]     0.09           0.09           0.00  (VIOLATED: increase significant digits)
   tile/core/mem_reg_rs2[31]
                                0.09           0.09           0.00  (VIOLATED: increase significant digits)
   tile/fpuOpt/regfile[962]     0.09           0.09           0.00  (VIOLATED: increase significant digits)
   tile/fpuOpt/regfile[223]     0.09           0.09           0.00  (VIOLATED: increase significant digits)
   tile/dcache/n175             0.09           0.09           0.00  (VIOLATED: increase significant digits)
   tile/fpuOpt/ex_reg_valid     0.09           0.09           0.00  (VIOLATED: increase significant digits)
   debug_1/dmInner/dmInner/n_T_1864[11]
                                0.09           0.09           0.00  (VIOLATED: increase significant digits)
   tile/fpuOpt/regfile[1912]
                                0.09           0.09           0.00  (VIOLATED: increase significant digits)
   tile/core/csr/reg_mtvec[15]
                                0.09           0.09           0.00  (VIOLATED: increase significant digits)
   tile/fpuOpt/dfma/fma_io_c[49]
                                0.09           0.09           0.00  (VIOLATED: increase significant digits)
   tile/frontend/btb/brIdx_12
                                0.09           0.09           0.00  (VIOLATED: increase significant digits)
   tile/core/n_T_427[1646]      0.09           0.09           0.00  (VIOLATED: increase significant digits)
   tile/frontend/btb/n_T_883[207]
                                0.09           0.09           0.00  (VIOLATED: increase significant digits)
   tile/core/n_T_427[140]       0.09           0.09           0.00  (VIOLATED: increase significant digits)
   tile/core/n_T_427[1425]      0.09           0.09           0.00  (VIOLATED: increase significant digits)
   tile/frontend/btb/n_T_883[117]
                                0.09           0.09           0.00  (VIOLATED: increase significant digits)
   tile/fpuOpt/divSqrt_1/divSqrtRecFNToRaw_io_rawOut_sig[24]
                                0.09           0.09           0.00  (VIOLATED: increase significant digits)
   tile/core/mem_reg_rs2[14]
                                0.09           0.09           0.00  (VIOLATED: increase significant digits)
   tile/core/csr/reg_stvec[8]
                                0.09           0.09           0.00  (VIOLATED: increase significant digits)
   tile/ptw/vpn_idxs_0[3]       0.09           0.09           0.00  (VIOLATED: increase significant digits)
   tile/core/n_T_903[55]        0.09           0.09           0.00  (VIOLATED: increase significant digits)
   tile/fpuOpt/regfile[2074]
                                0.09           0.09           0.00  (VIOLATED: increase significant digits)
   bh/TLBroadcastTracker_1_io_out_a_bits_address[12]
                                0.09           0.09           0.00  (VIOLATED: increase significant digits)
   tile/core_io_ptw_pmp_5_addr[5]
                                0.09           0.09           0.00  (VIOLATED: increase significant digits)
   tile/frontend/icache/n2117
                                0.09           0.09           0.00  (VIOLATED: increase significant digits)
   tile/frontend/btb/n_T_883[173]
                                0.09           0.09           0.00  (VIOLATED: increase significant digits)
   tile/fpuOpt/regfile[819]     0.09           0.09           0.00  (VIOLATED: increase significant digits)
   tile/frontend/btb/idxPages_2[1]
                                0.09           0.09           0.00  (VIOLATED: increase significant digits)
   tile/core/csr/n4430          0.09           0.09           0.00  (VIOLATED: increase significant digits)
   tile/core/n_T_427[799]       0.09           0.09           0.00  (VIOLATED: increase significant digits)
   tile/core/n_T_427[1965]      0.09           0.09           0.00  (VIOLATED: increase significant digits)
   tile/fpuOpt/divSqrt_1/divSqrtRecFNToRaw_io_rawOut_sig[23]
                                0.09           0.09           0.00  (VIOLATED: increase significant digits)
   tile/frontend/btb/pages_3[19]
                                0.09           0.09           0.00  (VIOLATED: increase significant digits)
   tile/frontend/tlb/sectored_entries_1_valid_1
                                0.09           0.09           0.00  (VIOLATED: increase significant digits)
   cbus/coupler_to_clint/fragmenter/n_T_104[0]
                                0.09           0.09           0.00  (VIOLATED: increase significant digits)
   tile/fpuOpt/divSqrt_1/divSqrtRecFNToRaw_io_rawOut_sig[15]
                                0.09           0.09           0.00  (VIOLATED: increase significant digits)
   tile/fpuOpt/dfma/fma/mulAddRecFNToRaw_postMul_io_mulAddResult[80]
                                0.09           0.09           0.00  (VIOLATED: increase significant digits)
   tile/frontend/btb/n_T_883[45]
                                0.09           0.09           0.00  (VIOLATED: increase significant digits)
   tile/fpuOpt/dfma/fma/mulAddRecFNToRaw_postMul_io_mulAddResult[102]
                                0.09           0.09           0.00  (VIOLATED: increase significant digits)
   tile/frontend/btb/tgts_1[8]
                                0.09           0.09           0.00  (VIOLATED: increase significant digits)
   tile/fpuOpt/regfile[672]     0.09           0.09           0.00  (VIOLATED: increase significant digits)
   tile/dcache/n3481            0.09           0.09           0.00  (VIOLATED: increase significant digits)
   tile/fpuOpt/regfile[2011]
                                0.09           0.09           0.00  (VIOLATED: increase significant digits)
   tile/fpuOpt/regfile[1924]
                                0.09           0.09           0.00  (VIOLATED: increase significant digits)
   tile/fpuOpt/regfile[1343]
                                0.09           0.09           0.00  (VIOLATED: increase significant digits)
   tile/core/n_T_903[50]        0.09           0.09           0.00  (VIOLATED: increase significant digits)
   bh/TLBroadcastTracker_1/o_data/n_T_mask__T_18_addr[0]
                                0.09           0.09           0.00  (VIOLATED: increase significant digits)
   tile/fpuOpt/load_wb_data[48]
                                0.09           0.09           0.00  (VIOLATED: increase significant digits)
   debug_1/dmInner/dmInner/n_T_1109[7]
                                0.09           0.09           0.00  (VIOLATED: increase significant digits)
   tile/fpuOpt/sfma/fma_io_c[12]
                                0.09           0.09           0.00  (VIOLATED: increase significant digits)
   tile/fpuOpt/regfile[1943]
                                0.09           0.09           0.00  (VIOLATED: increase significant digits)
   tile/core/n_T_1123[8]        0.09           0.09           0.00  (VIOLATED: increase significant digits)
   tile/frontend/btb/tgts_5[1]
                                0.09           0.09           0.00  (VIOLATED: increase significant digits)
   tile/fpuOpt/regfile[299]     0.09           0.09           0.00  (VIOLATED: increase significant digits)
   tile/core/div/n_T_42[28]     0.09           0.09           0.00  (VIOLATED: increase significant digits)
   tile/core/n_T_771[38]        0.09           0.09           0.00  (VIOLATED: increase significant digits)
   tile/core/n_T_427[170]       0.09           0.09           0.00  (VIOLATED: increase significant digits)
   tile/core/n_T_427[653]       0.09           0.09           0.00  (VIOLATED: increase significant digits)
   tile/dcache/n187             0.09           0.09           0.00  (VIOLATED: increase significant digits)
   tile/fpuOpt/regfile[1769]
                                0.09           0.09           0.00  (VIOLATED: increase significant digits)
   tile/fpuOpt/regfile[1460]
                                0.09           0.09           0.00  (VIOLATED: increase significant digits)
   tile/fpuOpt/dfma/fma/mulAddRecFNToRaw_postMul_io_fromPreMul_highAlignedSigC[28]
                                0.09           0.09           0.00  (VIOLATED: increase significant digits)
   tile/fpuOpt/regfile[1038]
                                0.09           0.09           0.00  (VIOLATED: increase significant digits)
   tile/core/n_T_1167[30]       0.09           0.09           0.00  (VIOLATED: increase significant digits)
   tile/dcache/tlb/n_T_2229[2]
                                0.09           0.09           0.00  (VIOLATED: increase significant digits)
   tile/fpuOpt/dfma/fma/roundRawFNToRecFN_io_in_sig[45]
                                0.09           0.09           0.00  (VIOLATED: increase significant digits)
   tile/fpuOpt/regfile[963]     0.09           0.09           0.00  (VIOLATED: increase significant digits)
   tile/fpuOpt/sfma/fma/roundRawFNToRecFN_io_in_sig[6]
                                0.09           0.09           0.00  (VIOLATED: increase significant digits)
   tile/fpuOpt/fpmu_io_out_bits_exc[1]
                                0.09           0.09           0.00  (VIOLATED: increase significant digits)
   tile/fpuOpt/regfile[2076]
                                0.09           0.09           0.00  (VIOLATED: increase significant digits)
   tile/ptw/vpn_idxs_2[5]       0.09           0.09           0.00  (VIOLATED: increase significant digits)
   tile/frontend/btb/cfiType_4[1]
                                0.09           0.09           0.00  (VIOLATED: increase significant digits)
   tile/fpuOpt/regfile[1969]
                                0.09           0.09           0.00  (VIOLATED: increase significant digits)
   tile/fpuOpt/divSqrt_1/divSqrtRecFNToRaw_io_rawOut_sig[4]
                                0.09           0.09           0.00  (VIOLATED: increase significant digits)
   tile/core/div/n_T_56[49]     0.09           0.09           0.00  (VIOLATED: increase significant digits)
   tile/core/div/n_T_42[32]     0.09           0.09           0.00  (VIOLATED: increase significant digits)
   tile/core/wb_reg_xcpt        0.09           0.09           0.00  (VIOLATED: increase significant digits)
   tile/fpuOpt/regfile[1470]
                                0.09           0.09           0.00  (VIOLATED: increase significant digits)
   tile/fpuOpt/regfile[1962]
                                0.09           0.09           0.00  (VIOLATED: increase significant digits)
   tile/fpuOpt/regfile[1525]
                                0.09           0.09           0.00  (VIOLATED: increase significant digits)
   tile/frontend/btb/n_T_883[149]
                                0.09           0.09           0.00  (VIOLATED: increase significant digits)
   tile/fpuOpt/regfile[1374]
                                0.09           0.09           0.00  (VIOLATED: increase significant digits)
   tile/fpuOpt/dfma/fma/mulAddRecFNToRaw_postMul_io_fromPreMul_highAlignedSigC[22]
                                0.09           0.09           0.00  (VIOLATED: increase significant digits)
   tile/fpuOpt/divSqrt_1/divSqrtRecFNToRaw_io_rawOut_sig[5]
                                0.09           0.09           0.00  (VIOLATED: increase significant digits)
   tile/core/n_T_903[10]        0.09           0.09           0.00  (VIOLATED: increase significant digits)
   tile/fpuOpt/regfile[1094]
                                0.09           0.09           0.00  (VIOLATED: increase significant digits)
   tile/core/n_T_427[1153]      0.09           0.09           0.00  (VIOLATED: increase significant digits)
   tile/fpuOpt/regfile[2003]
                                0.09           0.09           0.00  (VIOLATED: increase significant digits)
   tile/fpuOpt/regfile[628]     0.09           0.09           0.00  (VIOLATED: increase significant digits)
   tile/core/n_T_771[13]        0.09           0.09           0.00  (VIOLATED: increase significant digits)
   tile/frontend/icache/s2_dout_3[22]
                                0.09           0.09           0.00  (VIOLATED: increase significant digits)
   tile/fpuOpt/regfile[105]     0.09           0.09           0.00  (VIOLATED: increase significant digits)
   tile/ptw/n_T_40[7]           0.09           0.09           0.00  (VIOLATED: increase significant digits)
   debug_1/dmInner/dmInner/n_T_815[16]
                                0.09           0.09           0.00  (VIOLATED: increase significant digits)
   tile/frontend/btb/pages_5[24]
                                0.09           0.09           0.00  (VIOLATED: increase significant digits)
   tile/fpuOpt/dfma/fma/mulAddRecFNToRaw_postMul_io_mulAddResult[50]
                                0.09           0.09           0.00  (VIOLATED: increase significant digits)
   tile/fpuOpt/dfma/fma/mulAddRecFNToRaw_postMul_io_fromPreMul_highAlignedSigC[49]
                                0.09           0.09           0.00  (VIOLATED: increase significant digits)
   tile/frontend/btb/idxPages_7[1]
                                0.09           0.09           0.00  (VIOLATED: increase significant digits)
   tile/fpuOpt/load_wb_data[43]
                                0.09           0.09           0.00  (VIOLATED: increase significant digits)
   bh/TLBroadcastTracker_2/o_data/n_T_mask__T_18_addr[0]
                                0.09           0.09           0.00  (VIOLATED: increase significant digits)
   tile/fpuOpt/ifpu/n_T_404[35]
                                0.09           0.09           0.00  (VIOLATED: increase significant digits)
   tile/core/n[69]              0.09           0.09           0.00  (VIOLATED: increase significant digits)
   debug_1/dmInner/dmInner/n_T_2423[12]
                                0.09           0.09           0.00  (VIOLATED: increase significant digits)
   tile/core/csr/n4438          0.09           0.09           0.00  (VIOLATED: increase significant digits)
   tile/core_io_ptw_pmp_3_addr[2]
                                0.09           0.09           0.00  (VIOLATED: increase significant digits)
   tile/fpuOpt/regfile[1183]
                                0.09           0.09           0.00  (VIOLATED: increase significant digits)
   tile/core/n_T_903[43]        0.09           0.09           0.00  (VIOLATED: increase significant digits)
   tile/fpuOpt/regfile[197]     0.09           0.09           0.00  (VIOLATED: increase significant digits)
   tile/frontend/btb/n5695      0.10           0.10           0.00  (VIOLATED: increase significant digits)
   tile/core/n_T_427[265]       0.09           0.09           0.00  (VIOLATED: increase significant digits)
   tile/dcache/n156             0.09           0.09           0.00  (VIOLATED: increase significant digits)
   tile/dcache/n3491            0.09           0.09           0.00  (VIOLATED: increase significant digits)
   tile/ptw/vpn_idxs_0[2]       0.09           0.09           0.00  (VIOLATED: increase significant digits)
   tile/frontend/tlb/special_entry_level[1]
                                0.09           0.09           0.00  (VIOLATED: increase significant digits)
   tile/core/div/n_T_42[12]     0.09           0.09           0.00  (VIOLATED: increase significant digits)
   tile/fpuOpt/ifpu/n_T_404[11]
                                0.09           0.09           0.00  (VIOLATED: increase significant digits)
   tile/core/n_T_771[17]        0.09           0.09           0.00  (VIOLATED: increase significant digits)
   tile/fpuOpt/ifpu/n_T_404[9]
                                0.09           0.09           0.00  (VIOLATED: increase significant digits)
   tile/core/csr/n_T_451[1]     0.09           0.09           0.00  (VIOLATED: increase significant digits)
   tile/frontend/icache/n2107
                                0.09           0.09           0.00  (VIOLATED: increase significant digits)
   tile/fpuOpt/ifpu/n_T_404[28]
                                0.09           0.09           0.00  (VIOLATED: increase significant digits)
   tile/fpuOpt/regfile[1517]
                                0.09           0.09           0.00  (VIOLATED: increase significant digits)
   tile/fpuOpt/regfile[966]     0.09           0.09           0.00  (VIOLATED: increase significant digits)
   tile/ptw_io_requestor_0_pmp_0_cfg_w
                                0.09           0.09           0.00  (VIOLATED: increase significant digits)
   tile/fpuOpt/divSqrt_1/divSqrtRecFNToRaw_io_rawOut_sig[26]
                                0.09           0.09           0.00  (VIOLATED: increase significant digits)
   tile/fpuOpt/regfile[364]     0.09           0.09           0.00  (VIOLATED: increase significant digits)
   tile/fpuOpt/divSqrt_1/divSqrtRecFNToRaw_io_rawOut_sig[22]
                                0.09           0.09           0.00  (VIOLATED: increase significant digits)
   tile/fpuOpt/regfile[1893]
                                0.09           0.09           0.00  (VIOLATED: increase significant digits)
   tile/fpuOpt/sfma/fma/mulAddRecFNToRaw_postMul_io_fromPreMul_CDom_CAlignDist[1]
                                0.09           0.09           0.00  (VIOLATED: increase significant digits)
   tile/frontend/icache/n2120
                                0.09           0.09           0.00  (VIOLATED: increase significant digits)
   tile/dcache/n3480            0.09           0.09           0.00  (VIOLATED: increase significant digits)
   tile/fpuOpt/dfma/fma_io_c[37]
                                0.09           0.09           0.00  (VIOLATED: increase significant digits)
   tile/fpuOpt/regfile[169]     0.09           0.09           0.00  (VIOLATED: increase significant digits)
   tile/core/n10535             0.09           0.09           0.00  (VIOLATED: increase significant digits)
   tile/fpuOpt/regfile[63]      0.09           0.09           0.00  (VIOLATED: increase significant digits)
   tile/frontend/icache/n2108
                                0.09           0.09           0.00  (VIOLATED: increase significant digits)
   tile/ptw/vpn_idxs_0[7]       0.09           0.09           0.00  (VIOLATED: increase significant digits)
   tile/core_io_ptw_pmp_4_addr[7]
                                0.09           0.09           0.00  (VIOLATED: increase significant digits)
   tile/fpuOpt/regfile[1134]
                                0.09           0.09           0.00  (VIOLATED: increase significant digits)
   debug_1/dmInner/dmInner/n_T_596[29]
                                0.09           0.09           0.00  (VIOLATED: increase significant digits)

   -----------------------------------------------------------------
   Total                      315                -0.74  

   max_capacitance

                             Required        Actual
   Net                      Capacitance    Capacitance       Slack
   -----------------------------------------------------------------
   tile/frontend/icache/n357
                               82.00         217.76        -135.76  (VIOLATED)
   tile/dcache/n3454           16.00          30.01         -14.01  (VIOLATED)
   tile/fpuOpt/dfma/fma/mulAddRecFNToRaw_postMul_io_mulAddResult[104]
                                8.00          13.91          -5.91  (VIOLATED)
   tile/fpuOpt/ifpu_io_out_bits_data[22]
                                8.00          13.87          -5.87  (VIOLATED)
   tile/frontend/tlb_io_req_bits_vaddr[39]
                                8.00          13.27          -5.27  (VIOLATED)
   tile/core_io_ptw_pmp_5_addr[7]
                               16.00          20.96          -4.96  (VIOLATED)
   tile/ptw_io_requestor_0_resp_bits_homogeneous
                               32.00          36.22          -4.22  (VIOLATED)
   tile/fpuOpt/dfma/fma/n6224
                               16.00          20.20          -4.20  (VIOLATED)
   tile/core/div/n169          16.00          19.88          -3.88  (VIOLATED)
   tile/core/ibuf/RVCExpander_io_in[0]
                               16.00          19.74          -3.74  (VIOLATED)
   tile/fpuOpt/n2683           32.00          35.65          -3.65  (VIOLATED)
   tile/core/div/n171          16.00          19.33          -3.33  (VIOLATED)
   tile/core/csr_io_rw_rdata[7]
                                8.00          10.97          -2.97  (VIOLATED)
   tile/core/div/n167          16.00          18.94          -2.94  (VIOLATED)
   tile/fpuOpt/ifpu/INToRecFN/n819
                                8.00          10.92          -2.92  (VIOLATED)
   tile/core/div/n172          16.00          18.73          -2.73  (VIOLATED)
   tile/fpuOpt/dfma/fma/mulAddRecFNToRaw_postMul_io_mulAddResult[101]
                                8.00          10.70          -2.70  (VIOLATED)
   tile/fpuOpt/ifpu_io_out_bits_data[56]
                                8.00          10.51          -2.51  (VIOLATED)
   tile/frontend/btb/n5695      8.00           9.99          -1.99  (VIOLATED)
   tile/frontend/tlb/n1057      8.00           9.85          -1.85  (VIOLATED)
   tile/frontend/btb/n5673      8.00           9.84          -1.84  (VIOLATED)
   tile/frontend/btb/n1864      8.00           9.82          -1.82  (VIOLATED)
   mmio_axi4_0_ar_bits_addr[3]
                               16.00          17.79          -1.79  (VIOLATED)
   tile/core_io_dmem_s1_data_data[19]
                               16.00          17.68          -1.68  (VIOLATED)
   cbus/buffer/n147            16.00          17.66          -1.66  (VIOLATED)
   cbus/buffer/n145            16.00          17.65          -1.65  (VIOLATED)
   tile/fpuOpt/n_T_483[30]     32.00          33.63          -1.63  (VIOLATED)
   tile/fpuOpt/divSqrt/roundRawFNToRecFN/roundAnyRawFNToRecFN/n428
                               16.00          17.63          -1.63  (VIOLATED)
   sbus/coupler_to_port_named_mmio_port_axi4/axi4buf_auto_in_r_bits_data[9]
                               16.00          17.62          -1.62  (VIOLATED)
   tile/core_io_dmem_s1_data_data[56]
                               16.00          17.62          -1.62  (VIOLATED)
   cbus/buffer/n141            16.00          17.61          -1.61  (VIOLATED)
   tile/core/csr_io_evec[26]
                               16.00          17.61          -1.61  (VIOLATED)
   mem_axi4_0_w_bits_data[56]
                               82.00          83.61          -1.61  (VIOLATED)
   sbus/coupler_to_port_named_mmio_port_axi4/axi4yank/n58
                               16.00          17.60          -1.60  (VIOLATED)
   tile/ptw/n1669               8.00           9.58          -1.58  (VIOLATED)
   sbus/coupler_to_port_named_mmio_port_axi4/axi4buf/n63
                               16.00          17.57          -1.57  (VIOLATED)
   tile/dcache/tlb/n3115        8.00           9.53          -1.53  (VIOLATED)
   mmio_axi4_0_w_bits_data[14]
                               16.00          17.53          -1.53  (VIOLATED)
   tile/frontend/btb/n5410      8.00           9.52          -1.52  (VIOLATED)
   tile/core_io_imem_flush_icache
                               16.00          17.51          -1.51  (VIOLATED)
   tile/frontend/btb/n5672      8.00           9.51          -1.51  (VIOLATED)
   tile/frontend/tlb/n1137      8.00           9.51          -1.51  (VIOLATED)
   tile/dcache/tlb/n1370        8.00           9.49          -1.49  (VIOLATED)
   tile/core/n4660             16.00          17.48          -1.48  (VIOLATED)
   tile/fpuOpt/n2916           16.00          17.47          -1.47  (VIOLATED)
   tile/core_io_dmem_s1_data_data[16]
                               16.00          17.47          -1.47  (VIOLATED)
   tile/dcache/tlb_io_resp_cacheable
                                8.00           9.47          -1.47  (VIOLATED)
   tile/fpuOpt/divSqrt/roundRawFNToRecFN/roundAnyRawFNToRecFN/n468
                               16.00          17.45          -1.45  (VIOLATED)
   tile/core/csr_io_evec[16]
                               16.00          17.43          -1.43  (VIOLATED)
   tile/fpuOpt/divSqrt_1/roundRawFNToRecFN/roundAnyRawFNToRecFN/n561
                               16.00          17.43          -1.43  (VIOLATED)
   bootrom/n1833               16.00          17.43          -1.43  (VIOLATED)
   mbus/coupler_to_memory_controller_named_axi4/tl2axi4/n131
                               16.00          17.42          -1.42  (VIOLATED)
   sbus/system_bus_xbar_auto_in_0_d_bits_data[43]
                               16.00          17.42          -1.42  (VIOLATED)
   tile/fpuOpt/regfile_ex_rs_2_data[3]
                                8.00           9.41          -1.41  (VIOLATED)
   tile/fpuOpt/dfma/fma/n6110
                               16.00          17.41          -1.41  (VIOLATED)
   debug_clockeddmi_dmi_resp_bits_data[19]
                               32.00          33.40          -1.40  (VIOLATED)
   tile/core_io_dmem_s1_data_data[57]
                               16.00          17.39          -1.39  (VIOLATED)
   tile/frontend/tlb_io_resp_pf_inst
                               16.00          17.39          -1.39  (VIOLATED)
   cbus/buffer/n146            16.00          17.38          -1.38  (VIOLATED)
   tile/core_io_imem_req_bits_pc[33]
                               16.00          17.38          -1.38  (VIOLATED)
   tile/fpuOpt/regfile_ex_rs_2_data[8]
                                8.00           9.37          -1.37  (VIOLATED)
   bootrom/n1628                8.00           9.34          -1.34  (VIOLATED)
   tile/fpuOpt/divSqrt_1/roundRawFNToRecFN/roundAnyRawFNToRecFN/n552
                               16.00          17.34          -1.34  (VIOLATED)
   sbus/coupler_to_port_named_mmio_port_axi4/axi4deint_auto_in_r_bits_resp[0]
                               16.00          17.33          -1.33  (VIOLATED)
   tile/ptw/n133                8.00           9.33          -1.33  (VIOLATED)
   mbus/coupler_to_memory_controller_named_axi4/tl2axi4/n142
                               16.00          17.33          -1.33  (VIOLATED)
   tile/core_io_imem_req_bits_pc[21]
                               16.00          17.32          -1.32  (VIOLATED)
   tile/fpuOpt/n337            16.00          17.31          -1.31  (VIOLATED)
   cbus/buffer/n148            16.00          17.31          -1.31  (VIOLATED)
   tile/core/ibuf/RVCExpander_io_in[14]
                               16.00          17.31          -1.31  (VIOLATED)
   sbus/system_bus_xbar_auto_in_0_d_bits_data[44]
                               16.00          17.30          -1.30  (VIOLATED)
   tile/frontend/btb/n410       8.00           9.30          -1.30  (VIOLATED)
   sbus/coupler_to_port_named_mmio_port_axi4/axi4deint_auto_in_r_bits_resp[1]
                               16.00          17.29          -1.29  (VIOLATED)
   tile/fpuOpt/dfma/fma/n3272
                               16.00          17.27          -1.27  (VIOLATED)
   tile/core/ibuf_io_pc[23]    16.00          17.26          -1.26  (VIOLATED)
   mmio_axi4_0_w_bits_data[53]
                               16.00          17.25          -1.25  (VIOLATED)
   tile/frontend/btb/n239       8.00           9.24          -1.24  (VIOLATED)
   tile/dcache/n3460           16.00          17.24          -1.24  (VIOLATED)
   sbus/coupler_to_port_named_mmio_port_axi4/axi4yank/n64
                               16.00          17.24          -1.24  (VIOLATED)
   tile/fpuOpt/dfma/fma/n5650
                               16.00          17.23          -1.23  (VIOLATED)
   tile/core/csr_io_evec[13]
                               16.00          17.23          -1.23  (VIOLATED)
   tile/core_io_dmem_s1_data_data[63]
                               16.00          17.19          -1.19  (VIOLATED)
   tile/ptw/n241                8.00           9.18          -1.18  (VIOLATED)
   tile/fpuOpt/divSqrt/roundRawFNToRecFN/roundAnyRawFNToRecFN/n416
                               16.00          17.17          -1.17  (VIOLATED)
   mem_axi4_0_w_bits_data[8]
                               16.00          17.17          -1.17  (VIOLATED)
   tile/fpuOpt/dfma/fma/n4903
                               16.00          17.17          -1.17  (VIOLATED)
   tile/fpuOpt/divSqrt/roundRawFNToRecFN/roundAnyRawFNToRecFN/n478
                               16.00          17.16          -1.16  (VIOLATED)
   tile/fpuOpt/dfma/fma/n6109
                               16.00          17.15          -1.15  (VIOLATED)
   sbus/system_bus_xbar_auto_in_0_d_bits_data[50]
                               16.00          17.14          -1.14  (VIOLATED)
   tile/frontend/btb/n2011      8.00           9.14          -1.14  (VIOLATED)
   tile/dcache/tlb_io_resp_paddr[14]
                               16.00          17.14          -1.14  (VIOLATED)
   sbus/coupler_to_port_named_mmio_port_axi4/axi4buf/n56
                               16.00          17.13          -1.13  (VIOLATED)
   sbus_auto_system_bus_xbar_out_a_bits_data[24]
                               16.00          17.13          -1.13  (VIOLATED)
   tile/dcache/n3450           16.00          17.13          -1.13  (VIOLATED)
   tile/fpuOpt/dfma/fma/mulAddRecFNToRaw_postMul/n1433
                                8.00           9.13          -1.13  (VIOLATED)
   sbus/coupler_to_port_named_mmio_port_axi4/axi4yank/n70
                               16.00          17.13          -1.13  (VIOLATED)
   tile/core/csr_io_evec[15]
                               16.00          17.11          -1.11  (VIOLATED)
   tile/fpuOpt/regfile_ex_rs_2_data[7]
                                8.00           9.11          -1.11  (VIOLATED)
   tile/core/ibuf_io_pc[13]    16.00          17.10          -1.10  (VIOLATED)
   tile/frontend/btb/n5694      8.00           9.10          -1.10  (VIOLATED)
   tile/core/n_T_613[29]       16.00          17.09          -1.09  (VIOLATED)
   tile/core/n3504             16.00          17.08          -1.08  (VIOLATED)
   sbus_auto_system_bus_xbar_out_a_bits_data[29]
                               16.00          17.06          -1.06  (VIOLATED)
   tile/dcache/n3455           16.00          17.06          -1.06  (VIOLATED)
   tile/core/csr_io_evec[24]
                               16.00          17.05          -1.05  (VIOLATED)
   tile/fpuOpt/dfma/fma/n6230
                               16.00          17.01          -1.01  (VIOLATED)
   tile/core/ibuf_io_pc[18]    16.00          17.01          -1.01  (VIOLATED)
   tile/fpuOpt/dfma/fma/n4957
                               16.00          17.00          -1.00  (VIOLATED)
   tile/fpuOpt/dfma/fma/n4894
                               16.00          17.00          -1.00  (VIOLATED)
   tile/core/n3739             16.00          17.00          -1.00  (VIOLATED)
   mmio_axi4_0_ar_bits_addr[7]
                               16.00          17.00          -1.00  (VIOLATED)
   tile/fpuOpt/n1335            8.00           9.00          -1.00  (VIOLATED)
   sbus/system_bus_xbar_auto_in_0_d_bits_data[40]
                               16.00          17.00          -1.00  (VIOLATED)
   tile/buffer/Queue_3/n_T_opcode__T_18_addr
                               16.00          16.99          -0.99  (VIOLATED)
   tile/core/ibuf_io_pc[12]    16.00          16.99          -0.99  (VIOLATED)
   tile/fpuOpt/dfma/fma/mulAddRecFNToRaw_preMul_io_toPostMul_highAlignedSigC[22]
                                8.00           8.99          -0.99  (VIOLATED)
   sbus/coupler_to_port_named_mmio_port_axi4/axi4yank/n52
                               16.00          16.98          -0.98  (VIOLATED)
   tile/core/n1197             16.00          16.97          -0.97  (VIOLATED)
   tile/fpuOpt/dfma/fma/mulAddRecFNToRaw_postMul_io_mulAddResult[103]
                                8.00           8.97          -0.97  (VIOLATED)
   tile/frontend/btb/n5705      8.00           8.97          -0.97  (VIOLATED)
   tile/dcache/tlb/n1663        8.00           8.95          -0.95  (VIOLATED)
   tile/core/n1233             16.00          16.95          -0.95  (VIOLATED)
   bootrom_auto_in_d_bits_data[5]
                                8.00           8.94          -0.94  (VIOLATED)
   tile/dcache/tlb_io_resp_paddr[13]
                               16.00          16.93          -0.93  (VIOLATED)
   tile/fpuOpt/regfile_ex_rs_1_data[7]
                                8.00           8.92          -0.92  (VIOLATED)
   tile/dcache/tlb/n1400        8.00           8.92          -0.92  (VIOLATED)
   tile/dcache/tlb/n3058        8.00           8.92          -0.92  (VIOLATED)
   tile/dcache/metaArb_io_out_bits_data[20]
                               16.00          16.92          -0.92  (VIOLATED)
   tile/fpuOpt/dfma/fma/mulAddRecFNToRaw_preMul_io_mulAddC[55]
                                8.00           8.91          -0.91  (VIOLATED)
   l2_frontend_bus_axi4_0_r_bits_data[53]
                               16.00          16.91          -0.91  (VIOLATED)
   tile/dcache/tlb/n3196       16.00          16.91          -0.91  (VIOLATED)
   tile/core_io_imem_req_bits_pc[39]
                               16.00          16.90          -0.90  (VIOLATED)
   tile/fpuOpt/regfile_ex_rs_0_data[2]
                                8.00           8.90          -0.90  (VIOLATED)
   tile/fpuOpt/dfma/fma/n4900
                               16.00          16.90          -0.90  (VIOLATED)
   tile/core_io_dmem_s1_data_data[60]
                               16.00          16.89          -0.89  (VIOLATED)
   tile/fpuOpt/dfma/fma/mulAddRecFNToRaw_postMul_io_mulAddResult[100]
                                8.00           8.89          -0.89  (VIOLATED)
   tile/fpuOpt/fpiu/n_T_64_1_
                               16.00          16.88          -0.88  (VIOLATED)
   tile/core/ibuf/RVCExpander_io_in[6]
                               16.00          16.88          -0.88  (VIOLATED)
   sbus_auto_system_bus_xbar_out_a_bits_data[19]
                               16.00          16.88          -0.88  (VIOLATED)
   tile/frontend/tlb/pmp/n60
                                8.00           8.87          -0.87  (VIOLATED)
   tile/core/n4178              8.00           8.86          -0.86  (VIOLATED)
   tile/core/n8735             16.00          16.86          -0.86  (VIOLATED)
   tile/dcache/tlb/n2340        8.00           8.86          -0.86  (VIOLATED)
   tile/fpuOpt/dfma/fma/n4306
                               16.00          16.86          -0.86  (VIOLATED)
   sbus/system_bus_xbar_auto_in_0_d_bits_data[22]
                               16.00          16.85          -0.85  (VIOLATED)
   tile/fpuOpt/dfma/fma/n3169
                               16.00          16.85          -0.85  (VIOLATED)
   tile/dcache/n3458           16.00          16.84          -0.84  (VIOLATED)
   tile/core/ibuf_io_pc[21]    16.00          16.84          -0.84  (VIOLATED)
   tile/frontend/btb/n5384      8.00           8.84          -0.84  (VIOLATED)
   tile/frontend/btb_io_resp_bits_bridx
                                8.00           8.83          -0.83  (VIOLATED)
   tile/dcache/tlb_io_resp_paddr[16]
                               16.00          16.83          -0.83  (VIOLATED)
   tile/dcache/n932            16.00          16.83          -0.83  (VIOLATED)
   tile/dcache/n3449           16.00          16.82          -0.82  (VIOLATED)
   tile/fpuOpt/divSqrt_1/roundRawFNToRecFN/roundAnyRawFNToRecFN/n496
                               16.00          16.82          -0.82  (VIOLATED)
   tile/core/n3699             16.00          16.81          -0.81  (VIOLATED)
   tile/core/csr/n_T_451[0]    16.00          16.81          -0.81  (VIOLATED)
   mmio_axi4_0_ar_bits_addr[27]
                               16.00          16.80          -0.80  (VIOLATED)
   tile/fpuOpt/n2653           16.00          16.80          -0.80  (VIOLATED)
   tile/fpuOpt/divSqrt/roundRawFNToRecFN/roundAnyRawFNToRecFN/n404
                               16.00          16.79          -0.79  (VIOLATED)
   tile/frontend/btb/n5684      8.00           8.78          -0.78  (VIOLATED)
   tile/fpuOpt_io_toint_data[1]
                               16.00          16.77          -0.77  (VIOLATED)
   tile/frontend/btb/n5073      8.00           8.76          -0.76  (VIOLATED)
   cbus/buffer/n135            16.00          16.75          -0.75  (VIOLATED)
   sbus_auto_system_bus_xbar_out_a_bits_data[40]
                               16.00          16.73          -0.73  (VIOLATED)
   tile/fpuOpt/dfma/fma/n4989
                               16.00          16.73          -0.73  (VIOLATED)
   tile/frontend/btb/n5685      8.00           8.73          -0.73  (VIOLATED)
   tile/core_io_dmem_s1_data_data[54]
                               16.00          16.72          -0.72  (VIOLATED)
   sbus/system_bus_xbar_auto_in_0_d_bits_data[42]
                               16.00          16.72          -0.72  (VIOLATED)
   tile/fpuOpt/dfma/fma/n5660
                               16.00          16.71          -0.71  (VIOLATED)
   tile/frontend/btb/n354       8.00           8.71          -0.71  (VIOLATED)
   tile/frontend/n_GEN_37[9]
                               16.00          16.71          -0.71  (VIOLATED)
   tile/core/div/n_T_56[1]     16.00          16.71          -0.71  (VIOLATED)
   tile/core/ibuf_io_pc[16]    16.00          16.70          -0.70  (VIOLATED)
   tile/buffer_auto_in_d_bits_data[23]
                               82.00          82.70          -0.70  (VIOLATED)
   tile/fpuOpt/dfma/fma/n4101
                               16.00          16.69          -0.69  (VIOLATED)
   tile/core/ibuf_io_pc[24]    16.00          16.69          -0.69  (VIOLATED)
   tile/n720                   32.00          32.67          -0.67  (VIOLATED)
   tile/fpuOpt/n1758            8.00           8.65          -0.65  (VIOLATED)
   tile/dcache/tlb/n3553        8.00           8.65          -0.65  (VIOLATED)
   tile/core/n2063              8.00           8.65          -0.65  (VIOLATED)
   tile/dcache/tlb_io_resp_paddr[15]
                               16.00          16.64          -0.64  (VIOLATED)
   tile/frontend/tlb/pmp/n1151
                                8.00           8.63          -0.63  (VIOLATED)
   tile/fpuOpt/dfma/fma/n5661
                               16.00          16.63          -0.63  (VIOLATED)
   tile/tlMasterXbar_auto_in_1_d_valid
                               16.00          16.63          -0.63  (VIOLATED)
   tile/fpuOpt/n_T_599[5]       8.00           8.62          -0.62  (VIOLATED)
   tile/dcache/n_T_1145[21]    16.00          16.62          -0.62  (VIOLATED)
   tile/fpuOpt/dfma/fma/n3158
                               16.00          16.62          -0.62  (VIOLATED)
   tile/fpuOpt/dfma/fma/mulAddRecFNToRaw_postMul_io_mulAddResult[99]
                                8.00           8.61          -0.61  (VIOLATED)
   tile/core/csr_io_evec[23]
                               16.00          16.59          -0.59  (VIOLATED)
   tile/frontend/btb/n5434      8.00           8.58          -0.58  (VIOLATED)
   tile/fpuOpt/regfile__T_412_addr[0]
                               16.00          16.56          -0.56  (VIOLATED)
   tile/core_io_dmem_s1_data_data[62]
                               16.00          16.56          -0.56  (VIOLATED)
   sbus/coupler_to_port_named_mmio_port_axi4/axi4yank/n82
                               16.00          16.55          -0.55  (VIOLATED)
   tile/fpuOpt/regfile_ex_rs_1_data[21]
                                8.00           8.54          -0.54  (VIOLATED)
   tile/frontend/tlb_io_resp_cacheable
                                8.00           8.53          -0.53  (VIOLATED)
   tile/fpuOpt/dfma/fma/n4879
                               16.00          16.53          -0.53  (VIOLATED)
   sbus/coupler_to_port_named_mmio_port_axi4/axi4yank/n105
                               16.00          16.52          -0.52  (VIOLATED)
   tile/fpuOpt/regfile_ex_rs_0_data[0]
                                8.00           8.52          -0.52  (VIOLATED)
   tile/fpuOpt/dfma/fma_io_a[11]
                               16.00          16.52          -0.52  (VIOLATED)
   l2_frontend_bus_axi4_0_r_bits_data[40]
                               82.00          82.51          -0.51  (VIOLATED)
   tile/dcache/n3451           16.00          16.51          -0.51  (VIOLATED)
   tile/core/ibuf_io_pc[22]    16.00          16.51          -0.51  (VIOLATED)
   tile/fpuOpt/divSqrt/roundRawFNToRecFN/roundAnyRawFNToRecFN/n325
                               16.00          16.51          -0.51  (VIOLATED)
   tile/ptw/n2336              16.00          16.50          -0.50  (VIOLATED)
   tile/frontend/btb/n5581      8.00           8.49          -0.49  (VIOLATED)
   tile/frontend/tlb_io_resp_paddr[13]
                               16.00          16.49          -0.49  (VIOLATED)
   tile/fpuOpt/dfma/fma/n2819
                               16.00          16.49          -0.49  (VIOLATED)
   tile/dcache/n_T_1145[20]    16.00          16.48          -0.48  (VIOLATED)
   tile/fpuOpt/n1632           16.00          16.48          -0.48  (VIOLATED)
   sbus/system_bus_xbar_auto_in_0_d_bits_data[38]
                               16.00          16.48          -0.48  (VIOLATED)
   tile/frontend/n_GEN_37[11]
                               16.00          16.47          -0.47  (VIOLATED)
   tile/dcache/n_T_1145[32]    16.00          16.46          -0.46  (VIOLATED)
   tile/frontend/btb/r_btb_updatePipe_bits_prediction_entry[0]
                               16.00          16.45          -0.45  (VIOLATED)
   tile/frontend/tlb_io_resp_paddr[12]
                               16.00          16.44          -0.44  (VIOLATED)
   tile/fpuOpt/regfile_ex_rs_1_data[3]
                                8.00           8.44          -0.44  (VIOLATED)
   tile/fpuOpt/dfma/fma/n3032
                               16.00          16.43          -0.43  (VIOLATED)
   tile/core_io_dmem_s1_data_data[55]
                               16.00          16.43          -0.43  (VIOLATED)
   tile/fpuOpt/n2172           16.00          16.42          -0.42  (VIOLATED)
   tile/dcache/tlb_io_resp_paddr[17]
                               16.00          16.42          -0.42  (VIOLATED)
   tile/frontend/btb/n4592     16.00          16.41          -0.41  (VIOLATED)
   fbus/coupler_from_port_named_slave_port_axi4/axi4yank_auto_in_r_bits_user_0_
                               16.00          16.41          -0.41  (VIOLATED)
   tile/fpuOpt/n1742            8.00           8.40          -0.40  (VIOLATED)
   tile/core_io_dmem_s1_data_data[53]
                               16.00          16.40          -0.40  (VIOLATED)
   mbus/coupler_to_memory_controller_named_axi4/tl2axi4/n141
                               16.00          16.39          -0.39  (VIOLATED)
   tile/dcache/n_T_1145[63]    16.00          16.38          -0.38  (VIOLATED)
   tile/fpuOpt/dfma/fma/n5663
                               16.00          16.37          -0.37  (VIOLATED)
   tile/core_io_dmem_s1_data_data[50]
                               16.00          16.37          -0.37  (VIOLATED)
   tile/frontend/icache/n2114
                               16.00          16.36          -0.36  (VIOLATED)
   tile/fpuOpt/n1774            8.00           8.36          -0.36  (VIOLATED)
   tile/core/n3776             16.00          16.35          -0.35  (VIOLATED)
   bootrom_auto_in_d_bits_data[42]
                                8.00           8.35          -0.35  (VIOLATED)
   tile/fpuOpt/n2714           16.00          16.34          -0.34  (VIOLATED)
   tile/core_io_dmem_s1_data_data[23]
                               16.00          16.34          -0.34  (VIOLATED)
   tile/core_io_dmem_s1_data_data[61]
                               16.00          16.34          -0.34  (VIOLATED)
   mbus/coupler_to_memory_controller_named_axi4/tl2axi4/n128
                               16.00          16.34          -0.34  (VIOLATED)
   tile/core/n3323             16.00          16.33          -0.33  (VIOLATED)
   tile/fpuOpt/dfma/fma/n3635
                               16.00          16.32          -0.32  (VIOLATED)
   tile/core/ibuf_io_pc[20]    16.00          16.32          -0.32  (VIOLATED)
   tile/core/div_io_req_bits_in2[31]
                               16.00          16.32          -0.32  (VIOLATED)
   tile/ptw/n1796               8.00           8.31          -0.31  (VIOLATED)
   tile/fpuOpt/sfma/fma/n1463
                                8.00           8.30          -0.30  (VIOLATED)
   sbus/coupler_to_port_named_mmio_port_axi4/axi4buf/Queue_4/n85
                               32.00          32.30          -0.30  (VIOLATED)
   tile/dcache/n_T_1145[36]    16.00          16.30          -0.30  (VIOLATED)
   cbus/buffer/n137            16.00          16.29          -0.29  (VIOLATED)
   tile/core/csr_io_evec[17]
                               16.00          16.29          -0.29  (VIOLATED)
   tile/dcache/tlb_io_resp_paddr[18]
                               16.00          16.28          -0.28  (VIOLATED)
   tile/fpuOpt/dfma/fma/n6231
                               16.00          16.28          -0.28  (VIOLATED)
   sbus/coupler_to_port_named_mmio_port_axi4/axi4yank/n41
                               16.00          16.27          -0.27  (VIOLATED)
   tile/frontend/tlb_io_resp_paddr[19]
                               16.00          16.27          -0.27  (VIOLATED)
   tile/core_io_dmem_s1_data_data[59]
                               16.00          16.26          -0.26  (VIOLATED)
   sbus/coupler_to_port_named_mmio_port_axi4/axi4yank/n94
                               16.00          16.26          -0.26  (VIOLATED)
   tile/fpuOpt/ex_reg_valid    16.00          16.26          -0.26  (VIOLATED)
   sbus/system_bus_xbar_auto_in_0_d_bits_data[39]
                               16.00          16.25          -0.25  (VIOLATED)
   tile/frontend/tlb/n956      16.00          16.25          -0.25  (VIOLATED)
   tile/core/n3290             16.00          16.24          -0.24  (VIOLATED)
   tile/ptw/n1549               8.00           8.23          -0.23  (VIOLATED)
   tile/fpuOpt/n3074           64.00          64.23          -0.23  (VIOLATED)
   tile/frontend/btb/n254       8.00           8.23          -0.23  (VIOLATED)
   cbus/buffer/n142            16.00          16.22          -0.22  (VIOLATED)
   bh_auto_out_a_bits_mask[2]
                               16.00          16.22          -0.22  (VIOLATED)
   tile/core/csr_io_rw_rdata[45]
                                8.00           8.22          -0.22  (VIOLATED)
   tile/frontend/icache/n2117
                               16.00          16.22          -0.22  (VIOLATED)
   tile/frontend/btb/n5697      8.00           8.21          -0.21  (VIOLATED)
   tile/fpuOpt/dfma/fma/n4103
                               16.00          16.19          -0.19  (VIOLATED)
   tile/core/csr_io_evec[28]
                               16.00          16.19          -0.19  (VIOLATED)
   tile/dcache/n3481           16.00          16.18          -0.18  (VIOLATED)
   tile/core_io_dmem_s1_data_data[26]
                               16.00          16.18          -0.18  (VIOLATED)
   tile/fpuOpt/dfma/fma/n7175
                               16.00          16.17          -0.17  (VIOLATED)
   tile/dcache/tlb/n2073        8.00           8.17          -0.17  (VIOLATED)
   tile/core_io_dmem_s1_data_data[22]
                               16.00          16.16          -0.16  (VIOLATED)
   intsource_1/AsyncResetRegVec_w1_i0/n4
                               16.00          16.16          -0.16  (VIOLATED)
   tile/fpuOpt/n2935           16.00          16.15          -0.15  (VIOLATED)
   tile/dcache/tlb/pmp/n1338
                                8.00           8.15          -0.15  (VIOLATED)
   debug_1/dmInner/dmInner/n1538
                                8.00           8.15          -0.15  (VIOLATED)
   tile/core_io_dmem_s1_data_data[27]
                               16.00          16.14          -0.14  (VIOLATED)
   tile/fpuOpt/divSqrt_1/roundRawFNToRecFN/roundAnyRawFNToRecFN/n494
                               16.00          16.14          -0.14  (VIOLATED)
   sbus_auto_coupler_from_tile_named_tile_tl_master_xing_in_d_bits_source[0]
                               16.00          16.14          -0.14  (VIOLATED)
   sbus_auto_coupler_from_tile_named_tile_tl_master_xing_in_d_bits_opcode[1]
                               16.00          16.13          -0.13  (VIOLATED)
   bootrom/n807                 8.00           8.13          -0.13  (VIOLATED)
   sbus/coupler_to_port_named_mmio_port_axi4/axi4yank/n88
                               16.00          16.12          -0.12  (VIOLATED)
   tile/core/csr/n653           8.00           8.10          -0.10  (VIOLATED)
   tile/fpuOpt/dfma/fma/n3774
                               16.00          16.10          -0.10  (VIOLATED)
   tile/core_io_imem_req_bits_speculative
                               32.00          32.10          -0.10  (VIOLATED)
   tile/core/csr_io_evec[4]    16.00          16.09          -0.09  (VIOLATED)
   tile/dcache/tlb/n862        16.00          16.08          -0.08  (VIOLATED)
   l2_frontend_bus_axi4_0_r_bits_data[43]
                               82.00          82.08          -0.08  (VIOLATED)
   tile/fpuOpt/divSqrt_1/roundRawFNToRecFN/roundAnyRawFNToRecFN/n1062
                               16.00          16.08          -0.08  (VIOLATED)
   tile/core/csr_io_evec[9]    16.00          16.07          -0.07  (VIOLATED)
   tile/fpuOpt/divSqrt/roundRawFNToRecFN/roundAnyRawFNToRecFN/n459
                               16.00          16.07          -0.07  (VIOLATED)
   bh_auto_out_a_bits_address[20]
                               16.00          16.07          -0.07  (VIOLATED)
   tile/fpuOpt/regfile_ex_rs_2_data[14]
                                8.00           8.07          -0.07  (VIOLATED)
   tile/core/div/n_T_56[19]    16.00          16.07          -0.07  (VIOLATED)
   tile/dcacheArb_io_requestor_1_resp_valid
                               32.00          32.06          -0.06  (VIOLATED)
   tile/fpuOpt/regfile_ex_rs_2_data[10]
                                8.00           8.05          -0.05  (VIOLATED)
   tile/core/csr_io_evec[3]    16.00          16.04          -0.04  (VIOLATED)
   tile/frontend/icache/n2107
                               16.00          16.04          -0.04  (VIOLATED)
   tile/fpuOpt/divSqrt/roundRawFNToRecFN/roundAnyRawFNToRecFN/n252
                               16.00          16.04          -0.04  (VIOLATED)
   tile/core/csr_io_evec[18]
                               16.00          16.04          -0.04  (VIOLATED)
   tile/fpuOpt/fpmu_io_out_bits_exc[1]
                               16.00          16.03          -0.03  (VIOLATED)
   tile/frontend/tlb/n1086      8.00           8.03          -0.03  (VIOLATED)
   tile/frontend/icache/n2120
                               16.00          16.03          -0.03  (VIOLATED)
   tile/dcache/n3480           16.00          16.03          -0.03  (VIOLATED)
   tile/fpuOpt/dfma/fma/n5605
                               16.00          16.03          -0.03  (VIOLATED)
   tile/core/n_T_427[485]       8.00           8.02          -0.02  (VIOLATED)
   tile/frontend/icache/n2108
                               16.00          16.02          -0.02  (VIOLATED)
   tile_auto_tl_master_xing_out_a_bits_mask[5]
                               16.00          16.02          -0.02  (VIOLATED)
   sbus/system_bus_xbar_auto_in_0_d_bits_data[21]
                               16.00          16.02          -0.02  (VIOLATED)
   tile/core/n10512             8.00           8.02          -0.02  (VIOLATED)
   tile/buffer_auto_in_d_bits_data[28]
                               82.00          82.02          -0.02  (VIOLATED)
   tile/ptw/vpn_idxs_0[5]       8.00           8.01          -0.01  (VIOLATED)
   tile/fpuOpt/divSqrt/roundRawFNToRecFN/roundAnyRawFNToRecFN/n337
                               16.00          16.01          -0.01  (VIOLATED)
   tile/fpuOpt/ifpu/INToRecFN_1/n569
                                8.00           8.00           0.00  (VIOLATED: increase significant digits)

   -----------------------------------------------------------------
   Total                      312              -432.66  

   max_leakage_power

                             Required        Actual
   Design                   Leakage Power  Leakage Power     Slack
   -----------------------------------------------------------------
   ExampleRocketSystem          0.00       32335577088.00 -32335577088.00
                                                                    (VIOLATED)


1
