============================================================
  Generated by:           Genus(TM) Synthesis Solution 19.12-s121_1
  Generated on:           Mar 12 2023  06:05:54 pm
  Module:                 ExampleRocketSystem
  Technology libraries:   saed32lvt_ss0p75v125c 1.0000000
                          saed32lvt_ss0p95v125c 1.0000000
                          saed32io_wb_ss0p95v125c_2p25v 
                          saed32sram_ss0p95v125c 1.0000000
                          saed32pll_ss0p95v125c_2p25v 
                          saed32rvt_ss0p95v125c 1.0000000
  Operating conditions:   ss0p75v125c (best_case_tree)
  Wireload mode:          enclosed
  Area mode:              timing library
============================================================

Timing
--------

Clock Period 
-------------
clock 3500.0 


  Cost    Critical         Violating 
 Group   Path Slack  TNS     Paths   
-------------------------------------
clock           0.6   0.0          0 
default    No paths   0.0            
INPUTS        535.6   0.0          0 
OUTPUTS      1712.9   0.0          0 
-------------------------------------
Total                 0.0          0 

Instance Count
--------------
Leaf Instance Count             106429 
Physical Instance count              0 
Sequential Instance Count        26089 
Combinational Instance Count     80340 
Hierarchical Instance Count        470 

Area
----
Cell Area                          1403776.130
Physical Cell Area                 0.000
Total Cell Area (Cell+Physical)    1403776.130
Net Area                           0.000
Total Area (Cell+Physical+Net)     1403776.130

Max Fanout                         25255 (clock)
Min Fanout                         0 (l2_frontend_bus_axi4_0_w_bits_last)
Average Fanout                     3.0
Terms to net ratio                 4.2006
Terms to instance ratio            4.6449
Runtime                            2947.9052890000007 seconds
Elapsed Runtime                    3076 seconds
Genus peak memory usage            2868.70 
Innovus peak memory usage          no_value 
Hostname                           auto.ece.pdx.edu
