============================================================
  Generated by:           Genus(TM) Synthesis Solution 19.12-s121_1
  Generated on:           Mar 05 2023  05:43:28 pm
  Module:                 fifo1_sram
  Technology libraries:   saed32io_wb_ss0p95v125c_2p25v 
                          saed32sram_ss0p95v125c 1.0000000
                          saed32pll_ss0p95v125c_2p25v 
                          saed32rvt_ss0p95v125c 1.0000000
  Operating conditions:   _nominal_ (balanced_tree)
  Wireload mode:          enclosed
  Area mode:              timing library
============================================================

Timing
--------

 Clock Period 
--------------
rclk   1900.0 
wclk   1800.0 
wclk2x  900.0 


  Cost    Critical               Violating 
 Group   Path Slack     TNS        Paths   
-------------------------------------------
default    No paths         0.0            
INPUTS      -3206.4   -241423.0         92 
OUTPUTS       275.4         0.0          0 
rclk          538.5         0.0          0 
wclk          475.3         0.0          0 
wclk2x     No paths         0.0            
-------------------------------------------
Total                 -241423.0         92 

Instance Count
--------------
Leaf Instance Count             379 
Physical Instance count           0 
Sequential Instance Count       104 
Combinational Instance Count    275 
Hierarchical Instance Count       5 

Area
----
Cell Area                          370816.428
Physical Cell Area                 0.000
Total Cell Area (Cell+Physical)    370816.428
Net Area                           0.000
Total Area (Cell+Physical+Net)     370816.428

Max Fanout                         72 (fifomem/n_27)
Min Fanout                         0 (io_b_wrst_n_net)
Average Fanout                     3.0
Terms to net ratio                 4.5847
Terms to instance ratio            5.0686
Runtime                            28.951677 seconds
Elapsed Runtime                    60 seconds
Genus peak memory usage            1408.74 
Innovus peak memory usage          no_value 
Hostname                           auto.ece.pdx.edu
