============================================================
  Generated by:           Genus(TM) Synthesis Solution 19.12-s121_1
  Generated on:           Mar 12 2023  10:12:10 pm
  Module:                 fifo1_sram
  Technology libraries:   saed32io_wb_ss0p95v125c_2p25v 
                          saed32sram_ss0p95v125c 1.0000000
                          saed32pll_ss0p95v125c_2p25v 
                          saed32rvt_ss0p95v125c 1.0000000
                          physical_cells 
  Operating conditions:   _nominal_ 
  Interconnect mode:      spatial
  Area mode:              physical library
============================================================

Timing
--------

 Clock Period 
--------------
rclk   1220.0 
wclk   1180.0 
wclk2x  590.0 


  Cost    Critical           Violating 
 Group   Path Slack   TNS      Paths   
---------------------------------------
default    No paths     0.0            
INPUTS         -2.1   -16.8          8 
OUTPUTS         1.2     0.0          0 
rclk          143.8     0.0          0 
wclk           94.7     0.0          0 
wclk2x     No paths     0.0            
---------------------------------------
Total                 -16.8          8 

Instance Count
--------------
Leaf Instance Count             294 
Physical Instance count           0 
Sequential Instance Count       104 
Combinational Instance Count    190 
Hierarchical Instance Count       5 

Area
----
Cell Area                          70553.646
Physical Cell Area                 0.000
Total Cell Area (Cell+Physical)    70553.646
Net Area                           2005.416
Total Area (Cell+Physical+Net)     72559.062

Floorplan Utilization              0.39%
Max Fanout                         72 (fifomem/n_27)
Min Fanout                         0 (io_r_wdata_in_0__net)
Average Fanout                     3.2
Terms to net ratio                 4.6505
Terms to instance ratio            5.2041
Runtime                            83.557241 seconds
Elapsed Runtime                    137 seconds
Genus peak memory usage            1605.33 
Innovus peak memory usage          no_value 
Hostname                           mo.ece.pdx.edu

Physical Data
-------------
Total Net Length                   35811.01 um
Average Net Length                 110.87 um
