
 	 Check Design Report (c)
	 ------------------- 

 Summary
 ------- 

              Name                       Total
----------------------------------------------
Unresolved References                        0
Empty Modules                                0
Unloaded Port(s)                             0
Unloaded Sequential Pin(s)                   0
Unloaded Combinational Pin(s)               19
Assigns                                      0
Undriven Port(s)                             0
Undriven Leaf Pin(s)                         0
Undriven hierarchical pin(s)                 0
Multidriven Port(s)                          0
Multidriven Leaf Pin(s)                      8
Multidriven hierarchical Pin(s)              0
Multidriven unloaded net(s)                  0
Constant Port(s)                             0
Constant Leaf Pin(s)                       113
Constant hierarchical Pin(s)                 1
Preserved leaf instance(s)                   8
Preserved hierarchical instance(s)           0
Feedthrough Modules(s)                       0
Libcells with no LEF cell                   62
Physical (LEF) cells with no libcell       756
Subdesigns with long module name             0
Physical only instance(s)                    0
Logical only instance(s)                    25

  Done Checking the design.
