============================================================
  Generated by:           Genus(TM) Synthesis Solution 19.12-s121_1
  Generated on:           Mar 22 2023  04:23:34 pm
  Module:                 ORCA_TOP
  Technology libraries:   saed32hvt_ss0p75vn40c 1.0000000
                          saed32hvt_ss0p95vn40c 1.0000000
                          saed32lvt_ss0p75vn40c 1.0000000
                          saed32lvt_ss0p95vn40c 1.0000000
                          saed32sram_ss0p95vn40c 1.0000000
                          saed32rvt_ss0p95vn40c 1.0000000
                          saed32rvt_ss0p75vn40c 1.0000000
                          physical_cells 
  Operating conditions:   _nominal_ 
  Interconnect mode:      spatial
  Area mode:              physical library
============================================================

Timing
--------

   Clock    Period 
-------------------
PCI_CLK     7500.0 
SD_DDR_CLK  4100.0 
SD_DDR_CLKn 4100.0 
SDRAM_CLK   4100.0 
SYS_2x_CLK  2400.0 
SYS_CLK     4800.0 
v_PCI_CLK   7500.0 
v_SDRAM_CLK 4100.0 


    Cost      Critical         Violating 
   Group     Path Slack  TNS     Paths   
-----------------------------------------
default        No paths   0.0            
PCI_CLK          7079.9   0.0          0 
SD_DDR_CLK     No paths   0.0            
SD_DDR_CLKn    No paths   0.0            
SDRAM_CLK         697.4   0.0          0 
SYS_2x_CLK         28.7   0.0          0 
SYS_CLK          1575.3   0.0          0 
v_PCI_CLK      No paths   0.0            
v_SDRAM_CLK    No paths   0.0            
-----------------------------------------
Total                     0.0          0 

Instance Count
--------------
Leaf Instance Count             36194 
Physical Instance count             0 
Sequential Instance Count        5254 
Combinational Instance Count    30940 
Hierarchical Instance Count        32 

Area
----
Cell Area                          367088.408
Physical Cell Area                 0.000
Total Cell Area (Cell+Physical)    367088.408
Net Area                           54172.069
Total Area (Cell+Physical+Net)     421260.477

Floorplan Utilization              30.60%
Max Fanout                         5680 (I_SDRAM_TOP/I_SDRAM_IF/sd_CK)
Min Fanout                         0 (n_83)
Average Fanout                     3.3
Terms to net ratio                 4.3871
Terms to instance ratio            4.8922
Runtime                            1659.280218 seconds
Elapsed Runtime                    1724 seconds
Genus peak memory usage            2901.75 
Innovus peak memory usage          no_value 
Hostname                           mo.ece.pdx.edu

Physical Data
-------------
Total Net Length                   967358.38 um
Average Net Length                 24.00 um
