============================================================
  Generated by:           Genus(TM) Synthesis Solution 19.12-s121_1
  Generated on:           Mar 11 2023  11:27:35 pm
  Module:                 ORCA_TOP
  Technology libraries:   saed32hvt_ss0p75vn40c 1.0000000
                          saed32hvt_ss0p95vn40c 1.0000000
                          saed32lvt_ss0p75vn40c 1.0000000
                          saed32lvt_ss0p95vn40c 1.0000000
                          saed32sram_ss0p95vn40c 1.0000000
                          saed32rvt_ss0p95vn40c 1.0000000
                          saed32rvt_ss0p75vn40c 1.0000000
  Operating conditions:   _nominal_ (balanced_tree)
  Wireload mode:          enclosed
  Area mode:              timing library
============================================================

Timing
--------

   Clock    Period 
-------------------
PCI_CLK     7500.0 
SD_DDR_CLK  4100.0 
SD_DDR_CLKn 4100.0 
SDRAM_CLK   4100.0 
SYS_2x_CLK  2400.0 
SYS_CLK     4800.0 
v_PCI_CLK   7500.0 
v_SDRAM_CLK 4100.0 


    Cost      Critical         Violating 
   Group     Path Slack  TNS     Paths   
-----------------------------------------
default        No paths   0.0            
PCI_CLK          7080.1   0.0          0 
SD_DDR_CLK     No paths   0.0            
SD_DDR_CLKn    No paths   0.0            
SDRAM_CLK         782.6   0.0          0 
SYS_2x_CLK          1.4   0.0          0 
SYS_CLK          1580.4   0.0          0 
v_PCI_CLK      No paths   0.0            
v_SDRAM_CLK    No paths   0.0            
-----------------------------------------
Total                     0.0          0 

Instance Count
--------------
Leaf Instance Count             35748 
Physical Instance count             0 
Sequential Instance Count        5254 
Combinational Instance Count    30494 
Hierarchical Instance Count        32 

Area
----
Cell Area                          365543.973
Physical Cell Area                 0.000
Total Cell Area (Cell+Physical)    365543.973
Net Area                           0.000
Total Area (Cell+Physical+Net)     365543.973

Max Fanout                         5680 (I_SDRAM_TOP/I_SDRAM_IF/n_10531)
Min Fanout                         0 (sys_rst_n)
Average Fanout                     3.1
Terms to net ratio                 4.3828
Terms to instance ratio            4.9194
Runtime                            865.666876 seconds
Elapsed Runtime                    1004 seconds
Genus peak memory usage            1721.88 
Innovus peak memory usage          no_value 
Hostname                           mo.ece.pdx.edu
