Cadence Genus(TM) Synthesis Solution.
Copyright 2019 Cadence Design Systems, Inc. All rights reserved worldwide.
Cadence and the Cadence logo are registered trademarks and Genus is a trademark
of Cadence Design Systems, Inc. in the United States and other countries.

Version: 19.12-s121_1, built Tue Dec 03 15:07:17 PST 2019
Options: 
Date:    Sun Mar 12 22:05:42 2023
Host:    mo.ece.pdx.edu (x86_64 w/Linux 3.10.0-1160.81.1.el7.x86_64) (1core*32cpus*32physical cpus*Intel Xeon E312xx (Sandy Bridge, IBRS update) 16384KB) (87477784KB)
PID:     26639
OS:      CentOS Linux release 7.9.2009 (Core)

Checking out license: Genus_Synthesis

Loading tool scripts...

Finished loading tool scripts (32 seconds elapsed).

WARNING: This version of the tool is 1195 days old.
@genus:root: 1> fs
invalid command name "fs"
@genus:root: 2> fs
invalid command name "fs"
@genus:root: 3> pwd
/home/ramadugu/common/Documents/final_prj-team_5_master/apr/work
@genus:root: 4> cd ../../syn/work/
@genus:root: 5> fs
invalid command name "fs"
@genus:root: 6> exit
Normal exit.