
Cadence Innovus(TM) Implementation System.
Copyright 2019 Cadence Design Systems, Inc. All rights reserved worldwide.

Version:	v19.16-s053_1, built Mon Aug 31 13:16:01 PDT 2020
Options:	
Date:		Sat Mar 11 21:04:24 2023
Host:		auto.ece.pdx.edu (x86_64 w/Linux 3.10.0-1160.81.1.el7.x86_64) (1core*60cpus*Intel Xeon E312xx (Sandy Bridge, IBRS update) 16384KB)
OS:		CentOS Linux release 7.9.2009 (Core)

License:
		invs	Innovus Implementation System	19.1	checkout succeeded
		8 CPU jobs allowed with the current license(s). Use setMultiCpuUsage to set your required CPU count.
Change the soft stacksize limit to 0.2%RAM (170 mbytes). Set global soft_stack_size_limit to change the value.
Sourcing startup file ./enc.tcl
<CMD> alias fs set top_design fifo1_sram
<CMD> alias f set top_design fifo1
<CMD> alias o set top_design ORCA_TOP
<CMD> alias e set top_design ExampleRocketSystem
<CMD> set_table_style -name report_timing -max_widths { 8,6,23,70} -no_frame_fix_width
**WARN: (TCLCMD-1083):	'-no_frame_fix_width are global controls that affect all of the various timing reports.  The -name option is used to specify a report-specific behavior, and therefore cannot be used with these global options. You should use a separate set_table_style command to specify the desired global options. You can then use additional set_table_style commands to refine the behaviors of specific timing reports.'
<CMD> set_global report_timing_format  {delay arrival slew cell hpin}

**INFO:  MMMC transition support version v31-84 

<CMD> set_global _enable_mmmc_by_default_flow      $CTE::mmmc_default
<CMD> suppressMessage ENCEXT-2799
<CMD> win
can't read "top_design": no such variable
<CMD> o
### Start verbose source output (echo mode) for '../../ORCA_TOP.design_config.tcl' ...
# set lib_dir /pkgs/synopsys/2020/32_28nm/SAED32_EDK
# set top_design ORCA_TOP
# set FCL 1
# set add_ios 0
# set pad_design 0
# set design_size {1000 644 }
# set design_io_border 10
# set dc_floorplanning 1
# set enable_dft 0
# set innovus_enable_manual_macro_placement 1
# set split_constraints 0
# set rtl_list [list ../rtl/$top_design.sv ]
# set slow_corner "ss0p75vn40c ss0p75vn40c_i0p95v ss0p75vn40c_i0p75v ss0p95vn40c ss0p95vn40c_i0p75v"
# set fast_corner "ff0p95vn40c ff0p95vn40c_i1p16v ff0p95vn40c_i0p95v ff1p16vn40c ff1p16vn40c_i1p16v ff1p16vn40c_i0p95v"
# set slow_metal Cmax.tlup_-40
# set fast_metal Cmin.tlup_-40
# set synth_corners $slow_corner
# set synth_corners_slow $slow_corner
# set synth_corners_fast $fast_corner
# set lib_types "stdcell_hvt stdcell_rvt stdcell_lvt sram"
# set sub_lib_type "saed32?vt_ saed32sram_ saed32?vt_ulvl_ saed32?vt_dlvl_ "
# if { 0 } {
    set corners ""
    #Add Worst corners
    set corners "$corners ss0p75vn40c ss0p75vn40c_i0p95v ss0p75vn40c_i0p75v ss0p95vn40c ss0p95vn40c_i0p75v"
    #Add Best corners
    set corners "$corners ff0p95vn40c ff0p95vn40c_i1p16v ff0p95vn40c_i0p95v ff1p16vn40c ff1p16vn40c_i1p16v ff1p16vn40c_i0p95v"
    #Add Leakage corners
    set corners "$corners ff0p95v125c f0p95v125c_i1p16v ff0p95v125c_i0p95v ff1p16v125c ff1p16v125c_i1p16v ff1p16v125c ff1p16v125c_i0p95v"
    set lib_types "stdcell_hvt stdcell_rvt stdcell_lvt sram_lp"
    # Get the main standard cells, and also the level shifters.  Plus srams.
    set sub_lib_type "saed32?vt_ saed32?vt_ulvl_ saed32?vt_dlvl_ saed32sram_"
}
# set topdir [ lindex [ regexp -inline "(.*)\(syn\|pt\|apr\)" [pwd] ] 1 ]
# set sub_block {SDRAM_TOP 
				BLENDER_0 
				PCI_TOP 
				CONTEXT_MEM 
				RISC_CORE 
				CLOCKING 
				BLENDER_1 
				PARSER 
				}
# set sub_block_I {I_SDRAM_TOP I_BLENDER_1  I_BLENDER_0 I_RISC_CORE I_CONTEXT_MEM I_PCI_TOP I_PARSER I_CLOCKING}
# set macro_block {I_SDRAM_TOP I_PCI_TOP I_RISC_CORE I_CONTEXT_MEM}
# if {[info exists synopsys_program_name]} {
        if { $synopsys_program_name == "dc_shell" } {
           set_host_options -max_cores 4
        } 
        if { $synopsys_program_name == "icc2_shell" } {
           set_host_options -max_cores 4
        }
} elseif {[get_db root: .program_short_name] == "innovus"} {
  setMultiCpuUsage -localCpu 8 
} elseif {[get_db root: .program_short_name] == "genus"} {
  set_db / .max_cpus_per_server 8 
}
<CMD> setMultiCpuUsage -localCpu 8
### End verbose source output for '../../ORCA_TOP.design_config.tcl'.
<CMD> set_global _enable_mmmc_by_default_flow      $CTE::mmmc_default
<CMD> set search_path {}
can't read "lef_types": no such variable
### Start verbose source output (echo mode) for '../../ORCA_TOP.design_config.tcl' ...
# set lib_dir /pkgs/synopsys/2020/32_28nm/SAED32_EDK
# set top_design ORCA_TOP
# set FCL 1
# set add_ios 0
# set pad_design 0
# set design_size {1000 644 }
# set design_io_border 10
# set dc_floorplanning 1
# set enable_dft 0
# set innovus_enable_manual_macro_placement 1
# set split_constraints 0
# set rtl_list [list ../rtl/$top_design.sv ]
# set slow_corner "ss0p75vn40c ss0p75vn40c_i0p95v ss0p75vn40c_i0p75v ss0p95vn40c ss0p95vn40c_i0p75v"
# set fast_corner "ff0p95vn40c ff0p95vn40c_i1p16v ff0p95vn40c_i0p95v ff1p16vn40c ff1p16vn40c_i1p16v ff1p16vn40c_i0p95v"
# set slow_metal Cmax.tlup_-40
# set fast_metal Cmin.tlup_-40
# set synth_corners $slow_corner
# set synth_corners_slow $slow_corner
# set synth_corners_fast $fast_corner
# set lib_types "stdcell_hvt stdcell_rvt stdcell_lvt sram"
# set sub_lib_type "saed32?vt_ saed32sram_ saed32?vt_ulvl_ saed32?vt_dlvl_ "
# if { 0 } {
    set corners ""
    #Add Worst corners
    set corners "$corners ss0p75vn40c ss0p75vn40c_i0p95v ss0p75vn40c_i0p75v ss0p95vn40c ss0p95vn40c_i0p75v"
    #Add Best corners
    set corners "$corners ff0p95vn40c ff0p95vn40c_i1p16v ff0p95vn40c_i0p95v ff1p16vn40c ff1p16vn40c_i1p16v ff1p16vn40c_i0p95v"
    #Add Leakage corners
    set corners "$corners ff0p95v125c f0p95v125c_i1p16v ff0p95v125c_i0p95v ff1p16v125c ff1p16v125c_i1p16v ff1p16v125c ff1p16v125c_i0p95v"
    set lib_types "stdcell_hvt stdcell_rvt stdcell_lvt sram_lp"
    # Get the main standard cells, and also the level shifters.  Plus srams.
    set sub_lib_type "saed32?vt_ saed32?vt_ulvl_ saed32?vt_dlvl_ saed32sram_"
}
# set topdir [ lindex [ regexp -inline "(.*)\(syn\|pt\|apr\)" [pwd] ] 1 ]
# set sub_block {SDRAM_TOP 
				BLENDER_0 
				PCI_TOP 
				CONTEXT_MEM 
				RISC_CORE 
				CLOCKING 
				BLENDER_1 
				PARSER 
				}
# set sub_block_I {I_SDRAM_TOP I_BLENDER_1  I_BLENDER_0 I_RISC_CORE I_CONTEXT_MEM I_PCI_TOP I_PARSER I_CLOCKING}
# set macro_block {I_SDRAM_TOP I_PCI_TOP I_RISC_CORE I_CONTEXT_MEM}
# if {[info exists synopsys_program_name]} {
        if { $synopsys_program_name == "dc_shell" } {
           set_host_options -max_cores 4
        } 
        if { $synopsys_program_name == "icc2_shell" } {
           set_host_options -max_cores 4
        }
} elseif {[get_db root: .program_short_name] == "innovus"} {
  setMultiCpuUsage -localCpu 8 
} elseif {[get_db root: .program_short_name] == "genus"} {
  set_db / .max_cpus_per_server 8 
}
<CMD> setMultiCpuUsage -localCpu 8
### End verbose source output for '../../ORCA_TOP.design_config.tcl'.
<CMD> set_global _enable_mmmc_by_default_flow      $CTE::mmmc_default
<CMD> set search_path {}
can't read "lef_types": no such variable
### Start verbose source output (echo mode) for '../../ORCA_TOP.design_config.tcl' ...
# set lib_dir /pkgs/synopsys/2020/32_28nm/SAED32_EDK
# set top_design ORCA_TOP
# set FCL 1
# set add_ios 0
# set pad_design 0
# set design_size {1000 644 }
# set design_io_border 10
# set dc_floorplanning 1
# set enable_dft 0
# set innovus_enable_manual_macro_placement 1
# set split_constraints 0
# set rtl_list [list ../rtl/$top_design.sv ]
# set slow_corner "ss0p75vn40c ss0p75vn40c_i0p95v ss0p75vn40c_i0p75v ss0p95vn40c ss0p95vn40c_i0p75v"
# set fast_corner "ff0p95vn40c ff0p95vn40c_i1p16v ff0p95vn40c_i0p95v ff1p16vn40c ff1p16vn40c_i1p16v ff1p16vn40c_i0p95v"
# set slow_metal Cmax.tlup_-40
# set fast_metal Cmin.tlup_-40
# set synth_corners $slow_corner
# set synth_corners_slow $slow_corner
# set synth_corners_fast $fast_corner
# set lib_types "stdcell_hvt stdcell_rvt stdcell_lvt sram"
# set sub_lib_type "saed32?vt_ saed32sram_ saed32?vt_ulvl_ saed32?vt_dlvl_ "
# if { 0 } {
    set corners ""
    #Add Worst corners
    set corners "$corners ss0p75vn40c ss0p75vn40c_i0p95v ss0p75vn40c_i0p75v ss0p95vn40c ss0p95vn40c_i0p75v"
    #Add Best corners
    set corners "$corners ff0p95vn40c ff0p95vn40c_i1p16v ff0p95vn40c_i0p95v ff1p16vn40c ff1p16vn40c_i1p16v ff1p16vn40c_i0p95v"
    #Add Leakage corners
    set corners "$corners ff0p95v125c f0p95v125c_i1p16v ff0p95v125c_i0p95v ff1p16v125c ff1p16v125c_i1p16v ff1p16v125c ff1p16v125c_i0p95v"
    set lib_types "stdcell_hvt stdcell_rvt stdcell_lvt sram_lp"
    # Get the main standard cells, and also the level shifters.  Plus srams.
    set sub_lib_type "saed32?vt_ saed32?vt_ulvl_ saed32?vt_dlvl_ saed32sram_"
}
# set topdir [ lindex [ regexp -inline "(.*)\(syn\|pt\|apr\)" [pwd] ] 1 ]
# set sub_block {SDRAM_TOP 
				BLENDER_0 
				PCI_TOP 
				CONTEXT_MEM 
				RISC_CORE 
				CLOCKING 
				BLENDER_1 
				PARSER 
				}
# set sub_block_I {I_SDRAM_TOP I_BLENDER_1  I_BLENDER_0 I_RISC_CORE I_CONTEXT_MEM I_PCI_TOP I_PARSER I_CLOCKING}
# set macro_block {I_SDRAM_TOP I_PCI_TOP I_RISC_CORE I_CONTEXT_MEM}
# if {[info exists synopsys_program_name]} {
        if { $synopsys_program_name == "dc_shell" } {
           set_host_options -max_cores 4
        } 
        if { $synopsys_program_name == "icc2_shell" } {
           set_host_options -max_cores 4
        }
} elseif {[get_db root: .program_short_name] == "innovus"} {
  setMultiCpuUsage -localCpu 8 
} elseif {[get_db root: .program_short_name] == "genus"} {
  set_db / .max_cpus_per_server 8 
}
<CMD> setMultiCpuUsage -localCpu 8
### End verbose source output for '../../ORCA_TOP.design_config.tcl'.
<CMD> set_global _enable_mmmc_by_default_flow      $CTE::mmmc_default
<CMD> set search_path {}
can't read "lef_types": no such variable
### Start verbose source output (echo mode) for '../../ORCA_TOP.design_config.tcl' ...
# set lib_dir /pkgs/synopsys/2020/32_28nm/SAED32_EDK/lib
# set top_design ORCA_TOP
# set FCL 1
# set add_ios 0
# set pad_design 0
# set design_size {1000 644 }
# set design_io_border 10
# set dc_floorplanning 1
# set enable_dft  0
# set innovus_enable_manual_macro_placement 1
# set split_constraints 0
# set rtl_list [list ../rtl/$top_design.sv ]
# set slow_corner "ss0p75vn40c ss0p75vn40c_i0p95v ss0p75vn40c_i0p75v ss0p95vn40c ss0p95vn40c_i0p75v"
# set fast_corner "ff0p95vn40c ff0p95vn40c_i1p16v ff0p95vn40c_i0p95v ff1p16vn40c ff1p16vn40c_i1p16v ff1p16vn40c_i0p95v"
# set synth_corners_slow $slow_corner
# set synth_corners_fast $fast_corner
# set slow_metal Cmax.tlup_-40
# set fast_metal Cmin.tlup_-40
# set lib_types "$lib_dir/stdcell_hvt/db_nldm $lib_dir/stdcell_lvt/db_nldm $lib_dir/io_std/db_nldm $lib_dir/sram/db_nldm $lib_dir/pll/db_nldm"
# set ndm_types "$lib_dir/stdcell_lvt/ndm $lib_dir/stdcell_rvt/ndm $lib_dir/stdcell_hvt/ndm $lib_dir/sram/ndm $lib_dir/io_std/ndm  $lib_dir/pll/ndm"
# set lib_types_target "$lib_dir/stdcell_rvt/db_nldm"
# set sub_lib_type "saed32?vt_ saed32sram_ saed32io_wb_ saed32pll_"
# set sub_lib_type_target "saed32rvt_"
# set synth_corners_target "ss0p95vn40c ss0p75vn40c" 
# set lef_types [list $lib_dir/stdcell_hvt/lef  \
$lib_dir/stdcell_rvt/lef \
$lib_dir/stdcell_lvt/lef \
$lib_dir/sram/lef/ \
$lib_dir/io_std/lef \
$lib_dir/pll/lef \
]
# set sub_lef_type "saed32nm_?vt_*.lef saed32_sram_*.lef saed32io_std_wb saed32_PLL.lef"
# set synth_corners $slow_corner
# set synth_corners_slow $slow_corner
# set synth_corners_fast $fast_corner
# set mwlib_types [list $lib_dir/stdcell_hvt/milkyway \
$lib_dir/stdcell_rvt/milkyway \
$lib_dir/stdcell_lvt/milkyway  \
$lib_dir/io_std/milkyway \
$lib_dir/sram/milkyway $lib_dir/pll/milkyway \
 ]
# set sub_mwlib_type "saed32nm_?vt_* SRAM32NM saed32io_wb_* SAED32_PLL_FR*"
# if { 0 } {
    set corners ""
    #Add Worst corners
    set corners "$corners ss0p75vn40c ss0p75vn40c_i0p95v ss0p75vn40c_i0p75v ss0p95vn40c ss0p95vn40c_i0p75v"
    #Add Best corners
    set corners "$corners ff0p95vn40c ff0p95vn40c_i1p16v ff0p95vn40c_i0p95v ff1p16vn40c ff1p16vn40c_i1p16v ff1p16vn40c_i0p95v"
    #Add Leakage corners
    set corners "$corners ff0p95v125c f0p95v125c_i1p16v ff0p95v125c_i0p95v ff1p16v125c ff1p16v125c_i1p16v ff1p16v125c ff1p16v125c_i0p95v"
    set lib_types "stdcell_hvt stdcell_rvt stdcell_lvt sram_lp"
    # Get the main standard cells, and also the level shifters.  Plus srams.
    set sub_lib_type "saed32?vt_ saed32?vt_ulvl_ saed32?vt_dlvl_ saed32sram_"
}
# set topdir [ lindex [ regexp -inline "(.*)\(syn\|pt\|apr\)" [pwd] ] 1 ]
# set sub_block {SDRAM_TOP 
				BLENDER_0 
				PCI_TOP 
				CONTEXT_MEM 
				RISC_CORE 
				CLOCKING 
				BLENDER_1 
				PARSER 
				}
# set sub_block_I {I_SDRAM_TOP I_BLENDER_1  I_BLENDER_0 I_RISC_CORE I_CONTEXT_MEM I_PCI_TOP I_PARSER I_CLOCKING}
# set macro_block {I_SDRAM_TOP I_PCI_TOP I_RISC_CORE I_CONTEXT_MEM}
# if {[info exists synopsys_program_name]} {
        if { $synopsys_program_name == "dc_shell" } {
           set_host_options -max_cores 4
        } 
        if { $synopsys_program_name == "icc2_shell" } {
           set_host_options -max_cores 4
        }
} elseif {[get_db root: .program_short_name] == "innovus"} {
  setMultiCpuUsage -localCpu 8 
} elseif {[get_db root: .program_short_name] == "genus"} {
  set_db / .max_cpus_per_server 8 
}
<CMD> setMultiCpuUsage -localCpu 8
### End verbose source output for '../../ORCA_TOP.design_config.tcl'.
<CMD> set_global _enable_mmmc_by_default_flow      $CTE::mmmc_default
<CMD> set search_path {}
<CMD> set init_lef_file {../../cadence_cap_tech/tech.lef saed32nm_lvt_1p9m.lef saed32nm_hvt_1p9m.lef saed32_PLL.lef saed32nm_rvt_1p9m.lef}
<CMD> set init_mmmc_file mmmc.tcl
<CMD> set init_design_netlisttype Verilog
<CMD> set init_verilog ../../syn/outputs/ORCA_TOP.genus.vg
<CMD> set init_top_cell ORCA_TOP
<CMD> set init_pwr_net VDD
<CMD> set init_gnd_net VSS
<CMD> init_design
#% Begin Load MMMC data ... (date=03/11 21:15:18, mem=496.6M)
#% End Load MMMC data ... (date=03/11 21:15:18, total cpu=0:00:00.0, real=0:00:00.0, peak res=496.8M, current mem=496.8M)
cmin cmax

Loading LEF file ../../cadence_cap_tech/tech.lef ...
**WARN: (IMPLF-105):	The layer 'PO' specified in SAMENET spacing
rule is neither a routing layer nor a cut layer. The rule is ignored.
**WARN: (IMPLF-105):	The layer 'DIFF' specified in SAMENET spacing
rule is neither a routing layer nor a cut layer. The rule is ignored.
**WARN: (IMPLF-105):	The layer 'PO' specified in SAMENET spacing
rule is neither a routing layer nor a cut layer. The rule is ignored.
**WARN: (IMPLF-105):	The layer 'PIMP' specified in SAMENET spacing
rule is neither a routing layer nor a cut layer. The rule is ignored.
Set DBUPerIGU to M2 pitch 152.

Loading LEF file saed32nm_lvt_1p9m.lef ...
**WARN: (IMPLF-58):	MACRO 'XNOR2X1_LVT' has been found in the database. Its content except DENSITY and PIN ANTENNA* data, and certain properties, will be ignored.
Review the LEF files specified in the init_lef_file variable and remove redundant definitions.
Type 'man IMPLF-58' for more detail.
**WARN: (IMPLF-58):	MACRO 'XNOR2X2_LVT' has been found in the database. Its content except DENSITY and PIN ANTENNA* data, and certain properties, will be ignored.
Review the LEF files specified in the init_lef_file variable and remove redundant definitions.
Type 'man IMPLF-58' for more detail.
**WARN: (IMPLF-58):	MACRO 'XNOR3X2_LVT' has been found in the database. Its content except DENSITY and PIN ANTENNA* data, and certain properties, will be ignored.
Review the LEF files specified in the init_lef_file variable and remove redundant definitions.
Type 'man IMPLF-58' for more detail.
**WARN: (IMPLF-58):	MACRO 'XOR2X1_LVT' has been found in the database. Its content except DENSITY and PIN ANTENNA* data, and certain properties, will be ignored.
Review the LEF files specified in the init_lef_file variable and remove redundant definitions.
Type 'man IMPLF-58' for more detail.
**WARN: (IMPLF-58):	MACRO 'XOR2X2_LVT' has been found in the database. Its content except DENSITY and PIN ANTENNA* data, and certain properties, will be ignored.
Review the LEF files specified in the init_lef_file variable and remove redundant definitions.
Type 'man IMPLF-58' for more detail.
**WARN: (IMPLF-58):	MACRO 'XOR3X1_LVT' has been found in the database. Its content except DENSITY and PIN ANTENNA* data, and certain properties, will be ignored.
Review the LEF files specified in the init_lef_file variable and remove redundant definitions.
Type 'man IMPLF-58' for more detail.
**WARN: (IMPLF-58):	MACRO 'XOR3X2_LVT' has been found in the database. Its content except DENSITY and PIN ANTENNA* data, and certain properties, will be ignored.
Review the LEF files specified in the init_lef_file variable and remove redundant definitions.
Type 'man IMPLF-58' for more detail.
**WARN: (IMPLF-58):	MACRO 'SDFFX1_LVT' has been found in the database. Its content except DENSITY and PIN ANTENNA* data, and certain properties, will be ignored.
Review the LEF files specified in the init_lef_file variable and remove redundant definitions.
Type 'man IMPLF-58' for more detail.
**WARN: (IMPLF-58):	MACRO 'SDFFX2_LVT' has been found in the database. Its content except DENSITY and PIN ANTENNA* data, and certain properties, will be ignored.
Review the LEF files specified in the init_lef_file variable and remove redundant definitions.
Type 'man IMPLF-58' for more detail.
**WARN: (IMPLF-58):	MACRO 'SDFFARX1_LVT' has been found in the database. Its content except DENSITY and PIN ANTENNA* data, and certain properties, will be ignored.
Review the LEF files specified in the init_lef_file variable and remove redundant definitions.
Type 'man IMPLF-58' for more detail.
**WARN: (IMPLF-58):	MACRO 'SDFFARX2_LVT' has been found in the database. Its content except DENSITY and PIN ANTENNA* data, and certain properties, will be ignored.
Review the LEF files specified in the init_lef_file variable and remove redundant definitions.
Type 'man IMPLF-58' for more detail.
**WARN: (IMPLF-58):	MACRO 'OR2X1_LVT' has been found in the database. Its content except DENSITY and PIN ANTENNA* data, and certain properties, will be ignored.
Review the LEF files specified in the init_lef_file variable and remove redundant definitions.
Type 'man IMPLF-58' for more detail.
**WARN: (IMPLF-58):	MACRO 'OR2X2_LVT' has been found in the database. Its content except DENSITY and PIN ANTENNA* data, and certain properties, will be ignored.
Review the LEF files specified in the init_lef_file variable and remove redundant definitions.
Type 'man IMPLF-58' for more detail.
**WARN: (IMPLF-58):	MACRO 'OR2X4_LVT' has been found in the database. Its content except DENSITY and PIN ANTENNA* data, and certain properties, will be ignored.
Review the LEF files specified in the init_lef_file variable and remove redundant definitions.
Type 'man IMPLF-58' for more detail.
**WARN: (IMPLF-58):	MACRO 'OR3X1_LVT' has been found in the database. Its content except DENSITY and PIN ANTENNA* data, and certain properties, will be ignored.
Review the LEF files specified in the init_lef_file variable and remove redundant definitions.
Type 'man IMPLF-58' for more detail.
**WARN: (IMPLF-58):	MACRO 'OR3X2_LVT' has been found in the database. Its content except DENSITY and PIN ANTENNA* data, and certain properties, will be ignored.
Review the LEF files specified in the init_lef_file variable and remove redundant definitions.
Type 'man IMPLF-58' for more detail.
**WARN: (IMPLF-58):	MACRO 'OR3X4_LVT' has been found in the database. Its content except DENSITY and PIN ANTENNA* data, and certain properties, will be ignored.
Review the LEF files specified in the init_lef_file variable and remove redundant definitions.
Type 'man IMPLF-58' for more detail.
**WARN: (IMPLF-58):	MACRO 'OR4X1_LVT' has been found in the database. Its content except DENSITY and PIN ANTENNA* data, and certain properties, will be ignored.
Review the LEF files specified in the init_lef_file variable and remove redundant definitions.
Type 'man IMPLF-58' for more detail.
**WARN: (IMPLF-58):	MACRO 'OR4X2_LVT' has been found in the database. Its content except DENSITY and PIN ANTENNA* data, and certain properties, will be ignored.
Review the LEF files specified in the init_lef_file variable and remove redundant definitions.
Type 'man IMPLF-58' for more detail.
**WARN: (IMPLF-58):	MACRO 'OR4X4_LVT' has been found in the database. Its content except DENSITY and PIN ANTENNA* data, and certain properties, will be ignored.
Review the LEF files specified in the init_lef_file variable and remove redundant definitions.
Type 'man IMPLF-58' for more detail.
**WARN: (EMS-27):	Message (IMPLF-58) has exceeded the current message display limit of 20.
To increase the message display limit, refer to the product command reference manual.
WARNING (LEFPARS-2003): BUSBITCHARS is a required statement on LEF file with version 5.5 and earlier.
Without BUSBITCHARS defined, the LEF file is technically incorrect.
Refer the LEF/DEF 5.5 or earlier Language Referece manual on how to define this statement. See file saed32nm_lvt_1p9m.lef at line 67466.

Loading LEF file saed32nm_hvt_1p9m.lef ...
WARNING (LEFPARS-2003): BUSBITCHARS is a required statement on LEF file with version 5.5 and earlier.
Without BUSBITCHARS defined, the LEF file is technically incorrect.
Refer the LEF/DEF 5.5 or earlier Language Referece manual on how to define this statement. See file saed32nm_hvt_1p9m.lef at line 191962.

Loading LEF file saed32_PLL.lef ...
WARNING (LEFPARS-2003): BUSBITCHARS is a required statement on LEF file with version 5.5 and earlier.
Without BUSBITCHARS defined, the LEF file is technically incorrect.
Refer the LEF/DEF 5.5 or earlier Language Referece manual on how to define this statement. See file saed32_PLL.lef at line 372.

Loading LEF file saed32nm_rvt_1p9m.lef ...
WARNING (LEFPARS-2003): BUSBITCHARS is a required statement on LEF file with version 5.5 and earlier.
Without BUSBITCHARS defined, the LEF file is technically incorrect.
Refer the LEF/DEF 5.5 or earlier Language Referece manual on how to define this statement. See file saed32nm_rvt_1p9m.lef at line 148040.
**WARN: (IMPLF-61):	208 duplicated MACRO definitions have been found in the LEF file(s). Their content except DENSITY and PIN ANTENNA* data, and certain properties, have been ignored.
Review the LEF files specified in the init_lef_file variable and remove redundant definitions.
Type 'man IMPLF-61' for more detail.

viaInitial starts at Sat Mar 11 21:15:19 2023
**WARN: (IMPPP-543):	Inconsistent cut size definition in VIARULE 'VIA12BAR_C' and 'VIA12SQ_C'.
Type 'man IMPPP-543' for more detail.
**WARN: (IMPPP-543):	Inconsistent cut size definition in VIARULE 'VIA12LG_C' and 'VIA12SQ_C'.
Type 'man IMPPP-543' for more detail.
**WARN: (IMPPP-543):	Inconsistent cut size definition in VIARULE 'VIA12BAR' and 'VIA12SQ_C'.
Type 'man IMPPP-543' for more detail.
**WARN: (IMPPP-543):	Inconsistent cut size definition in VIARULE 'VIA12LG' and 'VIA12SQ_C'.
Type 'man IMPPP-543' for more detail.
**WARN: (IMPPP-543):	Inconsistent cut size definition in VIARULE 'VIA23BAR_C' and 'VIA23SQ_C'.
Type 'man IMPPP-543' for more detail.
**WARN: (IMPPP-543):	Inconsistent cut size definition in VIARULE 'VIA23LG_C' and 'VIA23SQ_C'.
Type 'man IMPPP-543' for more detail.
**WARN: (IMPPP-543):	Inconsistent cut size definition in VIARULE 'VIA23BAR' and 'VIA23SQ_C'.
Type 'man IMPPP-543' for more detail.
**WARN: (IMPPP-543):	Inconsistent cut size definition in VIARULE 'VIA23LG' and 'VIA23SQ_C'.
Type 'man IMPPP-543' for more detail.
**WARN: (IMPPP-543):	Inconsistent cut size definition in VIARULE 'VIA34BAR_C' and 'VIA34SQ_C'.
Type 'man IMPPP-543' for more detail.
**WARN: (IMPPP-543):	Inconsistent cut size definition in VIARULE 'VIA34LG_C' and 'VIA34SQ_C'.
Type 'man IMPPP-543' for more detail.
**WARN: (IMPPP-543):	Inconsistent cut size definition in VIARULE 'VIA34BAR' and 'VIA34SQ_C'.
Type 'man IMPPP-543' for more detail.
**WARN: (IMPPP-543):	Inconsistent cut size definition in VIARULE 'VIA34LG' and 'VIA34SQ_C'.
Type 'man IMPPP-543' for more detail.
**WARN: (IMPPP-543):	Inconsistent cut size definition in VIARULE 'VIA45BAR_C' and 'VIA45SQ_C'.
Type 'man IMPPP-543' for more detail.
**WARN: (IMPPP-543):	Inconsistent cut size definition in VIARULE 'VIA45LG_C' and 'VIA45SQ_C'.
Type 'man IMPPP-543' for more detail.
**WARN: (IMPPP-543):	Inconsistent cut size definition in VIARULE 'VIA45BAR' and 'VIA45SQ_C'.
Type 'man IMPPP-543' for more detail.
**WARN: (IMPPP-543):	Inconsistent cut size definition in VIARULE 'VIA45LG' and 'VIA45SQ_C'.
Type 'man IMPPP-543' for more detail.
**WARN: (IMPPP-543):	Inconsistent cut size definition in VIARULE 'VIA56BAR_C' and 'VIA56SQ_C'.
Type 'man IMPPP-543' for more detail.
**WARN: (IMPPP-543):	Inconsistent cut size definition in VIARULE 'VIA56LG_C' and 'VIA56SQ_C'.
Type 'man IMPPP-543' for more detail.
**WARN: (IMPPP-543):	Inconsistent cut size definition in VIARULE 'VIA56BAR' and 'VIA56SQ_C'.
Type 'man IMPPP-543' for more detail.
**WARN: (IMPPP-543):	Inconsistent cut size definition in VIARULE 'VIA56LG' and 'VIA56SQ_C'.
Type 'man IMPPP-543' for more detail.
**WARN: (EMS-27):	Message (IMPPP-543) has exceeded the current message display limit of 20.
To increase the message display limit, refer to the product command reference manual.
viaInitial ends at Sat Mar 11 21:15:19 2023

##  Check design process and node:  
##  Both design process and tech node are not set.

Loading view definition file from mmmc.tcl
Starting library reading in 'Multi-threaded flow' (with '8' threads)
Reading worst_libs timing library /pkgs/synopsys/2020/32_28nm/SAED32_EDK/lib/stdcell_hvt/db_nldm/saed32hvt_ss0p75vn40c.lib.
**WARN: (TECHLIB-1277):	The attribute 'fanout_load' has been defined for output pin 'D'. 'fanout_load' cannot be defined at this level and is being ignored. (File /pkgs/synopsys/2020/32_28nm/SAED32_EDK/lib/stdcell_hvt/db_nldm/saed32hvt_ss0p75vn40c.lib, Line 84713)
**WARN: (TECHLIB-1277):	The attribute 'fanout_load' has been defined for output pin 'D'. 'fanout_load' cannot be defined at this level and is being ignored. (File /pkgs/synopsys/2020/32_28nm/SAED32_EDK/lib/stdcell_hvt/db_nldm/saed32hvt_ss0p75vn40c.lib, Line 84764)
**WARN: (TECHLIB-1277):	The attribute 'fanout_load' has been defined for output pin 'D'. 'fanout_load' cannot be defined at this level and is being ignored. (File /pkgs/synopsys/2020/32_28nm/SAED32_EDK/lib/stdcell_hvt/db_nldm/saed32hvt_ss0p75vn40c.lib, Line 84815)
**WARN: (TECHLIB-1161):	The library level attribute default_operating_conditions on line 226791 is defined after at least one cell definition. The attribute will be ignored. (File /pkgs/synopsys/2020/32_28nm/SAED32_EDK/lib/stdcell_hvt/db_nldm/saed32hvt_ss0p75vn40c.lib)
**WARN: (TECHLIB-1161):	The library level attribute default_wire_load on line 226792 is defined after at least one cell definition. The attribute will be ignored. (File /pkgs/synopsys/2020/32_28nm/SAED32_EDK/lib/stdcell_hvt/db_nldm/saed32hvt_ss0p75vn40c.lib)
**WARN: (TECHLIB-1161):	The library level attribute default_wire_load_selection on line 226793 is defined after at least one cell definition. The attribute will be ignored. (File /pkgs/synopsys/2020/32_28nm/SAED32_EDK/lib/stdcell_hvt/db_nldm/saed32hvt_ss0p75vn40c.lib)
**WARN: (TECHLIB-302):	No function defined for cell 'PMT3_HVT'. The cell will only be used for analysis. (File /pkgs/synopsys/2020/32_28nm/SAED32_EDK/lib/stdcell_hvt/db_nldm/saed32hvt_ss0p75vn40c.lib)
**WARN: (TECHLIB-302):	No function defined for cell 'PMT2_HVT'. The cell will only be used for analysis. (File /pkgs/synopsys/2020/32_28nm/SAED32_EDK/lib/stdcell_hvt/db_nldm/saed32hvt_ss0p75vn40c.lib)
**WARN: (TECHLIB-302):	No function defined for cell 'PMT1_HVT'. The cell will only be used for analysis. (File /pkgs/synopsys/2020/32_28nm/SAED32_EDK/lib/stdcell_hvt/db_nldm/saed32hvt_ss0p75vn40c.lib)
**WARN: (TECHLIB-302):	No function defined for cell 'NMT3_HVT'. The cell will only be used for analysis. (File /pkgs/synopsys/2020/32_28nm/SAED32_EDK/lib/stdcell_hvt/db_nldm/saed32hvt_ss0p75vn40c.lib)
**WARN: (TECHLIB-302):	No function defined for cell 'NMT2_HVT'. The cell will only be used for analysis. (File /pkgs/synopsys/2020/32_28nm/SAED32_EDK/lib/stdcell_hvt/db_nldm/saed32hvt_ss0p75vn40c.lib)
**WARN: (TECHLIB-302):	No function defined for cell 'NMT1_HVT'. The cell will only be used for analysis. (File /pkgs/synopsys/2020/32_28nm/SAED32_EDK/lib/stdcell_hvt/db_nldm/saed32hvt_ss0p75vn40c.lib)
Read 294 cells in library saed32hvt_ss0p75vn40c.
Reading worst_libs timing library /pkgs/synopsys/2020/32_28nm/SAED32_EDK/lib/stdcell_hvt/db_nldm/saed32hvt_ss0p95vn40c.lib.
**WARN: (TECHLIB-1277):	The attribute 'fanout_load' has been defined for output pin 'D'. 'fanout_load' cannot be defined at this level and is being ignored. (File /pkgs/synopsys/2020/32_28nm/SAED32_EDK/lib/stdcell_hvt/db_nldm/saed32hvt_ss0p95vn40c.lib, Line 84613)
**WARN: (TECHLIB-1277):	The attribute 'fanout_load' has been defined for output pin 'D'. 'fanout_load' cannot be defined at this level and is being ignored. (File /pkgs/synopsys/2020/32_28nm/SAED32_EDK/lib/stdcell_hvt/db_nldm/saed32hvt_ss0p95vn40c.lib, Line 84664)
**WARN: (TECHLIB-1277):	The attribute 'fanout_load' has been defined for output pin 'D'. 'fanout_load' cannot be defined at this level and is being ignored. (File /pkgs/synopsys/2020/32_28nm/SAED32_EDK/lib/stdcell_hvt/db_nldm/saed32hvt_ss0p95vn40c.lib, Line 84715)
**WARN: (TECHLIB-1277):	The attribute 'fanout_load' has been defined for output pin 'D'. 'fanout_load' cannot be defined at this level and is being ignored. (File /pkgs/synopsys/2020/32_28nm/SAED32_EDK/lib/stdcell_hvt/db_nldm/saed32hvt_ss0p95vn40c.lib, Line 120053)
**WARN: (TECHLIB-1277):	The attribute 'fanout_load' has been defined for output pin 'D'. 'fanout_load' cannot be defined at this level and is being ignored. (File /pkgs/synopsys/2020/32_28nm/SAED32_EDK/lib/stdcell_hvt/db_nldm/saed32hvt_ss0p95vn40c.lib, Line 120104)
**WARN: (TECHLIB-1277):	The attribute 'fanout_load' has been defined for output pin 'D'. 'fanout_load' cannot be defined at this level and is being ignored. (File /pkgs/synopsys/2020/32_28nm/SAED32_EDK/lib/stdcell_hvt/db_nldm/saed32hvt_ss0p95vn40c.lib, Line 120155)
**WARN: (TECHLIB-1161):	The library level attribute default_operating_conditions on line 226348 is defined after at least one cell definition. The attribute will be ignored. (File /pkgs/synopsys/2020/32_28nm/SAED32_EDK/lib/stdcell_hvt/db_nldm/saed32hvt_ss0p95vn40c.lib)
**WARN: (TECHLIB-1161):	The library level attribute default_wire_load on line 226349 is defined after at least one cell definition. The attribute will be ignored. (File /pkgs/synopsys/2020/32_28nm/SAED32_EDK/lib/stdcell_hvt/db_nldm/saed32hvt_ss0p95vn40c.lib)
**WARN: (TECHLIB-1161):	The library level attribute default_wire_load_selection on line 226350 is defined after at least one cell definition. The attribute will be ignored. (File /pkgs/synopsys/2020/32_28nm/SAED32_EDK/lib/stdcell_hvt/db_nldm/saed32hvt_ss0p95vn40c.lib)
**WARN: (TECHLIB-302):	No function defined for cell 'PMT3_HVT'. The cell will only be used for analysis. (File /pkgs/synopsys/2020/32_28nm/SAED32_EDK/lib/stdcell_hvt/db_nldm/saed32hvt_ss0p95vn40c.lib)
**WARN: (TECHLIB-302):	No function defined for cell 'PMT2_HVT'. The cell will only be used for analysis. (File /pkgs/synopsys/2020/32_28nm/SAED32_EDK/lib/stdcell_hvt/db_nldm/saed32hvt_ss0p95vn40c.lib)
**WARN: (TECHLIB-302):	No function defined for cell 'PMT1_HVT'. The cell will only be used for analysis. (File /pkgs/synopsys/2020/32_28nm/SAED32_EDK/lib/stdcell_hvt/db_nldm/saed32hvt_ss0p95vn40c.lib)
**WARN: (TECHLIB-302):	No function defined for cell 'NMT3_HVT'. The cell will only be used for analysis. (File /pkgs/synopsys/2020/32_28nm/SAED32_EDK/lib/stdcell_hvt/db_nldm/saed32hvt_ss0p95vn40c.lib)
**WARN: (TECHLIB-302):	No function defined for cell 'NMT2_HVT'. The cell will only be used for analysis. (File /pkgs/synopsys/2020/32_28nm/SAED32_EDK/lib/stdcell_hvt/db_nldm/saed32hvt_ss0p95vn40c.lib)
**WARN: (TECHLIB-302):	No function defined for cell 'NMT1_HVT'. The cell will only be used for analysis. (File /pkgs/synopsys/2020/32_28nm/SAED32_EDK/lib/stdcell_hvt/db_nldm/saed32hvt_ss0p95vn40c.lib)
Read 294 cells in library saed32hvt_ss0p95vn40c.
Reading worst_libs timing library /pkgs/synopsys/2020/32_28nm/SAED32_EDK/lib/stdcell_lvt/db_nldm/saed32lvt_ss0p75vn40c.lib.
**WARN: (TECHLIB-1277):	The attribute 'fanout_load' has been defined for output pin 'D'. 'fanout_load' cannot be defined at this level and is being ignored. (File /pkgs/synopsys/2020/32_28nm/SAED32_EDK/lib/stdcell_lvt/db_nldm/saed32lvt_ss0p75vn40c.lib, Line 84607)
**WARN: (TECHLIB-1277):	The attribute 'fanout_load' has been defined for output pin 'D'. 'fanout_load' cannot be defined at this level and is being ignored. (File /pkgs/synopsys/2020/32_28nm/SAED32_EDK/lib/stdcell_lvt/db_nldm/saed32lvt_ss0p75vn40c.lib, Line 84658)
**WARN: (TECHLIB-1277):	The attribute 'fanout_load' has been defined for output pin 'D'. 'fanout_load' cannot be defined at this level and is being ignored. (File /pkgs/synopsys/2020/32_28nm/SAED32_EDK/lib/stdcell_lvt/db_nldm/saed32lvt_ss0p75vn40c.lib, Line 84709)
**WARN: (TECHLIB-1277):	The attribute 'fanout_load' has been defined for output pin 'D'. 'fanout_load' cannot be defined at this level and is being ignored. (File /pkgs/synopsys/2020/32_28nm/SAED32_EDK/lib/stdcell_lvt/db_nldm/saed32lvt_ss0p75vn40c.lib, Line 120047)
**WARN: (TECHLIB-1277):	The attribute 'fanout_load' has been defined for output pin 'D'. 'fanout_load' cannot be defined at this level and is being ignored. (File /pkgs/synopsys/2020/32_28nm/SAED32_EDK/lib/stdcell_lvt/db_nldm/saed32lvt_ss0p75vn40c.lib, Line 120098)
**WARN: (TECHLIB-1277):	The attribute 'fanout_load' has been defined for output pin 'D'. 'fanout_load' cannot be defined at this level and is being ignored. (File /pkgs/synopsys/2020/32_28nm/SAED32_EDK/lib/stdcell_lvt/db_nldm/saed32lvt_ss0p75vn40c.lib, Line 120149)
**WARN: (TECHLIB-1161):	The library level attribute default_operating_conditions on line 226612 is defined after at least one cell definition. The attribute will be ignored. (File /pkgs/synopsys/2020/32_28nm/SAED32_EDK/lib/stdcell_lvt/db_nldm/saed32lvt_ss0p75vn40c.lib)
**WARN: (TECHLIB-1161):	The library level attribute default_wire_load on line 226613 is defined after at least one cell definition. The attribute will be ignored. (File /pkgs/synopsys/2020/32_28nm/SAED32_EDK/lib/stdcell_lvt/db_nldm/saed32lvt_ss0p75vn40c.lib)
**WARN: (TECHLIB-1161):	The library level attribute default_wire_load_selection on line 226614 is defined after at least one cell definition. The attribute will be ignored. (File /pkgs/synopsys/2020/32_28nm/SAED32_EDK/lib/stdcell_lvt/db_nldm/saed32lvt_ss0p75vn40c.lib)
**WARN: (TECHLIB-302):	No function defined for cell 'PMT3_LVT'. The cell will only be used for analysis. (File /pkgs/synopsys/2020/32_28nm/SAED32_EDK/lib/stdcell_lvt/db_nldm/saed32lvt_ss0p75vn40c.lib)
**WARN: (TECHLIB-302):	No function defined for cell 'PMT2_LVT'. The cell will only be used for analysis. (File /pkgs/synopsys/2020/32_28nm/SAED32_EDK/lib/stdcell_lvt/db_nldm/saed32lvt_ss0p75vn40c.lib)
**WARN: (TECHLIB-302):	No function defined for cell 'PMT1_LVT'. The cell will only be used for analysis. (File /pkgs/synopsys/2020/32_28nm/SAED32_EDK/lib/stdcell_lvt/db_nldm/saed32lvt_ss0p75vn40c.lib)
**WARN: (TECHLIB-302):	No function defined for cell 'NMT3_LVT'. The cell will only be used for analysis. (File /pkgs/synopsys/2020/32_28nm/SAED32_EDK/lib/stdcell_lvt/db_nldm/saed32lvt_ss0p75vn40c.lib)
**WARN: (TECHLIB-302):	No function defined for cell 'NMT2_LVT'. The cell will only be used for analysis. (File /pkgs/synopsys/2020/32_28nm/SAED32_EDK/lib/stdcell_lvt/db_nldm/saed32lvt_ss0p75vn40c.lib)
**WARN: (TECHLIB-302):	No function defined for cell 'NMT1_LVT'. The cell will only be used for analysis. (File /pkgs/synopsys/2020/32_28nm/SAED32_EDK/lib/stdcell_lvt/db_nldm/saed32lvt_ss0p75vn40c.lib)
Read 294 cells in library saed32lvt_ss0p75vn40c.
Reading worst_libs timing library /pkgs/synopsys/2020/32_28nm/SAED32_EDK/lib/stdcell_lvt/db_nldm/saed32lvt_ss0p95vn40c.lib.
**WARN: (TECHLIB-1277):	The attribute 'fanout_load' has been defined for output pin 'D'. 'fanout_load' cannot be defined at this level and is being ignored. (File /pkgs/synopsys/2020/32_28nm/SAED32_EDK/lib/stdcell_lvt/db_nldm/saed32lvt_ss0p95vn40c.lib, Line 84607)
**WARN: (TECHLIB-1277):	The attribute 'fanout_load' has been defined for output pin 'D'. 'fanout_load' cannot be defined at this level and is being ignored. (File /pkgs/synopsys/2020/32_28nm/SAED32_EDK/lib/stdcell_lvt/db_nldm/saed32lvt_ss0p95vn40c.lib, Line 84658)
**WARN: (TECHLIB-1277):	The attribute 'fanout_load' has been defined for output pin 'D'. 'fanout_load' cannot be defined at this level and is being ignored. (File /pkgs/synopsys/2020/32_28nm/SAED32_EDK/lib/stdcell_lvt/db_nldm/saed32lvt_ss0p95vn40c.lib, Line 84709)
**WARN: (TECHLIB-1277):	The attribute 'fanout_load' has been defined for output pin 'D'. 'fanout_load' cannot be defined at this level and is being ignored. (File /pkgs/synopsys/2020/32_28nm/SAED32_EDK/lib/stdcell_lvt/db_nldm/saed32lvt_ss0p95vn40c.lib, Line 120047)
**WARN: (TECHLIB-1277):	The attribute 'fanout_load' has been defined for output pin 'D'. 'fanout_load' cannot be defined at this level and is being ignored. (File /pkgs/synopsys/2020/32_28nm/SAED32_EDK/lib/stdcell_lvt/db_nldm/saed32lvt_ss0p95vn40c.lib, Line 120098)
Message <TECHLIB-1277> has exceeded the message display limit of '20'. Use 'set_message -no_limit -id list_of_msgIDs' to reset the message limit.
**WARN: (TECHLIB-1161):	The library level attribute default_operating_conditions on line 226612 is defined after at least one cell definition. The attribute will be ignored. (File /pkgs/synopsys/2020/32_28nm/SAED32_EDK/lib/stdcell_lvt/db_nldm/saed32lvt_ss0p95vn40c.lib)
**WARN: (TECHLIB-1161):	The library level attribute default_wire_load on line 226613 is defined after at least one cell definition. The attribute will be ignored. (File /pkgs/synopsys/2020/32_28nm/SAED32_EDK/lib/stdcell_lvt/db_nldm/saed32lvt_ss0p95vn40c.lib)
**WARN: (TECHLIB-1161):	The library level attribute default_wire_load_selection on line 226614 is defined after at least one cell definition. The attribute will be ignored. (File /pkgs/synopsys/2020/32_28nm/SAED32_EDK/lib/stdcell_lvt/db_nldm/saed32lvt_ss0p95vn40c.lib)
**WARN: (TECHLIB-302):	No function defined for cell 'PMT3_LVT'. The cell will only be used for analysis. (File /pkgs/synopsys/2020/32_28nm/SAED32_EDK/lib/stdcell_lvt/db_nldm/saed32lvt_ss0p95vn40c.lib)
**WARN: (TECHLIB-302):	No function defined for cell 'PMT2_LVT'. The cell will only be used for analysis. (File /pkgs/synopsys/2020/32_28nm/SAED32_EDK/lib/stdcell_lvt/db_nldm/saed32lvt_ss0p95vn40c.lib)
Message <TECHLIB-302> has exceeded the message display limit of '20'. Use 'set_message -no_limit -id list_of_msgIDs' to reset the message limit.
Read 294 cells in library saed32lvt_ss0p95vn40c.
Reading worst_libs timing library /pkgs/synopsys/2020/32_28nm/SAED32_EDK/lib/sram/db_nldm/saed32sram_ss0p95vn40c.lib.
**WARN: (TECHLIB-1161):	The library level attribute default_operating_conditions on line 24401 is defined after at least one cell definition. The attribute will be ignored. (File /pkgs/synopsys/2020/32_28nm/SAED32_EDK/lib/sram/db_nldm/saed32sram_ss0p95vn40c.lib)
**WARN: (TECHLIB-1161):	The library level attribute default_wire_load on line 24402 is defined after at least one cell definition. The attribute will be ignored. (File /pkgs/synopsys/2020/32_28nm/SAED32_EDK/lib/sram/db_nldm/saed32sram_ss0p95vn40c.lib)
**WARN: (TECHLIB-1161):	The library level attribute default_wire_load_selection on line 24403 is defined after at least one cell definition. The attribute will be ignored. (File /pkgs/synopsys/2020/32_28nm/SAED32_EDK/lib/sram/db_nldm/saed32sram_ss0p95vn40c.lib)
Read 35 cells in library saed32sram_ss0p95vn40c.
Library reading multithread flow ended.
Starting library reading in 'Multi-threaded flow' (with '8' threads)
Reading best_libs timing library /pkgs/synopsys/2020/32_28nm/SAED32_EDK/lib/stdcell_hvt/db_nldm/saed32hvt_ff0p95vn40c.lib.
Read 294 cells in library saed32hvt_ff0p95vn40c.
Reading best_libs timing library /pkgs/synopsys/2020/32_28nm/SAED32_EDK/lib/stdcell_hvt/db_nldm/saed32hvt_ff1p16vn40c.lib.
Read 294 cells in library saed32hvt_ff1p16vn40c.
Reading best_libs timing library /pkgs/synopsys/2020/32_28nm/SAED32_EDK/lib/stdcell_lvt/db_nldm/saed32lvt_ff0p95vn40c.lib.
Read 294 cells in library saed32lvt_ff0p95vn40c.
Reading best_libs timing library /pkgs/synopsys/2020/32_28nm/SAED32_EDK/lib/stdcell_lvt/db_nldm/saed32lvt_ff1p16vn40c.lib.
**WARN: (TECHLIB-1161):	The library level attribute default_operating_conditions on line 226434 is defined after at least one cell definition. The attribute will be ignored. (File /pkgs/synopsys/2020/32_28nm/SAED32_EDK/lib/stdcell_lvt/db_nldm/saed32lvt_ff1p16vn40c.lib)
**WARN: (TECHLIB-1161):	The library level attribute default_wire_load on line 226435 is defined after at least one cell definition. The attribute will be ignored. (File /pkgs/synopsys/2020/32_28nm/SAED32_EDK/lib/stdcell_lvt/db_nldm/saed32lvt_ff1p16vn40c.lib)
Message <TECHLIB-1161> has exceeded the message display limit of '20'. Use 'set_message -no_limit -id list_of_msgIDs' to reset the message limit.
Read 294 cells in library saed32lvt_ff1p16vn40c.
Reading best_libs timing library /pkgs/synopsys/2020/32_28nm/SAED32_EDK/lib/sram/db_nldm/saed32sram_ff1p16vn40c.lib.
**WARN: (TECHLIB-1161):	The library level attribute default_operating_conditions on line 24400 is defined after at least one cell definition. The attribute will be ignored. (File /pkgs/synopsys/2020/32_28nm/SAED32_EDK/lib/sram/db_nldm/saed32sram_ff1p16vn40c.lib)
**WARN: (TECHLIB-1161):	The library level attribute default_wire_load on line 24401 is defined after at least one cell definition. The attribute will be ignored. (File /pkgs/synopsys/2020/32_28nm/SAED32_EDK/lib/sram/db_nldm/saed32sram_ff1p16vn40c.lib)
**WARN: (TECHLIB-1161):	The library level attribute default_wire_load_selection on line 24402 is defined after at least one cell definition. The attribute will be ignored. (File /pkgs/synopsys/2020/32_28nm/SAED32_EDK/lib/sram/db_nldm/saed32sram_ff1p16vn40c.lib)
Read 35 cells in library saed32sram_ff1p16vn40c.
Library reading multithread flow ended.
*** End library_loading (cpu=0.23min, real=0.05min, mem=104.5M, fe_cpu=2.91min, fe_real=10.97min, fe_mem=905.1M) ***
**ERROR: (IMPSYT-16038):	The specified file '../../syn/outputs/ORCA_TOP.genus.vg' could not be found. Check your file system, correct the file name.
**ERROR: (IMPIMEX-7008):	No netlist files are found.


*** Memory Usage v#1 (Current mem = 905.059M, initial mem = 289.684M) ***
*** Message Summary: 368 warning(s), 2 error(s)

--- Ending "Innovus" (totcpu=0:03:01, real=0:11:25, mem=905.1M) ---
