###############################################################
#  Generated by:      Cadence Innovus 19.16-s053_1
#  OS:                Linux x86_64(Host ID auto.ece.pdx.edu)
#  Generated on:      Sun Mar  5 15:25:10 2023
#  Design:            fifo1_sram
#  Command:           checkDesign -powerGround -noHtml -outfile pg.rpt
###############################################################


==============================
Design Stats
==============================
Design Name: fifo1_sram  
    ------------------------------
    Cells used in the design
    ------------------------------
    D8I1025_NS  
    I1025_NS  
    DFFASX1_RVT  
    XNOR3X1_RVT  
    NAND2X0_RVT  
    OR2X1_RVT  
    OA221X1_RVT  
    INVX1_RVT  
    AO21X1_RVT  
    AND2X1_RVT  
    OA222X1_RVT  
    AO221X1_RVT  
    AO22X1_RVT  
    OA21X1_RVT  
    AND3X1_RVT  
    OR4X1_RVT  
    INVX4_RVT  
    NAND3X0_RVT  
    INVX8_RVT  
    NOR3X0_RVT  
    AOI22X1_RVT  
    AND4X1_RVT  
    XNOR2X1_RVT  
    HADDX1_RVT  
    SDFFARX1_RVT  
    AOI21X1_RVT  
    MUX21X1_RVT  
    NOR2X0_RVT  
    NAND4X0_RVT  
    OA22X1_RVT  
    OR3X2_RVT  
    XNOR2X2_RVT  
    DFFARX1_RVT  
    INVX0_RVT  
    Number of cells used in the design  34  
    ------------------------------
    Non-uniquified instances used in the design
    ------------------------------
    fifomem/genblk1_0__U  
    fifomem/genblk1_1__U  
    fifomem/genblk1_2__U  
    fifomem/genblk1_3__U  
    fifomem/genblk1_4__U  
    fifomem/genblk1_5__U  
    fifomem/genblk1_6__U  
    fifomem/genblk1_7__U  
    fifomem/g234__2398  
    fifomem/g235__5107  
    fifomem/g236__6260  
    fifomem/g237__4319  
    fifomem/g238__8428  
    fifomem/g239__5526  
    fifomem/g240__6783  
    fifomem/g241__3680  
    fifomem/g242  
    fifomem/g243__1617  
    fifomem/g244__2802  
    fifomem/g245  
    fifomem/g246__1705  
    fifomem/g247__5122  
    fifomem/g248  
    fifomem/g249  
    fifomem/g250  
    fifomem/g251__8246  
    fifomem/g252__7098  
    fifomem/g253__6131  
    fifomem/g254__1881  
    fifomem/g255__5115  
    fifomem/g256__7482  
    fifomem/g257__4733  
    fifomem/g258__6161  
    fifomem/g259  
    fifomem/g260__9315  
    fifomem/g261__9945  
    fifomem/g262  
    fifomem/g263__2883  
    fifomem/g264__2346  
    fifomem/g265  
    fifomem/g266  
    fifomem/g267  
    rptr_empty/rptr_reg_9_  
    rptr_empty/rptr_reg_6_  
    rptr_empty/rptr_reg_7_  
    rptr_empty/rptr_reg_8_  
    rptr_empty/rptr_reg_5_  
    rptr_empty/rptr_reg_4_  
    rptr_empty/rptr_reg_3_  
    rptr_empty/g3524  
    rptr_empty/g3526  
    rptr_empty/rptr_reg_2_  
    rptr_empty/rptr_reg_1_  
    rptr_empty/g3532  
    rptr_empty/g3533  
    rptr_empty/rptr_reg_0_  
    rptr_empty/g3538  
    rptr_empty/g3542__6417  
    rptr_empty/g3544  
    rptr_empty/g3545__5477  
    rptr_empty/g3546__2398  
    rptr_empty/g3548__5107  
    rptr_empty/g3549__6260  
    rptr_empty/g3551  
    rptr_empty/g3552  
    rptr_empty/g3564__3680  
    rptr_empty/g3566  
    rptr_empty/g3574  
    rptr_empty/g3575__5122  
    rptr_empty/g3576__8246  
    rptr_empty/g3594__1881  
    rptr_empty/g2__4733  
    rptr_empty/g3611__9945  
    rptr_empty/g3612__2883  
    rptr_empty/g3613__2346  
    rptr_empty/g3614__1666  
    rptr_empty/g3615__7410  
    rptr_empty/g3623__6417  
    rptr_empty/g3626__5107  
    rptr_empty/g3630__8428  
    rptr_empty/g3632__5526  
    rptr_empty/g3634__6783  
    rptr_empty/g3636__3680  
    rptr_empty/g3638__1617  
    rptr_empty/rbin_reg_0_  
    rptr_empty/rbin_reg_1_  
    rptr_empty/rbin_reg_2_  
    rptr_empty/rbin_reg_3_  
    rptr_empty/rbin_reg_4_  
    rptr_empty/rbin_reg_5_  
    rptr_empty/rbin_reg_6_  
    rptr_empty/rbin_reg_7_  
    rptr_empty/rbin_reg_8_  
    rptr_empty/rbin_reg_9_  
    rptr_empty/rbin_reg_10_  
    rptr_empty/g4419__6131  
    rptr_empty/g4420__1881  
    rptr_empty/g4421__5115  
    rptr_empty/g4422__7482  
    rptr_empty/g4423__4733  
    rptr_empty/g4424__6161  
    rptr_empty/g4425__9315  
    rptr_empty/g4426__9945  
    rptr_empty/g4427__2883  
    rptr_empty/g4428__2346  
    rptr_empty/g4429__1666  
    rptr_empty/g4430__7410  
    rptr_empty/g4431__6417  
    rptr_empty/g4433__2398  
    rptr_empty/g4434__5107  
    rptr_empty/g4435__6260  
    rptr_empty/g4438__8428  
    rptr_empty/g4439__5526  
    rptr_empty/g4440__6783  
    rptr_empty/g4442__1617  
    rptr_empty/g4443__2802  
    rptr_empty/g4444__1705  
    rptr_empty/g4445__5122  
    rptr_empty/g4446__8246  
    rptr_empty/g4447__7098  
    rptr_empty/g4448__6131  
    rptr_empty/g4449__1881  
    rptr_empty/g4450__5115  
    rptr_empty/g4451__7482  
    rptr_empty/g4452__4733  
    rptr_empty/g4453__6161  
    rptr_empty/g4454__9315  
    rptr_empty/g4455__9945  
    rptr_empty/g4456__2883  
    rptr_empty/g4457__2346  
    rptr_empty/g4458  
    rptr_empty/g4459  
    rptr_empty/g4460__1666  
    rptr_empty/g4461__7410  
    rptr_empty/g4462__6417  
    rptr_empty/g4463__5477  
    rptr_empty/g4464__2398  
    rptr_empty/g4465__5107  
    rptr_empty/g4466__6260  
    rptr_empty/g4467__4319  
    rptr_empty/g4480  
    rptr_empty/g4481  
    rptr_empty/g4482  
    rptr_empty/g4502__3680  
    rptr_empty/g75  
    rptr_empty/g76  
    rptr_empty/g63  
    rptr_empty/g65  
    rptr_empty/g64  
    rptr_empty/g62  
    rptr_empty/g15  
    rptr_empty/g51  
    rptr_empty/g53  
    rptr_empty/g85  
    rptr_empty/g87  
    rptr_empty/g86  
    rptr_empty/g23  
    rptr_empty/g25  
    rptr_empty/g4504  
    rptr_empty/g49  
    rptr_empty/g4514  
    rptr_empty/g50  
    rptr_empty/g6  
    rptr_empty/g66  
    rptr_empty/g68  
    rptr_empty/g67  
    rptr_empty/g3595_0__4516  
    sync_r2w/wq2_rptr_reg_7_  
    sync_r2w/wq2_rptr_reg_9_  
    sync_r2w/wq2_rptr_reg_10_  
    sync_r2w/wq2_rptr_reg_3_  
    sync_r2w/wq2_rptr_reg_2_  
    sync_r2w/wq2_rptr_reg_6_  
    sync_r2w/wq2_rptr_reg_1_  
    sync_r2w/wq2_rptr_reg_0_  
    sync_r2w/wq2_rptr_reg_8_  
    sync_r2w/wq2_rptr_reg_5_  
    sync_r2w/wq2_rptr_reg_4_  
    sync_r2w/wq1_rptr_reg_8_  
    sync_r2w/wq1_rptr_reg_7_  
    sync_r2w/wq1_rptr_reg_6_  
    sync_r2w/wq1_rptr_reg_9_  
    sync_r2w/wq1_rptr_reg_10_  
    sync_r2w/wq1_rptr_reg_5_  
    sync_r2w/wq1_rptr_reg_1_  
    sync_r2w/wq1_rptr_reg_3_  
    sync_r2w/wq1_rptr_reg_0_  
    sync_r2w/wq1_rptr_reg_2_  
    sync_r2w/wq1_rptr_reg_4_  
    sync_w2r/rq2_wptr_reg_7_  
    sync_w2r/rq2_wptr_reg_9_  
    sync_w2r/rq2_wptr_reg_10_  
    sync_w2r/rq2_wptr_reg_3_  
    sync_w2r/rq2_wptr_reg_2_  
    sync_w2r/rq2_wptr_reg_6_  
    sync_w2r/rq2_wptr_reg_1_  
    sync_w2r/rq2_wptr_reg_0_  
    sync_w2r/rq2_wptr_reg_8_  
    sync_w2r/rq2_wptr_reg_5_  
    sync_w2r/rq2_wptr_reg_4_  
    sync_w2r/rq1_wptr_reg_8_  
    sync_w2r/rq1_wptr_reg_7_  
    sync_w2r/rq1_wptr_reg_6_  
    sync_w2r/rq1_wptr_reg_9_  
    sync_w2r/rq1_wptr_reg_10_  
    sync_w2r/rq1_wptr_reg_5_  
    sync_w2r/rq1_wptr_reg_1_  
    sync_w2r/rq1_wptr_reg_3_  
    sync_w2r/rq1_wptr_reg_0_  
    sync_w2r/rq1_wptr_reg_2_  
    sync_w2r/rq1_wptr_reg_4_  
    wptr_full/wptr_reg_7_  
    wptr_full/wptr_reg_6_  
    wptr_full/wptr_reg_8_  
    wptr_full/wptr_reg_5_  
    wptr_full/wptr_reg_9_  
    wptr_full/wptr_reg_4_  
    wptr_full/wptr_reg_3_  
    wptr_full/g3727  
    wptr_full/wptr_reg_2_  
    wptr_full/wptr_reg_1_  
    wptr_full/g3731  
    wptr_full/g3732  
    wptr_full/wptr_reg_0_  
    wptr_full/g3738  
    wptr_full/g3742__1705  
    wptr_full/g3743  
    wptr_full/g3745__8246  
    wptr_full/g3747__7098  
    wptr_full/g3750  
    wptr_full/g3751  
    wptr_full/g3752__5115  
    wptr_full/g3758__9315  
    wptr_full/g3766  
    wptr_full/g3773  
    wptr_full/g3775__5107  
    wptr_full/g3776__6260  
    wptr_full/g3795__6783  
    wptr_full/fopt3800  
    wptr_full/g2__3680  
    wptr_full/g3812__5122  
    wptr_full/g3816__6131  
    wptr_full/g3818__1881  
    wptr_full/g3820__5115  
    wptr_full/g3822__7482  
    wptr_full/g3824__4733  
    wptr_full/wbin_reg_0_  
    wptr_full/wbin_reg_1_  
    wptr_full/wbin_reg_2_  
    wptr_full/wbin_reg_3_  
    wptr_full/wbin_reg_4_  
    wptr_full/wbin_reg_5_  
    wptr_full/wbin_reg_6_  
    wptr_full/wbin_reg_7_  
    wptr_full/wbin_reg_8_  
    wptr_full/wbin_reg_9_  
    wptr_full/wbin_reg_10_  
    wptr_full/wfull_reg  
    wptr_full/g4474__1666  
    wptr_full/g4475__7410  
    wptr_full/g4476__6417  
    wptr_full/g4477__5477  
    wptr_full/g4478__2398  
    wptr_full/g4479__5107  
    wptr_full/g4480__6260  
    wptr_full/g4481__4319  
    wptr_full/g4482__8428  
    wptr_full/g4483__5526  
    wptr_full/g4484__6783  
    wptr_full/g4485__3680  
    wptr_full/g4486__1617  
    wptr_full/g4488__1705  
    wptr_full/g4489__5122  
    wptr_full/g4490__8246  
    wptr_full/g4491__7098  
    wptr_full/g4493__6131  
    wptr_full/g4494__1881  
    wptr_full/g4495__5115  
    wptr_full/g4497__7482  
    wptr_full/g4498__4733  
    wptr_full/g4499__6161  
    wptr_full/g4500__9315  
    wptr_full/g4501__9945  
    wptr_full/g4502__2883  
    wptr_full/g4503__2346  
    wptr_full/g4504__1666  
    wptr_full/g4505__7410  
    wptr_full/g4506__6417  
    wptr_full/g4507__5477  
    wptr_full/g4508__2398  
    wptr_full/g4509__5107  
    wptr_full/g4510__6260  
    wptr_full/g4511__4319  
    wptr_full/g4512__8428  
    wptr_full/g4513  
    wptr_full/g4514  
    wptr_full/g4515__5526  
    wptr_full/g4516__6783  
    wptr_full/g4517__3680  
    wptr_full/g4518__1617  
    wptr_full/g4519__2802  
    wptr_full/g4520__1705  
    wptr_full/g4521__5122  
    wptr_full/g4522__8246  
    wptr_full/g4534  
    wptr_full/g4537  
    wptr_full/g4556__5115  
    wptr_full/g4558__7482  
    wptr_full/g49  
    wptr_full/g51  
    wptr_full/g50  
    wptr_full/g75  
    wptr_full/g76  
    wptr_full/g66  
    wptr_full/g65  
    wptr_full/g67  
    wptr_full/g64  
    wptr_full/g4561  
    wptr_full/g53  
    wptr_full/g52  
    wptr_full/g5  
    wptr_full/g6  
    wptr_full/g4563  
    wptr_full/g4564  
    wptr_full/g4566  
    wptr_full/g4567  
    wptr_full/g4568  
    wptr_full/g62  
    wptr_full/g4570  
    wptr_full/g4586  
    wptr_full/g4587  
    wptr_full/g4588  
    wptr_full/g4589  
    wptr_full/g4591  
    wptr_full/g4592  
    wptr_full/g4593  
    wptr_full/g68  
    wptr_full/g4594  
    wptr_full/g3794__4595  
    io_b_rclk  
    io_b_rinc  
    io_b_rrst_n  
    io_b_wclk  
    io_b_wclk2x  
    io_b_winc  
    io_b_wrst_n  
    io_l_rdata_0_  
    io_l_rdata_1_  
    io_l_rdata_2_  
    io_l_rdata_3_  
    io_l_rdata_4_  
    io_l_rdata_5_  
    io_l_rdata_6_  
    io_l_rdata_7_  
    io_r_wdata_in_0_  
    io_r_wdata_in_1_  
    io_r_wdata_in_2_  
    io_r_wdata_in_3_  
    io_r_wdata_in_4_  
    io_r_wdata_in_5_  
    io_r_wdata_in_6_  
    io_r_wdata_in_7_  
    io_t_rempty  
    io_t_wfull  
    wdata_reg_6_  
    wdata_reg_0_  
    wdata_reg_4_  
    wdata_reg_7_  
    wdata_reg_3_  
    wdata_reg_1_  
    wdata_reg_5_  
    wdata_reg_2_  
    Number of Non-uniquified instances in the design  372  

==============================
Power Ground Nets
==============================
VSS : Unrouted   
VDD : Unrouted   

==============================
Power/Ground Pin Connectivity
==============================
    ------------------------------
    Floating Power Ground pins
    ------------------------------
    Term  Instance  
    VDDIO  io_t_wfull  
    VSSIO  io_t_wfull  
    VDDIO  io_t_rempty  
    VSSIO  io_t_rempty  
    VDDIO  io_r_wdata_in_7_  
    VSSIO  io_r_wdata_in_7_  
    VDDIO  io_r_wdata_in_6_  
    VSSIO  io_r_wdata_in_6_  
    VDDIO  io_r_wdata_in_5_  
    VSSIO  io_r_wdata_in_5_  
    VDDIO  io_r_wdata_in_4_  
    VSSIO  io_r_wdata_in_4_  
    VDDIO  io_r_wdata_in_3_  
    VSSIO  io_r_wdata_in_3_  
    VDDIO  io_r_wdata_in_2_  
    VSSIO  io_r_wdata_in_2_  
    VDDIO  io_r_wdata_in_1_  
    VSSIO  io_r_wdata_in_1_  
    VDDIO  io_r_wdata_in_0_  
    VSSIO  io_r_wdata_in_0_  
    VDDIO  io_l_rdata_7_  
    VSSIO  io_l_rdata_7_  
    VDDIO  io_l_rdata_6_  
    VSSIO  io_l_rdata_6_  
    VDDIO  io_l_rdata_5_  
    VSSIO  io_l_rdata_5_  
    VDDIO  io_l_rdata_4_  
    VSSIO  io_l_rdata_4_  
    VDDIO  io_l_rdata_3_  
    VSSIO  io_l_rdata_3_  
    VDDIO  io_l_rdata_2_  
    VSSIO  io_l_rdata_2_  
    VDDIO  io_l_rdata_1_  
    VSSIO  io_l_rdata_1_  
    VDDIO  io_l_rdata_0_  
    VSSIO  io_l_rdata_0_  
    VDDIO  io_b_wrst_n  
    VSSIO  io_b_wrst_n  
    VDDIO  io_b_winc  
    VSSIO  io_b_winc  
    VDDIO  io_b_wclk2x  
    VSSIO  io_b_wclk2x  
    VDDIO  io_b_wclk  
    VSSIO  io_b_wclk  
    VDDIO  io_b_rrst_n  
    VSSIO  io_b_rrst_n  
    VDDIO  io_b_rinc  
    VSSIO  io_b_rinc  
    VDDIO  io_b_rclk  
    VSSIO  io_b_rclk  
    Floating Power Ground terms  50  
    Power/Ground pins connected to non Power/Ground net  0  
    Power pin connected to Ground net  0  
    Ground pin connected to Power net  0  
        1) Number of error=0 & warning=50.
