============================================================
  Generated by:           Genus(TM) Synthesis Solution 19.12-s121_1
  Generated on:           Mar 12 2023  10:29:00 pm
  Module:                 ExampleRocketSystem
  Operating conditions:   ss0p75v125c (best_case_tree)
  Wireload mode:          enclosed
  Area mode:              timing library
============================================================


Path 1: MET (536 ps) Setup Check with Pin fbus/coupler_from_port_named_slave_port_axi4/axi4frag/_T_257_reg_8_/CLK->SETB
          Group: INPUTS
     Startpoint: (R) l2_frontend_bus_axi4_0_aw_bits_burst[1]
          Clock: (R) clock
       Endpoint: (F) fbus/coupler_from_port_named_slave_port_axi4/axi4frag/_T_257_reg_8_/SETB
          Clock: (R) clock

                     Capture       Launch     
        Clock Edge:+    3500            0     
        Drv Adjust:+       0            0     
       Src Latency:+     900          900     
       Net Latency:+       0 (I)        0 (I) 
           Arrival:=    4400          900     
                                              
             Setup:-     160                  
       Uncertainty:-     160                  
     Required Time:=    4080                  
      Launch Clock:-     900                  
       Input Delay:-       2                  
         Data Path:-    2643                  
             Slack:=     536                  

Exceptions/Constraints:
  input_delay              2              in_del_1208_1 

#------------------------------------------------------------------------------------------------------------------------
# Delay Arrival Trans Fanout Load     Cell                                   Timing Point                                
#  (ps)   (ps)   (ps)        (fF)                                                                                        
#------------------------------------------------------------------------------------------------------------------------
      0     902     0      2  1.0  (arrival)    l2_frontend_bus_axi4_0_aw_bits_burst[1]                                  
     82     983    42      3  1.7  AO22X1_RVT   fbus/coupler_from_port_named_slave_port_axi4/axi4frag/Queue_1/g1555/Y    
     74    1057    28      1  0.5  OA21X1_RVT   fbus/coupler_from_port_named_slave_port_axi4/axi4frag/g11090/Y           
     46    1103    50      2  1.3  NAND2X0_RVT  fbus/coupler_from_port_named_slave_port_axi4/axi4frag/g11067/Y           
     81    1184    40      2  1.3  OR3X1_LVT    fbus/coupler_from_port_named_slave_port_axi4/axi4frag/g11058/Y           
     77    1261    38      2  1.2  OR3X1_LVT    fbus/coupler_from_port_named_slave_port_axi4/axi4frag/g11022/Y           
    135    1396    28      3  1.6  OR4X1_LVT    fbus/coupler_from_port_named_slave_port_axi4/axi4frag/g13554/Y           
    137    1533    34      4  2.4  OR4X1_LVT    fbus/coupler_from_port_named_slave_port_axi4/axi4frag/g13552/Y           
     46    1579    47      5  4.2  INVX1_RVT    fbus/coupler_from_port_named_slave_port_axi4/axi4frag/g9857/Y            
     93    1672    41      3  1.7  AO22X1_RVT   fbus/coupler_from_port_named_slave_port_axi4/axi42tl/g10250/Y            
     87    1759    37      2  1.2  AO22X1_RVT   fbus/coupler_from_port_named_slave_port_axi4/axi42tl/g10211/Y            
     49    1808    61      3  1.5  NAND2X0_RVT  fbus/coupler_from_port_named_slave_port_axi4/axi42tl/g10186/Y            
     64    1871    54      2  1.1  NAND2X0_RVT  fbus/coupler_from_port_named_slave_port_axi4/axi42tl/g10055/Y            
     72    1944    33      2  1.2  OA21X1_RVT   fbus/coupler_from_port_named_slave_port_axi4/axi42tl/g10029/Y            
     79    2022    94      3  1.6  NAND4X0_RVT  fbus/coupler_from_port_named_slave_port_axi4/axi42tl/g10007/Y            
     86    2108    34      2  1.2  OR2X1_RVT    fbus/coupler_from_port_named_slave_port_axi4/axi42tl/g10002/Y            
     58    2166    33      1  0.6  OR2X1_RVT    fbus/coupler_from_port_named_slave_port_axi4/axi42tl/g2/Y                
     70    2236    29      1  0.6  AO21X1_RVT   fbus/coupler_from_port_named_slave_port_axi4/axi42tl/g9985/Y             
     39    2275    53      2  1.2  NAND3X0_RVT  fbus/coupler_from_port_named_slave_port_axi4/axi42tl/g9979/Y             
    124    2399   106     28 14.0  AND2X2_LVT   fbus/coupler_from_port_named_slave_port_axi4/axi42tl/g9969/Y             
    131    2530    68      8  4.9  AO22X1_RVT   fbus/coupler_from_port_named_slave_port_axi4/axi42tl/g9965/Y             
     29    2559    39      2  1.2  INVX1_RVT    fbus/coupler_from_port_named_slave_port_axi4/fixer/g7330/Y               
    122    2681    27      2  1.2  OAI221X1_RVT fbus/coupler_from_port_named_slave_port_axi4/fixer/g7307/Y               
     79    2760    36      2  1.2  AO21X1_RVT   fbus/coupler_from_port_named_slave_port_axi4/fixer/g7302/Y               
     55    2815    67      2  1.2  NAND3X0_RVT  fbus/coupler_from_port_named_slave_port_axi4/fixer/g7297/Y               
    101    2916    54      7  4.0  AND2X1_LVT   fbus/coupler_from_port_named_slave_port_axi4/fixer/g7295/Y               
     77    2993    32      2  1.1  AND3X1_RVT   fbus/coupler_from_port_named_slave_port_axi4/axi42tl/g10304/Y            
     48    3041    49      2  1.2  NAND2X0_RVT  fbus/coupler_from_port_named_slave_port_axi4/axi4frag/g13509/Y           
     84    3125    29      3  1.8  NOR2X0_RVT   fbus/coupler_from_port_named_slave_port_axi4/axi4frag/g13464/Y           
     58    3184    31      3  1.8  AND2X1_RVT   fbus/coupler_from_port_named_slave_port_axi4/axi4frag/g13352/Y           
     59    3243    31      3  1.8  AND2X1_RVT   fbus/coupler_from_port_named_slave_port_axi4/axi4frag/g13239/Y           
     59    3302    31      3  1.8  AND2X1_RVT   fbus/coupler_from_port_named_slave_port_axi4/axi4frag/g13192/Y           
     61    3363    32      3  2.0  AND2X1_RVT   fbus/coupler_from_port_named_slave_port_axi4/axi4frag/g13168/Y           
     72    3435    38      3  1.8  AND3X1_RVT   fbus/coupler_from_port_named_slave_port_axi4/axi4frag/g13161/Y           
     62    3497    31      3  1.8  AND2X1_RVT   fbus/coupler_from_port_named_slave_port_axi4/axi4frag/g13156/Y           
     48    3545    20      1  0.5  OR2X1_RVT    fbus/coupler_from_port_named_slave_port_axi4/axi4frag/g13145/Y           
      0    3545     -      1    -  DFFSSRX1_RVT fbus/coupler_from_port_named_slave_port_axi4/axi4frag/_T_257_reg_8_/SETB 
#------------------------------------------------------------------------------------------------------------------------

