============================================================
  Generated by:           Genus(TM) Synthesis Solution 19.12-s121_1
  Generated on:           Mar 12 2023  10:29:17 pm
  Module:                 ExampleRocketSystem
  Operating conditions:   ss0p75v125c (best_case_tree)
  Wireload mode:          enclosed
  Area mode:              timing library
============================================================


Path 1: MET (1713 ps) Late External Delay Assertion at pin mem_axi4_0_b_ready
          Group: OUTPUTS
     Startpoint: (R) sbus/coupler_to_port_named_mmio_port_axi4/axi4deint/Queue/value_1_reg_0_/CLK
          Clock: (R) clock
       Endpoint: (F) mem_axi4_0_b_ready
          Clock: (R) clock

                     Capture       Launch     
        Clock Edge:+    3500            0     
       Src Latency:+     900          900     
       Net Latency:+       0 (I)        0 (I) 
           Arrival:=    4400          900     
                                              
      Output Delay:-       2                  
       Uncertainty:-     160                  
     Required Time:=    4238                  
      Launch Clock:-     900                  
         Data Path:-    1626                  
             Slack:=    1713                  

Exceptions/Constraints:
  output_delay              2              ou_del_1537_1 

#----------------------------------------------------------------------------------------------------------------------------
# Delay Arrival Trans Fanout Load     Cell                                     Timing Point                                  
#  (ps)   (ps)   (ps)        (fF)                                                                                            
#----------------------------------------------------------------------------------------------------------------------------
      -     900   130  25255    -  (arrival)    sbus/coupler_to_port_named_mmio_port_axi4/axi4deint/Queue/value_1_reg_0_/CLK 
    202    1102    50      6  3.9  DFFSSRX1_RVT sbus/coupler_to_port_named_mmio_port_axi4/axi4deint/Queue/value_1_reg_0_/Q   
     46    1148    58      2  1.3  NAND2X0_LVT  sbus/coupler_to_port_named_mmio_port_axi4/axi4deint/Queue/g8607/Y            
     32    1180    32      1  0.5  INVX0_RVT    sbus/coupler_to_port_named_mmio_port_axi4/axi4deint/Queue/g8605/Y            
    107    1287   148      1  5.3  NAND2X0_LVT  sbus/coupler_to_port_named_mmio_port_axi4/axi4deint/Queue/g8599/Y            
     94    1380    99     79 47.4  INVX8_RVT    sbus/coupler_to_port_named_mmio_port_axi4/axi4deint/Queue/g8591/Y            
     77    1458    34      1  0.6  AO22X1_RVT   sbus/coupler_to_port_named_mmio_port_axi4/axi4deint/Queue/g8481/Y            
     77    1535    39      1  0.7  AO221X1_RVT  sbus/coupler_to_port_named_mmio_port_axi4/axi4deint/Queue/g8279/Y            
     67    1602    34      1  0.5  OR3X1_LVT    sbus/coupler_to_port_named_mmio_port_axi4/axi4deint/Queue/g8202/Y            
    106    1708    46      1  0.6  AO222X1_RVT  sbus/coupler_to_port_named_mmio_port_axi4/axi4deint/g7361/Y                  
     81    1789    38      1  0.6  AO221X1_RVT  sbus/coupler_to_port_named_mmio_port_axi4/axi4deint/g7286/Y                  
     65    1855    33      1  0.8  AO22X1_RVT   sbus/coupler_to_port_named_mmio_port_axi4/tl2axi4/g2631/Y                    
     28    1883    29      3  1.7  INVX1_RVT    sbus/system_bus_xbar/g20172/Y                                                
     89    1972    30      3  1.8  NOR3X0_RVT   sbus/system_bus_xbar/g2/Y                                                    
     52    2024    64      2  1.1  NAND3X0_RVT  sbus/system_bus_xbar/g20054/Y                                                
     69    2093    27      2  1.0  AND2X1_RVT   sbus/system_bus_xbar/g23816/Y                                                
     80    2172    37      1  0.5  MUX21X1_RVT  sbus/system_bus_xbar/g19037/Y                                                
     41    2213    62      1  0.6  NAND2X0_RVT  sbus/system_bus_xbar/g19036/Y                                                
    112    2325    45      7  3.9  OAI22X1_RVT  sbus/system_bus_xbar/g19034/Y                                                
     56    2381    52      2  1.3  NAND2X0_RVT  bh/g12472/Y                                                                  
     72    2454    87      6  2.7  NAND2X0_RVT  bh/g12471/Y                                                                  
     72    2526    28      2  0.5  AND2X1_RVT   mbus/coupler_to_memory_controller_named_axi4/tl2axi4/g1376/Y                 
      0    2526     -      -    -  (port)       mem_axi4_0_b_ready                                                           
#----------------------------------------------------------------------------------------------------------------------------

