============================================================
  Generated by:           Genus(TM) Synthesis Solution 19.12-s121_1
  Generated on:           Mar 05 2023  06:33:24 pm
  Module:                 fifo1_sram
  Operating conditions:   _nominal_ 
  Interconnect mode:      spatial
  Area mode:              physical library
============================================================


Path 1: MET (281 ps) Late External Delay Assertion at pin wfull
          Group: OUTPUTS
     Startpoint: (R) wptr_full/wfull_reg/CLK
          Clock: (R) wclk
       Endpoint: (F) wfull
          Clock: (R) wclk

                     Capture       Launch     
        Clock Edge:+    1800            0     
       Src Latency:+       0            0     
       Net Latency:+     100 (I)      100 (I) 
           Arrival:=    1900          100     
                                              
      Output Delay:-    -300                  
       Uncertainty:-     160                  
     Required Time:=    2040                  
      Launch Clock:-     100                  
         Data Path:-    1659                  
             Slack:=     281                  

Exceptions/Constraints:
  output_delay             -300            ou_del_18_1 

#------------------------------------------------------------------------
# Delay Arrival Trans Fanout  Load     Cell           Timing Point       
#  (ps)   (ps)   (ps)         (fF)                                       
#------------------------------------------------------------------------
      -     100   400     52      -  (arrival)   wptr_full/wfull_reg/CLK 
    199     299    61      2    4.2  DFFARX1_RVT wptr_full/wfull_reg/QN  
     62     360    69      4   30.9  INVX4_RVT   wptr_full/g5239/Y       
   1398    1759   887      1 1437.7  D8I1025_NS  io_t_wfull/PADIO        
      0    1759     -      -      -  (port)      wfull                   
#------------------------------------------------------------------------

(P) : Instance is preserved

